<?xml version="1.0" encoding="UTF-8"?>
<robot generator="Robot 7.4.2 (Python 3.14.3 on win32)" generated="2026-04-09T10:10:08.125890" rpa="false" schemaversion="5">
<suite id="s1" name="Produtos" source="C:\Users\JuanCastroMendoncaDe\Documents\Fase 2\Challenge - RobotFramework\Challenge---RobotFramework\tests\produtos.robot">
<test id="s1-t1" name="TP-09 - Alterar Produto Válido" line="66">
<kw name="Fazer login com o email &quot;${EMAIL_ADMIN}&quot; e a senha &quot;${SENHA_ADMIN}&quot;" owner="ServeRest" type="SETUP" source_name="Fazer login com o email &quot;${EMAIL}&quot; e a senha &quot;${PASSWORD}&quot;">
<kw name="Create Dictionary" owner="BuiltIn">
<msg time="2026-04-09T10:10:08.597736" level="INFO">${body} = {'email': 'fulano@qa.com', 'password': 'teste'}</msg>
<var>${body}</var>
<arg>email=${EMAIL}</arg>
<arg>password=${PASSWORD}</arg>
<doc>Creates and returns a dictionary based on the given ``items``.</doc>
<status status="PASS" start="2026-04-09T10:10:08.597297" elapsed="0.000473"/>
</kw>
<kw name="POST" owner="RequestsLibrary">
<msg time="2026-04-09T10:10:09.094633" level="INFO">POST Request : url=https://compassuol.serverest.dev/login 
 path_url=/login 
 headers={'User-Agent': 'python-requests/2.32.5', 'Accept-Encoding': 'gzip, deflate, zstd', 'Accept': '*/*', 'Connection': 'keep-alive', 'Content-Length': '47', 'Content-Type': 'application/json'} 
 body=b'{"email": "fulano@qa.com", "password": "teste"}' 
 </msg>
<msg time="2026-04-09T10:10:09.094912" level="INFO">POST Response : url=https://compassuol.serverest.dev/login 
 status=200, reason=OK 
 headers={'access-control-allow-origin': '*', 'x-dns-prefetch-control': 'off', 'x-frame-options': 'SAMEORIGIN', 'strict-transport-security': 'max-age=15552000; includeSubDomains', 'x-download-options': 'noopen', 'x-content-type-options': 'nosniff', 'x-xss-protection': '1; mode=block', 'content-type': 'application/json; charset=utf-8', 'x-cloud-trace-context': 'ff9f281c6ec42d1d9d606548d6ede468;o=1', 'date': 'Thu, 09 Apr 2026 13:10:27 GMT', 'server': 'Google Frontend', 'Content-Length': '265'} 
 body={
    "message": "Login realizado com sucesso",
    "authorization": "Bearer eyJhbGciOiJIUzI1NiIsInR5cCI6IkpXVCJ9.eyJlbWFpbCI6ImZ1bGFub0BxYS5jb20iLCJwYXNzd29yZCI6InRlc3RlIiwiaWF0IjoxNzc1NzQwMjI3LCJleHAiOjE3NzU3NDA4Mjd9.h93EaChiXOPpZCq1yAtOxubHCVzp0zqgQSoYfXQGT3A"
} 
 </msg>
<msg time="2026-04-09T10:10:09.095102" level="INFO">${login_response} = &lt;Response [200]&gt;</msg>
<var>${login_response}</var>
<arg>url=${URL}/login</arg>
<arg>json=${body}</arg>
<arg>expected_status=200</arg>
<doc>Sends a POST request.</doc>
<status status="PASS" start="2026-04-09T10:10:08.597902" elapsed="0.497235"/>
</kw>
<kw name="Set Variable" owner="BuiltIn">
<msg time="2026-04-09T10:10:09.096068" level="INFO">${login_response_json} = {'message': 'Login realizado com sucesso', 'authorization': 'Bearer eyJhbGciOiJIUzI1NiIsInR5cCI6IkpXVCJ9.eyJlbWFpbCI6ImZ1bGFub0BxYS5jb20iLCJwYXNzd29yZCI6InRlc3RlIiwiaWF0IjoxNzc1NzQwMjI3LCJleHAiOjE3NzU...</msg>
<var>${login_response_json}</var>
<arg>${login_response.json()}</arg>
<doc>Returns the given values which can then be assigned to a variables.</doc>
<status status="PASS" start="2026-04-09T10:10:09.095371" elapsed="0.000744"/>
</kw>
<kw name="Set Test Variable" owner="BuiltIn">
<msg time="2026-04-09T10:10:09.097018" level="INFO">${TOKEN} = Bearer eyJhbGciOiJIUzI1NiIsInR5cCI6IkpXVCJ9.eyJlbWFpbCI6ImZ1bGFub0BxYS5jb20iLCJwYXNzd29yZCI6InRlc3RlIiwiaWF0IjoxNzc1NzQwMjI3LCJleHAiOjE3NzU3NDA4Mjd9.h93EaChiXOPpZCq1yAtOxubHCVzp0zqgQSoYfXQGT3A</msg>
<arg>${TOKEN}</arg>
<arg>${login_response_json["authorization"]}</arg>
<doc>Makes a variable available everywhere within the scope of the current test.</doc>
<status status="PASS" start="2026-04-09T10:10:09.096260" elapsed="0.000788"/>
</kw>
<variable name="${TOKEN}" scope="TEST">
<msg time="2026-04-09T10:10:09.097312" level="INFO">${TOKEN} = eyJhbGciOiJIUzI1NiIsInR5cCI6IkpXVCJ9.eyJlbWFpbCI6ImZ1bGFub0BxYS5jb20iLCJwYXNzd29yZCI6InRlc3RlIiwiaWF0IjoxNzc1NzQwMjI3LCJleHAiOjE3NzU3NDA4Mjd9.h93EaChiXOPpZCq1yAtOxubHCVzp0zqgQSoYfXQGT3A</msg>
<var>${TOKEN.replace("Bearer","").replace(" ","")}</var>
<status status="PASS" start="2026-04-09T10:10:09.097092" elapsed="0.000237"/>
</variable>
<status status="PASS" start="2026-04-09T10:10:08.596498" elapsed="0.500891"/>
</kw>
<kw name="Cadastrar Novo Produto" owner="ServeRest">
<kw name="Create Dictionary" owner="BuiltIn">
<msg time="2026-04-09T10:10:09.099698" level="INFO">&amp;{headers} = { Authorization=Bearer eyJhbGciOiJIUzI1NiIsInR5cCI6IkpXVCJ9.eyJlbWFpbCI6ImZ1bGFub0BxYS5jb20iLCJwYXNzd29yZCI6InRlc3RlIiwiaWF0IjoxNzc1NzQwMjI3LCJleHAiOjE3NzU3NDA4Mjd9.h93EaChiXOPpZCq1yAtOxubHCVzp0zqgQSo...</msg>
<var>&amp;{headers}</var>
<arg>Authorization=Bearer ${TOKEN}</arg>
<arg>Content-Type=application/json</arg>
<doc>Creates and returns a dictionary based on the given ``items``.</doc>
<status status="PASS" start="2026-04-09T10:10:09.099039" elapsed="0.000708"/>
</kw>
<kw name="Word" owner="FakerLibrary">
<msg time="2026-04-09T10:10:09.100161" level="INFO">${nome} = safe</msg>
<var>${nome}</var>
<doc>Generate a word.</doc>
<status status="PASS" start="2026-04-09T10:10:09.099931" elapsed="0.000263"/>
</kw>
<kw name="Create Dictionary" owner="BuiltIn">
<msg time="2026-04-09T10:10:09.100714" level="INFO">${body} = {'nome': 'safe', 'preco': '2500', 'descricao': 'eletrônicos', 'quantidade': '201'}</msg>
<var>${body}</var>
<arg>nome=${nome}</arg>
<arg>preco=${preco}</arg>
<arg>descricao=${descricao}</arg>
<arg>quantidade=${quantidade}</arg>
<doc>Creates and returns a dictionary based on the given ``items``.</doc>
<status status="PASS" start="2026-04-09T10:10:09.100318" elapsed="0.000424"/>
</kw>
<kw name="POST" owner="RequestsLibrary">
<msg time="2026-04-09T10:10:09.505673" level="INFO">POST Request : url=https://compassuol.serverest.dev/produtos 
 path_url=/produtos 
 headers={'User-Agent': 'python-requests/2.32.5', 'Accept-Encoding': 'gzip, deflate, zstd', 'Accept': '*/*', 'Connection': 'keep-alive', 'Authorization': 'Bearer eyJhbGciOiJIUzI1NiIsInR5cCI6IkpXVCJ9.eyJlbWFpbCI6ImZ1bGFub0BxYS5jb20iLCJwYXNzd29yZCI6InRlc3RlIiwiaWF0IjoxNzc1NzQwMjI3LCJleHAiOjE3NzU3NDA4Mjd9.h93EaChiXOPpZCq1yAtOxubHCVzp0zqgQSoYfXQGT3A', 'Content-Type': 'application/json', 'Content-Length': '87'} 
 body=b'{"nome": "safe", "preco": "2500", "descricao": "eletr\\u00f4nicos", "quantidade": "201"}' 
 </msg>
<msg time="2026-04-09T10:10:09.505809" level="INFO">POST Response : url=https://compassuol.serverest.dev/produtos 
 status=201, reason=Created 
 headers={'access-control-allow-origin': '*', 'x-dns-prefetch-control': 'off', 'x-frame-options': 'SAMEORIGIN', 'strict-transport-security': 'max-age=15552000; includeSubDomains', 'x-download-options': 'noopen', 'x-content-type-options': 'nosniff', 'x-xss-protection': '1; mode=block', 'content-type': 'application/json; charset=utf-8', 'x-cloud-trace-context': 'ea0b5fbe7cc8171f9d606548d6ededda', 'date': 'Thu, 09 Apr 2026 13:10:28 GMT', 'server': 'Google Frontend', 'Content-Length': '82'} 
 body={
    "message": "Cadastro realizado com sucesso",
    "_id": "xui49TKYmJ06wZLk"
} 
 </msg>
<msg time="2026-04-09T10:10:09.506012" level="INFO">${response} = &lt;Response [201]&gt;</msg>
<var>${response}</var>
<arg>url=${URL}/produtos</arg>
<arg>json=${body}</arg>
<arg>expected_status=201</arg>
<arg>headers=&amp;{headers}</arg>
<doc>Sends a POST request.</doc>
<status status="PASS" start="2026-04-09T10:10:09.100826" elapsed="0.405219"/>
</kw>
<variable name="${ID_PRODUTO}" scope="TEST">
<msg time="2026-04-09T10:10:09.506666" level="INFO">${ID_PRODUTO} = xui49TKYmJ06wZLk</msg>
<var>${response.json()["_id"]}</var>
<status status="PASS" start="2026-04-09T10:10:09.506161" elapsed="0.000533"/>
</variable>
<variable name="${QUANTIDADE_PRODUTO}" scope="TEST">
<msg time="2026-04-09T10:10:09.506858" level="INFO">${QUANTIDADE_PRODUTO} = 201</msg>
<var>${quantidade}</var>
<status status="PASS" start="2026-04-09T10:10:09.506759" elapsed="0.000125"/>
</variable>
<variable name="${RESPONSE_PRODUTO}" scope="TEST">
<msg time="2026-04-09T10:10:09.507004" level="INFO">${RESPONSE_PRODUTO} = &lt;Response [201]&gt;</msg>
<var>${response}</var>
<status status="PASS" start="2026-04-09T10:10:09.506924" elapsed="0.000115"/>
</variable>
<variable name="${NOME_PRODUTO}" scope="TEST">
<msg time="2026-04-09T10:10:09.507149" level="INFO">${NOME_PRODUTO} = safe</msg>
<var>${nome}</var>
<status status="PASS" start="2026-04-09T10:10:09.507077" elapsed="0.000089"/>
</variable>
<variable name="${PRECO_PRODUTO}" scope="TEST">
<msg time="2026-04-09T10:10:09.507267" level="INFO">${PRECO_PRODUTO} = 2500</msg>
<var>${preco}</var>
<status status="PASS" start="2026-04-09T10:10:09.507201" elapsed="0.000083"/>
</variable>
<variable name="${DESCRICAO_PRODUTO}" scope="TEST">
<msg time="2026-04-09T10:10:09.507425" level="INFO">${DESCRICAO_PRODUTO} = eletrônicos</msg>
<var>${descricao}</var>
<status status="PASS" start="2026-04-09T10:10:09.507317" elapsed="0.000139"/>
</variable>
<arg>2500</arg>
<arg>eletrônicos</arg>
<arg>201</arg>
<status status="PASS" start="2026-04-09T10:10:09.098319" elapsed="0.409218"/>
</kw>
<kw name="Alterar Produto" owner="ServeRest">
<kw name="Create Dictionary" owner="BuiltIn">
<msg time="2026-04-09T10:10:09.509502" level="INFO">&amp;{headers} = { Authorization=Bearer eyJhbGciOiJIUzI1NiIsInR5cCI6IkpXVCJ9.eyJlbWFpbCI6ImZ1bGFub0BxYS5jb20iLCJwYXNzd29yZCI6InRlc3RlIiwiaWF0IjoxNzc1NzQwMjI3LCJleHAiOjE3NzU3NDA4Mjd9.h93EaChiXOPpZCq1yAtOxubHCVzp0zqgQSo...</msg>
<var>&amp;{headers}</var>
<arg>Authorization=Bearer ${TOKEN}</arg>
<arg>Content-Type=application/json</arg>
<doc>Creates and returns a dictionary based on the given ``items``.</doc>
<status status="PASS" start="2026-04-09T10:10:09.509015" elapsed="0.000520"/>
</kw>
<kw name="Word" owner="FakerLibrary">
<msg time="2026-04-09T10:10:09.509830" level="INFO">${nome} = get</msg>
<var>${nome}</var>
<doc>Generate a word.</doc>
<status status="PASS" start="2026-04-09T10:10:09.509648" elapsed="0.000207"/>
</kw>
<kw name="Create Dictionary" owner="BuiltIn">
<msg time="2026-04-09T10:10:09.510354" level="INFO">${body} = {'nome': 'get', 'preco': '1800', 'descricao': 'eletrônicos', 'quantidade': '150'}</msg>
<var>${body}</var>
<arg>nome=${nome}</arg>
<arg>preco=${preco}</arg>
<arg>descricao=${descricao}</arg>
<arg>quantidade=${quantidade}</arg>
<doc>Creates and returns a dictionary based on the given ``items``.</doc>
<status status="PASS" start="2026-04-09T10:10:09.509987" elapsed="0.000389"/>
</kw>
<kw name="PUT" owner="RequestsLibrary">
<msg time="2026-04-09T10:10:09.931945" level="INFO">PUT Request : url=https://compassuol.serverest.dev/produtos/xui49TKYmJ06wZLk 
 path_url=/produtos/xui49TKYmJ06wZLk 
 headers={'User-Agent': 'python-requests/2.32.5', 'Accept-Encoding': 'gzip, deflate, zstd', 'Accept': '*/*', 'Connection': 'keep-alive', 'Authorization': 'Bearer eyJhbGciOiJIUzI1NiIsInR5cCI6IkpXVCJ9.eyJlbWFpbCI6ImZ1bGFub0BxYS5jb20iLCJwYXNzd29yZCI6InRlc3RlIiwiaWF0IjoxNzc1NzQwMjI3LCJleHAiOjE3NzU3NDA4Mjd9.h93EaChiXOPpZCq1yAtOxubHCVzp0zqgQSoYfXQGT3A', 'Content-Type': 'application/json', 'Content-Length': '86'} 
 body=b'{"nome": "get", "preco": "1800", "descricao": "eletr\\u00f4nicos", "quantidade": "150"}' 
 </msg>
<msg time="2026-04-09T10:10:09.932160" level="INFO">PUT Response : url=https://compassuol.serverest.dev/produtos/xui49TKYmJ06wZLk 
 status=200, reason=OK 
 headers={'access-control-allow-origin': '*', 'x-dns-prefetch-control': 'off', 'x-frame-options': 'SAMEORIGIN', 'strict-transport-security': 'max-age=15552000; includeSubDomains', 'x-download-options': 'noopen', 'x-content-type-options': 'nosniff', 'x-xss-protection': '1; mode=block', 'content-type': 'application/json; charset=utf-8', 'x-cloud-trace-context': 'b8cc658ca2b35db49d606548d6edebc4', 'date': 'Thu, 09 Apr 2026 13:10:28 GMT', 'server': 'Google Frontend', 'Content-Length': '50'} 
 body={
    "message": "Registro alterado com sucesso"
} 
 </msg>
<msg time="2026-04-09T10:10:09.932581" level="INFO">${response} = &lt;Response [200]&gt;</msg>
<var>${response}</var>
<arg>url=${URL}/produtos/${ID_PRODUTO}</arg>
<arg>json=${body}</arg>
<arg>expected_status=${status_esperado}</arg>
<arg>headers=&amp;{headers}</arg>
<doc>Sends a PUT request.</doc>
<status status="PASS" start="2026-04-09T10:10:09.510448" elapsed="0.422205"/>
</kw>
<variable name="${RESPONSE_PRODUTO}" scope="TEST">
<msg time="2026-04-09T10:10:09.933148" level="INFO">${RESPONSE_PRODUTO} = &lt;Response [200]&gt;</msg>
<var>${response}</var>
<status status="PASS" start="2026-04-09T10:10:09.932851" elapsed="0.000359"/>
</variable>
<variable name="${NOME_PRODUTO}" scope="TEST">
<msg time="2026-04-09T10:10:09.933847" level="INFO">${NOME_PRODUTO} = get</msg>
<var>${nome}</var>
<status status="PASS" start="2026-04-09T10:10:09.933341" elapsed="0.000596"/>
</variable>
<variable name="${PRECO_PRODUTO}" scope="TEST">
<msg time="2026-04-09T10:10:09.934344" level="INFO">${PRECO_PRODUTO} = 1800</msg>
<var>${preco}</var>
<status status="PASS" start="2026-04-09T10:10:09.934092" elapsed="0.000307"/>
</variable>
<variable name="${DESCRICAO_PRODUTO}" scope="TEST">
<msg time="2026-04-09T10:10:09.934845" level="INFO">${DESCRICAO_PRODUTO} = eletrônicos</msg>
<var>${descricao}</var>
<status status="PASS" start="2026-04-09T10:10:09.934638" elapsed="0.000259"/>
</variable>
<variable name="${QUANTIDADE_PRODUTO}" scope="TEST">
<msg time="2026-04-09T10:10:09.935177" level="INFO">${QUANTIDADE_PRODUTO} = 150</msg>
<var>${quantidade}</var>
<status status="PASS" start="2026-04-09T10:10:09.934987" elapsed="0.000235"/>
</variable>
<arg>1800</arg>
<arg>eletrônicos</arg>
<arg>150</arg>
<arg>200</arg>
<status status="PASS" start="2026-04-09T10:10:09.508313" elapsed="0.427039"/>
</kw>
<kw name="Verificar JSON Da Response Do Produto" owner="ServeRest">
<kw name="GET" owner="RequestsLibrary">
<msg time="2026-04-09T10:10:10.385607" level="INFO">GET Request : url=https://compassuol.serverest.dev/produtos/xui49TKYmJ06wZLk 
 path_url=/produtos/xui49TKYmJ06wZLk 
 headers={'User-Agent': 'python-requests/2.32.5', 'Accept-Encoding': 'gzip, deflate, zstd', 'Accept': '*/*', 'Connection': 'keep-alive'} 
 body=None 
 </msg>
<msg time="2026-04-09T10:10:10.385835" level="INFO">GET Response : url=https://compassuol.serverest.dev/produtos/xui49TKYmJ06wZLk 
 status=200, reason=OK 
 headers={'access-control-allow-origin': '*', 'x-dns-prefetch-control': 'off', 'x-frame-options': 'SAMEORIGIN', 'strict-transport-security': 'max-age=15552000; includeSubDomains', 'x-download-options': 'noopen', 'x-content-type-options': 'nosniff', 'x-xss-protection': '1; mode=block', 'content-type': 'application/json; charset=utf-8', 'x-cloud-trace-context': 'bc844ac0d861dfbf9d606548d6ede4af', 'date': 'Thu, 09 Apr 2026 13:10:28 GMT', 'server': 'Google Frontend', 'Content-Length': '127'} 
 body={
    "nome": "get",
    "preco": 1800,
    "descricao": "eletrônicos",
    "quantidade": 150,
    "_id": "xui49TKYmJ06wZLk"
} 
 </msg>
<msg time="2026-04-09T10:10:10.386118" level="INFO">${produto} = &lt;Response [200]&gt;</msg>
<var>${produto}</var>
<arg>url=${URL}/produtos/${ID_PRODUTO}</arg>
<arg>expected_status=200</arg>
<doc>Sends a GET request.</doc>
<status status="PASS" start="2026-04-09T10:10:09.936647" elapsed="0.449539"/>
</kw>
<kw name="Should Be Equal As Strings" owner="BuiltIn">
<arg>${produto.json()["nome"]}</arg>
<arg>${NOME_PRODUTO}</arg>
<doc>Fails if objects are unequal after converting them to strings.</doc>
<status status="PASS" start="2026-04-09T10:10:10.386572" elapsed="0.001528"/>
</kw>
<kw name="Should Be Equal As Integers" owner="BuiltIn">
<msg time="2026-04-09T10:10:10.389584" level="INFO">Argument types are:
&lt;class 'int'&gt;
&lt;class 'str'&gt;</msg>
<arg>${produto.json()["preco"]}</arg>
<arg>${PRECO_PRODUTO}</arg>
<doc>Fails if objects are unequal after converting them to integers.</doc>
<status status="PASS" start="2026-04-09T10:10:10.388411" elapsed="0.001308"/>
</kw>
<kw name="Should Be Equal As Strings" owner="BuiltIn">
<arg>${produto.json()["descricao"]}</arg>
<arg>${DESCRICAO_PRODUTO}</arg>
<doc>Fails if objects are unequal after converting them to strings.</doc>
<status status="PASS" start="2026-04-09T10:10:10.389958" elapsed="0.001014"/>
</kw>
<kw name="Should Be Equal As Integers" owner="BuiltIn">
<msg time="2026-04-09T10:10:10.392155" level="INFO">Argument types are:
&lt;class 'int'&gt;
&lt;class 'str'&gt;</msg>
<arg>${produto.json()["quantidade"]}</arg>
<arg>${QUANTIDADE_PRODUTO}</arg>
<doc>Fails if objects are unequal after converting them to integers.</doc>
<status status="PASS" start="2026-04-09T10:10:10.391232" elapsed="0.001029"/>
</kw>
<status status="PASS" start="2026-04-09T10:10:09.935984" elapsed="0.456407"/>
</kw>
<doc>Alterar um produto existente com dados válidos e admin autenticado</doc>
<tag>genAI</tag>
<tag>products</tag>
<tag>valid</tag>
<status status="PASS" start="2026-04-09T10:10:08.595494" elapsed="1.797803"/>
</test>
<test id="s1-t2" name="TP-10 - Alterar Um Produto Para Um Nome Já Utilizado" line="74">
<kw name="Fazer login com o email &quot;${EMAIL_ADMIN}&quot; e a senha &quot;${SENHA_ADMIN}&quot;" owner="ServeRest" type="SETUP" source_name="Fazer login com o email &quot;${EMAIL}&quot; e a senha &quot;${PASSWORD}&quot;">
<kw name="Create Dictionary" owner="BuiltIn">
<msg time="2026-04-09T10:10:10.399127" level="INFO">${body} = {'email': 'fulano@qa.com', 'password': 'teste'}</msg>
<var>${body}</var>
<arg>email=${EMAIL}</arg>
<arg>password=${PASSWORD}</arg>
<doc>Creates and returns a dictionary based on the given ``items``.</doc>
<status status="PASS" start="2026-04-09T10:10:10.398292" elapsed="0.000935"/>
</kw>
<kw name="POST" owner="RequestsLibrary">
<msg time="2026-04-09T10:10:10.864612" level="INFO">POST Request : url=https://compassuol.serverest.dev/login 
 path_url=/login 
 headers={'User-Agent': 'python-requests/2.32.5', 'Accept-Encoding': 'gzip, deflate, zstd', 'Accept': '*/*', 'Connection': 'keep-alive', 'Content-Length': '47', 'Content-Type': 'application/json'} 
 body=b'{"email": "fulano@qa.com", "password": "teste"}' 
 </msg>
<msg time="2026-04-09T10:10:10.864866" level="INFO">POST Response : url=https://compassuol.serverest.dev/login 
 status=200, reason=OK 
 headers={'access-control-allow-origin': '*', 'x-dns-prefetch-control': 'off', 'x-frame-options': 'SAMEORIGIN', 'strict-transport-security': 'max-age=15552000; includeSubDomains', 'x-download-options': 'noopen', 'x-content-type-options': 'nosniff', 'x-xss-protection': '1; mode=block', 'content-type': 'application/json; charset=utf-8', 'x-cloud-trace-context': '6fa2a8ecaafdba8f9d606548d6ede973', 'date': 'Thu, 09 Apr 2026 13:10:29 GMT', 'server': 'Google Frontend', 'Content-Length': '265'} 
 body={
    "message": "Login realizado com sucesso",
    "authorization": "Bearer eyJhbGciOiJIUzI1NiIsInR5cCI6IkpXVCJ9.eyJlbWFpbCI6ImZ1bGFub0BxYS5jb20iLCJwYXNzd29yZCI6InRlc3RlIiwiaWF0IjoxNzc1NzQwMjI5LCJleHAiOjE3NzU3NDA4Mjl9.qwLxDxo2-QY9oZX_knwQB8XyQ4VH6gB6ie2oacwz_qA"
} 
 </msg>
<msg time="2026-04-09T10:10:10.865239" level="INFO">${login_response} = &lt;Response [200]&gt;</msg>
<var>${login_response}</var>
<arg>url=${URL}/login</arg>
<arg>json=${body}</arg>
<arg>expected_status=200</arg>
<doc>Sends a POST request.</doc>
<status status="PASS" start="2026-04-09T10:10:10.399513" elapsed="0.465808"/>
</kw>
<kw name="Set Variable" owner="BuiltIn">
<msg time="2026-04-09T10:10:10.867592" level="INFO">${login_response_json} = {'message': 'Login realizado com sucesso', 'authorization': 'Bearer eyJhbGciOiJIUzI1NiIsInR5cCI6IkpXVCJ9.eyJlbWFpbCI6ImZ1bGFub0BxYS5jb20iLCJwYXNzd29yZCI6InRlc3RlIiwiaWF0IjoxNzc1NzQwMjI5LCJleHAiOjE3NzU...</msg>
<var>${login_response_json}</var>
<arg>${login_response.json()}</arg>
<doc>Returns the given values which can then be assigned to a variables.</doc>
<status status="PASS" start="2026-04-09T10:10:10.865826" elapsed="0.001838"/>
</kw>
<kw name="Set Test Variable" owner="BuiltIn">
<msg time="2026-04-09T10:10:10.870429" level="INFO">${TOKEN} = Bearer eyJhbGciOiJIUzI1NiIsInR5cCI6IkpXVCJ9.eyJlbWFpbCI6ImZ1bGFub0BxYS5jb20iLCJwYXNzd29yZCI6InRlc3RlIiwiaWF0IjoxNzc1NzQwMjI5LCJleHAiOjE3NzU3NDA4Mjl9.qwLxDxo2-QY9oZX_knwQB8XyQ4VH6gB6ie2oacwz_qA</msg>
<arg>${TOKEN}</arg>
<arg>${login_response_json["authorization"]}</arg>
<doc>Makes a variable available everywhere within the scope of the current test.</doc>
<status status="PASS" start="2026-04-09T10:10:10.868234" elapsed="0.002323"/>
</kw>
<variable name="${TOKEN}" scope="TEST">
<msg time="2026-04-09T10:10:10.871399" level="INFO">${TOKEN} = eyJhbGciOiJIUzI1NiIsInR5cCI6IkpXVCJ9.eyJlbWFpbCI6ImZ1bGFub0BxYS5jb20iLCJwYXNzd29yZCI6InRlc3RlIiwiaWF0IjoxNzc1NzQwMjI5LCJleHAiOjE3NzU3NDA4Mjl9.qwLxDxo2-QY9oZX_knwQB8XyQ4VH6gB6ie2oacwz_qA</msg>
<var>${TOKEN.replace("Bearer","").replace(" ","")}</var>
<status status="PASS" start="2026-04-09T10:10:10.870698" elapsed="0.000791"/>
</variable>
<status status="PASS" start="2026-04-09T10:10:10.397383" elapsed="0.474270"/>
</kw>
<kw name="Cadastrar Novo Produto" owner="ServeRest">
<kw name="Create Dictionary" owner="BuiltIn">
<msg time="2026-04-09T10:10:10.874262" level="INFO">&amp;{headers} = { Authorization=Bearer eyJhbGciOiJIUzI1NiIsInR5cCI6IkpXVCJ9.eyJlbWFpbCI6ImZ1bGFub0BxYS5jb20iLCJwYXNzd29yZCI6InRlc3RlIiwiaWF0IjoxNzc1NzQwMjI5LCJleHAiOjE3NzU3NDA4Mjl9.qwLxDxo2-QY9oZX_knwQB8XyQ4VH6gB6ie2...</msg>
<var>&amp;{headers}</var>
<arg>Authorization=Bearer ${TOKEN}</arg>
<arg>Content-Type=application/json</arg>
<doc>Creates and returns a dictionary based on the given ``items``.</doc>
<status status="PASS" start="2026-04-09T10:10:10.873411" elapsed="0.000919"/>
</kw>
<kw name="Word" owner="FakerLibrary">
<msg time="2026-04-09T10:10:10.874944" level="INFO">${nome} = establish</msg>
<var>${nome}</var>
<doc>Generate a word.</doc>
<status status="PASS" start="2026-04-09T10:10:10.874592" elapsed="0.000407"/>
</kw>
<kw name="Create Dictionary" owner="BuiltIn">
<msg time="2026-04-09T10:10:10.876034" level="INFO">${body} = {'nome': 'establish', 'preco': '2500', 'descricao': 'eletrônicos', 'quantidade': '201'}</msg>
<var>${body}</var>
<arg>nome=${nome}</arg>
<arg>preco=${preco}</arg>
<arg>descricao=${descricao}</arg>
<arg>quantidade=${quantidade}</arg>
<doc>Creates and returns a dictionary based on the given ``items``.</doc>
<status status="PASS" start="2026-04-09T10:10:10.875239" elapsed="0.000855"/>
</kw>
<kw name="POST" owner="RequestsLibrary">
<msg time="2026-04-09T10:10:11.346836" level="INFO">POST Request : url=https://compassuol.serverest.dev/produtos 
 path_url=/produtos 
 headers={'User-Agent': 'python-requests/2.32.5', 'Accept-Encoding': 'gzip, deflate, zstd', 'Accept': '*/*', 'Connection': 'keep-alive', 'Authorization': 'Bearer eyJhbGciOiJIUzI1NiIsInR5cCI6IkpXVCJ9.eyJlbWFpbCI6ImZ1bGFub0BxYS5jb20iLCJwYXNzd29yZCI6InRlc3RlIiwiaWF0IjoxNzc1NzQwMjI5LCJleHAiOjE3NzU3NDA4Mjl9.qwLxDxo2-QY9oZX_knwQB8XyQ4VH6gB6ie2oacwz_qA', 'Content-Type': 'application/json', 'Content-Length': '92'} 
 body=b'{"nome": "establish", "preco": "2500", "descricao": "eletr\\u00f4nicos", "quantidade": "201"}' 
 </msg>
<msg time="2026-04-09T10:10:11.347040" level="INFO">POST Response : url=https://compassuol.serverest.dev/produtos 
 status=201, reason=Created 
 headers={'access-control-allow-origin': '*', 'x-dns-prefetch-control': 'off', 'x-frame-options': 'SAMEORIGIN', 'strict-transport-security': 'max-age=15552000; includeSubDomains', 'x-download-options': 'noopen', 'x-content-type-options': 'nosniff', 'x-xss-protection': '1; mode=block', 'content-type': 'application/json; charset=utf-8', 'x-cloud-trace-context': 'f539cf8cf4f735a8de7caf97a4d32c98', 'date': 'Thu, 09 Apr 2026 13:10:29 GMT', 'server': 'Google Frontend', 'Content-Length': '82'} 
 body={
    "message": "Cadastro realizado com sucesso",
    "_id": "QZqJ8zfkjTeryVgK"
} 
 </msg>
<msg time="2026-04-09T10:10:11.347312" level="INFO">${response} = &lt;Response [201]&gt;</msg>
<var>${response}</var>
<arg>url=${URL}/produtos</arg>
<arg>json=${body}</arg>
<arg>expected_status=201</arg>
<arg>headers=&amp;{headers}</arg>
<doc>Sends a POST request.</doc>
<status status="PASS" start="2026-04-09T10:10:10.876344" elapsed="0.471031"/>
</kw>
<variable name="${ID_PRODUTO}" scope="TEST">
<msg time="2026-04-09T10:10:11.348613" level="INFO">${ID_PRODUTO} = QZqJ8zfkjTeryVgK</msg>
<var>${response.json()["_id"]}</var>
<status status="PASS" start="2026-04-09T10:10:11.347610" elapsed="0.001103"/>
</variable>
<variable name="${QUANTIDADE_PRODUTO}" scope="TEST">
<msg time="2026-04-09T10:10:11.349051" level="INFO">${QUANTIDADE_PRODUTO} = 201</msg>
<var>${quantidade}</var>
<status status="PASS" start="2026-04-09T10:10:11.348839" elapsed="0.000262"/>
</variable>
<variable name="${RESPONSE_PRODUTO}" scope="TEST">
<msg time="2026-04-09T10:10:11.349389" level="INFO">${RESPONSE_PRODUTO} = &lt;Response [201]&gt;</msg>
<var>${response}</var>
<status status="PASS" start="2026-04-09T10:10:11.349196" elapsed="0.000243"/>
</variable>
<variable name="${NOME_PRODUTO}" scope="TEST">
<msg time="2026-04-09T10:10:11.350177" level="INFO">${NOME_PRODUTO} = establish</msg>
<var>${nome}</var>
<status status="PASS" start="2026-04-09T10:10:11.349875" elapsed="0.000364"/>
</variable>
<variable name="${PRECO_PRODUTO}" scope="TEST">
<msg time="2026-04-09T10:10:11.350554" level="INFO">${PRECO_PRODUTO} = 2500</msg>
<var>${preco}</var>
<status status="PASS" start="2026-04-09T10:10:11.350345" elapsed="0.000259"/>
</variable>
<variable name="${DESCRICAO_PRODUTO}" scope="TEST">
<msg time="2026-04-09T10:10:11.350882" level="INFO">${DESCRICAO_PRODUTO} = eletrônicos</msg>
<var>${descricao}</var>
<status status="PASS" start="2026-04-09T10:10:11.350697" elapsed="0.000235"/>
</variable>
<arg>2500</arg>
<arg>eletrônicos</arg>
<arg>201</arg>
<status status="PASS" start="2026-04-09T10:10:10.872692" elapsed="0.478371"/>
</kw>
<kw name="Alterar Produto Para Nome Já Utilizado" owner="ServeRest">
<kw name="Create Dictionary" owner="BuiltIn">
<msg time="2026-04-09T10:10:11.353521" level="INFO">&amp;{headers} = { Authorization=Bearer eyJhbGciOiJIUzI1NiIsInR5cCI6IkpXVCJ9.eyJlbWFpbCI6ImZ1bGFub0BxYS5jb20iLCJwYXNzd29yZCI6InRlc3RlIiwiaWF0IjoxNzc1NzQwMjI5LCJleHAiOjE3NzU3NDA4Mjl9.qwLxDxo2-QY9oZX_knwQB8XyQ4VH6gB6ie2...</msg>
<var>&amp;{headers}</var>
<arg>Authorization=Bearer ${TOKEN}</arg>
<arg>Content-Type=application/json</arg>
<doc>Creates and returns a dictionary based on the given ``items``.</doc>
<status status="PASS" start="2026-04-09T10:10:11.352723" elapsed="0.000862"/>
</kw>
<kw name="Create Dictionary" owner="BuiltIn">
<msg time="2026-04-09T10:10:11.354614" level="INFO">${body} = {'nome': 'Logitech MX Vertical', 'preco': '1800', 'descricao': 'eletrônicos', 'quantidade': '150'}</msg>
<var>${body}</var>
<arg>nome=${nome}</arg>
<arg>preco=${preco}</arg>
<arg>descricao=${descricao}</arg>
<arg>quantidade=${quantidade}</arg>
<doc>Creates and returns a dictionary based on the given ``items``.</doc>
<status status="PASS" start="2026-04-09T10:10:11.353859" elapsed="0.000812"/>
</kw>
<kw name="PUT" owner="RequestsLibrary">
<msg time="2026-04-09T10:10:11.818672" level="INFO">PUT Request : url=https://compassuol.serverest.dev/produtos/QZqJ8zfkjTeryVgK 
 path_url=/produtos/QZqJ8zfkjTeryVgK 
 headers={'User-Agent': 'python-requests/2.32.5', 'Accept-Encoding': 'gzip, deflate, zstd', 'Accept': '*/*', 'Connection': 'keep-alive', 'Authorization': 'Bearer eyJhbGciOiJIUzI1NiIsInR5cCI6IkpXVCJ9.eyJlbWFpbCI6ImZ1bGFub0BxYS5jb20iLCJwYXNzd29yZCI6InRlc3RlIiwiaWF0IjoxNzc1NzQwMjI5LCJleHAiOjE3NzU3NDA4Mjl9.qwLxDxo2-QY9oZX_knwQB8XyQ4VH6gB6ie2oacwz_qA', 'Content-Type': 'application/json', 'Content-Length': '103'} 
 body=b'{"nome": "Logitech MX Vertical", "preco": "1800", "descricao": "eletr\\u00f4nicos", "quantidade": "150"}' 
 </msg>
<msg time="2026-04-09T10:10:11.818878" level="INFO">PUT Response : url=https://compassuol.serverest.dev/produtos/QZqJ8zfkjTeryVgK 
 status=400, reason=Bad Request 
 headers={'access-control-allow-origin': '*', 'x-dns-prefetch-control': 'off', 'x-frame-options': 'SAMEORIGIN', 'strict-transport-security': 'max-age=15552000; includeSubDomains', 'x-download-options': 'noopen', 'x-content-type-options': 'nosniff', 'x-xss-protection': '1; mode=block', 'content-type': 'application/json; charset=utf-8', 'x-cloud-trace-context': '13427fba9eb6e4c4de7caf97a4d32a97', 'date': 'Thu, 09 Apr 2026 13:10:30 GMT', 'server': 'Google Frontend', 'Content-Length': '53'} 
 body={
    "message": "Já existe produto com esse nome"
} 
 </msg>
<arg>url=${URL}/produtos/${ID_PRODUTO}</arg>
<arg>json=${body}</arg>
<arg>expected_status=${status_esperado}</arg>
<arg>headers=&amp;{headers}</arg>
<doc>Sends a PUT request.</doc>
<status status="PASS" start="2026-04-09T10:10:11.354900" elapsed="0.464155"/>
</kw>
<arg>Logitech MX Vertical</arg>
<arg>1800</arg>
<arg>eletrônicos</arg>
<arg>150</arg>
<arg>400</arg>
<status status="PASS" start="2026-04-09T10:10:11.351864" elapsed="0.467438"/>
</kw>
<doc>Alterar um produto usando um nome já cadastrado e verificar status 400</doc>
<tag>genAI</tag>
<tag>invalid</tag>
<tag>products</tag>
<status status="PASS" start="2026-04-09T10:10:10.395205" elapsed="1.424870"/>
</test>
<test id="s1-t3" name="TP-11 - Alterar Produto Com ID Invalido" line="81">
<kw name="Fazer login com o email &quot;${EMAIL_ADMIN}&quot; e a senha &quot;${SENHA_ADMIN}&quot;" owner="ServeRest" type="SETUP" source_name="Fazer login com o email &quot;${EMAIL}&quot; e a senha &quot;${PASSWORD}&quot;">
<kw name="Create Dictionary" owner="BuiltIn">
<msg time="2026-04-09T10:10:11.824349" level="INFO">${body} = {'email': 'fulano@qa.com', 'password': 'teste'}</msg>
<var>${body}</var>
<arg>email=${EMAIL}</arg>
<arg>password=${PASSWORD}</arg>
<doc>Creates and returns a dictionary based on the given ``items``.</doc>
<status status="PASS" start="2026-04-09T10:10:11.823575" elapsed="0.000836"/>
</kw>
<kw name="POST" owner="RequestsLibrary">
<msg time="2026-04-09T10:10:12.295603" level="INFO">POST Request : url=https://compassuol.serverest.dev/login 
 path_url=/login 
 headers={'User-Agent': 'python-requests/2.32.5', 'Accept-Encoding': 'gzip, deflate, zstd', 'Accept': '*/*', 'Connection': 'keep-alive', 'Content-Length': '47', 'Content-Type': 'application/json'} 
 body=b'{"email": "fulano@qa.com", "password": "teste"}' 
 </msg>
<msg time="2026-04-09T10:10:12.295803" level="INFO">POST Response : url=https://compassuol.serverest.dev/login 
 status=200, reason=OK 
 headers={'access-control-allow-origin': '*', 'x-dns-prefetch-control': 'off', 'x-frame-options': 'SAMEORIGIN', 'strict-transport-security': 'max-age=15552000; includeSubDomains', 'x-download-options': 'noopen', 'x-content-type-options': 'nosniff', 'x-xss-protection': '1; mode=block', 'content-type': 'application/json; charset=utf-8', 'x-cloud-trace-context': '5969487ea50b4b4dde7caf97a4d3250d', 'date': 'Thu, 09 Apr 2026 13:10:30 GMT', 'server': 'Google Frontend', 'Content-Length': '265'} 
 body={
    "message": "Login realizado com sucesso",
    "authorization": "Bearer eyJhbGciOiJIUzI1NiIsInR5cCI6IkpXVCJ9.eyJlbWFpbCI6ImZ1bGFub0BxYS5jb20iLCJwYXNzd29yZCI6InRlc3RlIiwiaWF0IjoxNzc1NzQwMjMwLCJleHAiOjE3NzU3NDA4MzB9.c3qiV6mOa5gSX_51yB-ny-UnXbJXM691cL8-v0161wg"
} 
 </msg>
<msg time="2026-04-09T10:10:12.298219" level="INFO">${login_response} = &lt;Response [200]&gt;</msg>
<var>${login_response}</var>
<arg>url=${URL}/login</arg>
<arg>json=${body}</arg>
<arg>expected_status=200</arg>
<doc>Sends a POST request.</doc>
<status status="PASS" start="2026-04-09T10:10:11.824659" elapsed="0.473652"/>
</kw>
<kw name="Set Variable" owner="BuiltIn">
<msg time="2026-04-09T10:10:12.300485" level="INFO">${login_response_json} = {'message': 'Login realizado com sucesso', 'authorization': 'Bearer eyJhbGciOiJIUzI1NiIsInR5cCI6IkpXVCJ9.eyJlbWFpbCI6ImZ1bGFub0BxYS5jb20iLCJwYXNzd29yZCI6InRlc3RlIiwiaWF0IjoxNzc1NzQwMjMwLCJleHAiOjE3NzU...</msg>
<var>${login_response_json}</var>
<arg>${login_response.json()}</arg>
<doc>Returns the given values which can then be assigned to a variables.</doc>
<status status="PASS" start="2026-04-09T10:10:12.298823" elapsed="0.001783"/>
</kw>
<kw name="Set Test Variable" owner="BuiltIn">
<msg time="2026-04-09T10:10:12.303073" level="INFO">${TOKEN} = Bearer eyJhbGciOiJIUzI1NiIsInR5cCI6IkpXVCJ9.eyJlbWFpbCI6ImZ1bGFub0BxYS5jb20iLCJwYXNzd29yZCI6InRlc3RlIiwiaWF0IjoxNzc1NzQwMjMwLCJleHAiOjE3NzU3NDA4MzB9.c3qiV6mOa5gSX_51yB-ny-UnXbJXM691cL8-v0161wg</msg>
<arg>${TOKEN}</arg>
<arg>${login_response_json["authorization"]}</arg>
<doc>Makes a variable available everywhere within the scope of the current test.</doc>
<status status="PASS" start="2026-04-09T10:10:12.300968" elapsed="0.002265"/>
</kw>
<variable name="${TOKEN}" scope="TEST">
<msg time="2026-04-09T10:10:12.304103" level="INFO">${TOKEN} = eyJhbGciOiJIUzI1NiIsInR5cCI6IkpXVCJ9.eyJlbWFpbCI6ImZ1bGFub0BxYS5jb20iLCJwYXNzd29yZCI6InRlc3RlIiwiaWF0IjoxNzc1NzQwMjMwLCJleHAiOjE3NzU3NDA4MzB9.c3qiV6mOa5gSX_51yB-ny-UnXbJXM691cL8-v0161wg</msg>
<var>${TOKEN.replace("Bearer","").replace(" ","")}</var>
<status status="PASS" start="2026-04-09T10:10:12.303379" elapsed="0.000787"/>
</variable>
<status status="PASS" start="2026-04-09T10:10:11.822905" elapsed="0.481419"/>
</kw>
<kw name="Alterar Produto Invalido" owner="ServeRest">
<kw name="Create Dictionary" owner="BuiltIn">
<msg time="2026-04-09T10:10:12.306649" level="INFO">&amp;{headers} = { Authorization=Bearer eyJhbGciOiJIUzI1NiIsInR5cCI6IkpXVCJ9.eyJlbWFpbCI6ImZ1bGFub0BxYS5jb20iLCJwYXNzd29yZCI6InRlc3RlIiwiaWF0IjoxNzc1NzQwMjMwLCJleHAiOjE3NzU3NDA4MzB9.c3qiV6mOa5gSX_51yB-ny-UnXbJXM691cL8...</msg>
<var>&amp;{headers}</var>
<arg>Authorization=Bearer ${TOKEN}</arg>
<arg>Content-Type=application/json</arg>
<doc>Creates and returns a dictionary based on the given ``items``.</doc>
<status status="PASS" start="2026-04-09T10:10:12.305800" elapsed="0.000917"/>
</kw>
<kw name="Generate Random String" owner="String">
<msg time="2026-04-09T10:10:12.307560" level="INFO">${nome} = FyQxkKdBCY</msg>
<var>${nome}</var>
<arg>length=10</arg>
<arg>chars=[LETTERS]</arg>
<doc>Generates a string with a desired ``length`` from the given ``chars``.</doc>
<status status="PASS" start="2026-04-09T10:10:12.306979" elapsed="0.000633"/>
</kw>
<kw name="Create Dictionary" owner="BuiltIn">
<msg time="2026-04-09T10:10:12.308635" level="INFO">${body} = {'nome': 'FyQxkKdBCY', 'preco': '1800', 'descricao': 'eletrônicos', 'quantidade': '150'}</msg>
<var>${body}</var>
<arg>nome=${nome}</arg>
<arg>preco=${preco}</arg>
<arg>descricao=${descricao}</arg>
<arg>quantidade=${quantidade}</arg>
<doc>Creates and returns a dictionary based on the given ``items``.</doc>
<status status="PASS" start="2026-04-09T10:10:12.307854" elapsed="0.000837"/>
</kw>
<kw name="PUT" owner="RequestsLibrary">
<msg time="2026-04-09T10:10:12.777145" level="INFO">PUT Request : url=https://compassuol.serverest.dev/produtos/id_invalido 
 path_url=/produtos/id_invalido 
 headers={'User-Agent': 'python-requests/2.32.5', 'Accept-Encoding': 'gzip, deflate, zstd', 'Accept': '*/*', 'Connection': 'keep-alive', 'Authorization': 'Bearer eyJhbGciOiJIUzI1NiIsInR5cCI6IkpXVCJ9.eyJlbWFpbCI6ImZ1bGFub0BxYS5jb20iLCJwYXNzd29yZCI6InRlc3RlIiwiaWF0IjoxNzc1NzQwMjMwLCJleHAiOjE3NzU3NDA4MzB9.c3qiV6mOa5gSX_51yB-ny-UnXbJXM691cL8-v0161wg', 'Content-Type': 'application/json', 'Content-Length': '93'} 
 body=b'{"nome": "FyQxkKdBCY", "preco": "1800", "descricao": "eletr\\u00f4nicos", "quantidade": "150"}' 
 </msg>
<msg time="2026-04-09T10:10:12.777358" level="INFO">PUT Response : url=https://compassuol.serverest.dev/produtos/id_invalido 
 status=400, reason=Bad Request 
 headers={'access-control-allow-origin': '*', 'x-dns-prefetch-control': 'off', 'x-frame-options': 'SAMEORIGIN', 'strict-transport-security': 'max-age=15552000; includeSubDomains', 'x-download-options': 'noopen', 'x-content-type-options': 'nosniff', 'x-xss-protection': '1; mode=block', 'content-type': 'application/json; charset=utf-8', 'x-cloud-trace-context': '91993c42471efa01de7caf97a4d32c6d', 'date': 'Thu, 09 Apr 2026 13:10:31 GMT', 'server': 'Google Frontend', 'Content-Length': '67'} 
 body={
    "id": "id deve ter exatamente 16 caracteres alfanuméricos"
} 
 </msg>
<arg>url=${URL}/produtos/id_invalido</arg>
<arg>json=${body}</arg>
<arg>expected_status=${status_esperado}</arg>
<arg>headers=&amp;{headers}</arg>
<doc>Sends a PUT request.</doc>
<status status="PASS" start="2026-04-09T10:10:12.308913" elapsed="0.468612"/>
</kw>
<arg>1800</arg>
<arg>eletrônicos</arg>
<arg>150</arg>
<arg>400</arg>
<status status="PASS" start="2026-04-09T10:10:12.305052" elapsed="0.472678"/>
</kw>
<doc>Alterar um produto com ID inválido e verificar status 400</doc>
<tag>genAI</tag>
<tag>invalid</tag>
<tag>products</tag>
<status status="PASS" start="2026-04-09T10:10:11.821187" elapsed="0.957572"/>
</test>
<test id="s1-t4" name="TP-12 - Excluir Um Produto Válido" line="87">
<kw name="Fazer login com o email &quot;${EMAIL_ADMIN}&quot; e a senha &quot;${SENHA_ADMIN}&quot;" owner="ServeRest" type="SETUP" source_name="Fazer login com o email &quot;${EMAIL}&quot; e a senha &quot;${PASSWORD}&quot;">
<kw name="Create Dictionary" owner="BuiltIn">
<msg time="2026-04-09T10:10:12.784647" level="INFO">${body} = {'email': 'fulano@qa.com', 'password': 'teste'}</msg>
<var>${body}</var>
<arg>email=${EMAIL}</arg>
<arg>password=${PASSWORD}</arg>
<doc>Creates and returns a dictionary based on the given ``items``.</doc>
<status status="PASS" start="2026-04-09T10:10:12.783790" elapsed="0.000926"/>
</kw>
<kw name="POST" owner="RequestsLibrary">
<msg time="2026-04-09T10:10:13.242475" level="INFO">POST Request : url=https://compassuol.serverest.dev/login 
 path_url=/login 
 headers={'User-Agent': 'python-requests/2.32.5', 'Accept-Encoding': 'gzip, deflate, zstd', 'Accept': '*/*', 'Connection': 'keep-alive', 'Content-Length': '47', 'Content-Type': 'application/json'} 
 body=b'{"email": "fulano@qa.com", "password": "teste"}' 
 </msg>
<msg time="2026-04-09T10:10:13.242610" level="INFO">POST Response : url=https://compassuol.serverest.dev/login 
 status=200, reason=OK 
 headers={'access-control-allow-origin': '*', 'x-dns-prefetch-control': 'off', 'x-frame-options': 'SAMEORIGIN', 'strict-transport-security': 'max-age=15552000; includeSubDomains', 'x-download-options': 'noopen', 'x-content-type-options': 'nosniff', 'x-xss-protection': '1; mode=block', 'content-type': 'application/json; charset=utf-8', 'x-cloud-trace-context': '8497fb0376fc8b70de7caf97a4d3215f', 'date': 'Thu, 09 Apr 2026 13:10:31 GMT', 'server': 'Google Frontend', 'Content-Length': '265'} 
 body={
    "message": "Login realizado com sucesso",
    "authorization": "Bearer eyJhbGciOiJIUzI1NiIsInR5cCI6IkpXVCJ9.eyJlbWFpbCI6ImZ1bGFub0BxYS5jb20iLCJwYXNzd29yZCI6InRlc3RlIiwiaWF0IjoxNzc1NzQwMjMxLCJleHAiOjE3NzU3NDA4MzF9.Zcj-TQfERGd70j4O_ciQk177LeAUzXNvnAqbEqqFd0E"
} 
 </msg>
<msg time="2026-04-09T10:10:13.243971" level="INFO">${login_response} = &lt;Response [200]&gt;</msg>
<var>${login_response}</var>
<arg>url=${URL}/login</arg>
<arg>json=${body}</arg>
<arg>expected_status=200</arg>
<doc>Sends a POST request.</doc>
<status status="PASS" start="2026-04-09T10:10:12.785032" elapsed="0.458996"/>
</kw>
<kw name="Set Variable" owner="BuiltIn">
<msg time="2026-04-09T10:10:13.244821" level="INFO">${login_response_json} = {'message': 'Login realizado com sucesso', 'authorization': 'Bearer eyJhbGciOiJIUzI1NiIsInR5cCI6IkpXVCJ9.eyJlbWFpbCI6ImZ1bGFub0BxYS5jb20iLCJwYXNzd29yZCI6InRlc3RlIiwiaWF0IjoxNzc1NzQwMjMxLCJleHAiOjE3NzU...</msg>
<var>${login_response_json}</var>
<arg>${login_response.json()}</arg>
<doc>Returns the given values which can then be assigned to a variables.</doc>
<status status="PASS" start="2026-04-09T10:10:13.244254" elapsed="0.000589"/>
</kw>
<kw name="Set Test Variable" owner="BuiltIn">
<msg time="2026-04-09T10:10:13.245560" level="INFO">${TOKEN} = Bearer eyJhbGciOiJIUzI1NiIsInR5cCI6IkpXVCJ9.eyJlbWFpbCI6ImZ1bGFub0BxYS5jb20iLCJwYXNzd29yZCI6InRlc3RlIiwiaWF0IjoxNzc1NzQwMjMxLCJleHAiOjE3NzU3NDA4MzF9.Zcj-TQfERGd70j4O_ciQk177LeAUzXNvnAqbEqqFd0E</msg>
<arg>${TOKEN}</arg>
<arg>${login_response_json["authorization"]}</arg>
<doc>Makes a variable available everywhere within the scope of the current test.</doc>
<status status="PASS" start="2026-04-09T10:10:13.244945" elapsed="0.000643"/>
</kw>
<variable name="${TOKEN}" scope="TEST">
<msg time="2026-04-09T10:10:13.245877" level="INFO">${TOKEN} = eyJhbGciOiJIUzI1NiIsInR5cCI6IkpXVCJ9.eyJlbWFpbCI6ImZ1bGFub0BxYS5jb20iLCJwYXNzd29yZCI6InRlc3RlIiwiaWF0IjoxNzc1NzQwMjMxLCJleHAiOjE3NzU3NDA4MzF9.Zcj-TQfERGd70j4O_ciQk177LeAUzXNvnAqbEqqFd0E</msg>
<var>${TOKEN.replace("Bearer","").replace(" ","")}</var>
<status status="PASS" start="2026-04-09T10:10:13.245630" elapsed="0.000281"/>
</variable>
<status status="PASS" start="2026-04-09T10:10:12.782761" elapsed="0.463203"/>
</kw>
<kw name="Cadastrar Novo Produto" owner="ServeRest">
<kw name="Create Dictionary" owner="BuiltIn">
<msg time="2026-04-09T10:10:13.246824" level="INFO">&amp;{headers} = { Authorization=Bearer eyJhbGciOiJIUzI1NiIsInR5cCI6IkpXVCJ9.eyJlbWFpbCI6ImZ1bGFub0BxYS5jb20iLCJwYXNzd29yZCI6InRlc3RlIiwiaWF0IjoxNzc1NzQwMjMxLCJleHAiOjE3NzU3NDA4MzF9.Zcj-TQfERGd70j4O_ciQk177LeAUzXNvnAq...</msg>
<var>&amp;{headers}</var>
<arg>Authorization=Bearer ${TOKEN}</arg>
<arg>Content-Type=application/json</arg>
<doc>Creates and returns a dictionary based on the given ``items``.</doc>
<status status="PASS" start="2026-04-09T10:10:13.246595" elapsed="0.000246"/>
</kw>
<kw name="Word" owner="FakerLibrary">
<msg time="2026-04-09T10:10:13.247256" level="INFO">${nome} = lawyer</msg>
<var>${nome}</var>
<doc>Generate a word.</doc>
<status status="PASS" start="2026-04-09T10:10:13.246907" elapsed="0.000370"/>
</kw>
<kw name="Create Dictionary" owner="BuiltIn">
<msg time="2026-04-09T10:10:13.247602" level="INFO">${body} = {'nome': 'lawyer', 'preco': '2500', 'descricao': 'eletrônicos', 'quantidade': '201'}</msg>
<var>${body}</var>
<arg>nome=${nome}</arg>
<arg>preco=${preco}</arg>
<arg>descricao=${descricao}</arg>
<arg>quantidade=${quantidade}</arg>
<doc>Creates and returns a dictionary based on the given ``items``.</doc>
<status status="PASS" start="2026-04-09T10:10:13.247359" elapsed="0.000261"/>
</kw>
<kw name="POST" owner="RequestsLibrary">
<msg time="2026-04-09T10:10:13.657303" level="INFO">POST Request : url=https://compassuol.serverest.dev/produtos 
 path_url=/produtos 
 headers={'User-Agent': 'python-requests/2.32.5', 'Accept-Encoding': 'gzip, deflate, zstd', 'Accept': '*/*', 'Connection': 'keep-alive', 'Authorization': 'Bearer eyJhbGciOiJIUzI1NiIsInR5cCI6IkpXVCJ9.eyJlbWFpbCI6ImZ1bGFub0BxYS5jb20iLCJwYXNzd29yZCI6InRlc3RlIiwiaWF0IjoxNzc1NzQwMjMxLCJleHAiOjE3NzU3NDA4MzF9.Zcj-TQfERGd70j4O_ciQk177LeAUzXNvnAqbEqqFd0E', 'Content-Type': 'application/json', 'Content-Length': '89'} 
 body=b'{"nome": "lawyer", "preco": "2500", "descricao": "eletr\\u00f4nicos", "quantidade": "201"}' 
 </msg>
<msg time="2026-04-09T10:10:13.657376" level="INFO">POST Response : url=https://compassuol.serverest.dev/produtos 
 status=201, reason=Created 
 headers={'access-control-allow-origin': '*', 'x-dns-prefetch-control': 'off', 'x-frame-options': 'SAMEORIGIN', 'strict-transport-security': 'max-age=15552000; includeSubDomains', 'x-download-options': 'noopen', 'x-content-type-options': 'nosniff', 'x-xss-protection': '1; mode=block', 'content-type': 'application/json; charset=utf-8', 'x-cloud-trace-context': '7bcaab1cccf1584fde7caf97a4d320cd', 'date': 'Thu, 09 Apr 2026 13:10:32 GMT', 'server': 'Google Frontend', 'Content-Length': '82'} 
 body={
    "message": "Cadastro realizado com sucesso",
    "_id": "gCZi3CwYoO7vDq0Q"
} 
 </msg>
<msg time="2026-04-09T10:10:13.657472" level="INFO">${response} = &lt;Response [201]&gt;</msg>
<var>${response}</var>
<arg>url=${URL}/produtos</arg>
<arg>json=${body}</arg>
<arg>expected_status=201</arg>
<arg>headers=&amp;{headers}</arg>
<doc>Sends a POST request.</doc>
<status status="PASS" start="2026-04-09T10:10:13.247694" elapsed="0.409796"/>
</kw>
<variable name="${ID_PRODUTO}" scope="TEST">
<msg time="2026-04-09T10:10:13.657893" level="INFO">${ID_PRODUTO} = gCZi3CwYoO7vDq0Q</msg>
<var>${response.json()["_id"]}</var>
<status status="PASS" start="2026-04-09T10:10:13.657563" elapsed="0.000353"/>
</variable>
<variable name="${QUANTIDADE_PRODUTO}" scope="TEST">
<msg time="2026-04-09T10:10:13.658020" level="INFO">${QUANTIDADE_PRODUTO} = 201</msg>
<var>${quantidade}</var>
<status status="PASS" start="2026-04-09T10:10:13.657957" elapsed="0.000078"/>
</variable>
<variable name="${RESPONSE_PRODUTO}" scope="TEST">
<msg time="2026-04-09T10:10:13.658116" level="INFO">${RESPONSE_PRODUTO} = &lt;Response [201]&gt;</msg>
<var>${response}</var>
<status status="PASS" start="2026-04-09T10:10:13.658063" elapsed="0.000067"/>
</variable>
<variable name="${NOME_PRODUTO}" scope="TEST">
<msg time="2026-04-09T10:10:13.658205" level="INFO">${NOME_PRODUTO} = lawyer</msg>
<var>${nome}</var>
<status status="PASS" start="2026-04-09T10:10:13.658156" elapsed="0.000062"/>
</variable>
<variable name="${PRECO_PRODUTO}" scope="TEST">
<msg time="2026-04-09T10:10:13.658290" level="INFO">${PRECO_PRODUTO} = 2500</msg>
<var>${preco}</var>
<status status="PASS" start="2026-04-09T10:10:13.658242" elapsed="0.000061"/>
</variable>
<variable name="${DESCRICAO_PRODUTO}" scope="TEST">
<msg time="2026-04-09T10:10:13.658380" level="INFO">${DESCRICAO_PRODUTO} = eletrônicos</msg>
<var>${descricao}</var>
<status status="PASS" start="2026-04-09T10:10:13.658328" elapsed="0.000067"/>
</variable>
<arg>2500</arg>
<arg>eletrônicos</arg>
<arg>201</arg>
<status status="PASS" start="2026-04-09T10:10:13.246376" elapsed="0.412065"/>
</kw>
<kw name="Excluir Produto" owner="ServeRest">
<kw name="Create Dictionary" owner="BuiltIn">
<msg time="2026-04-09T10:10:13.659413" level="INFO">&amp;{headers} = { Authorization=Bearer eyJhbGciOiJIUzI1NiIsInR5cCI6IkpXVCJ9.eyJlbWFpbCI6ImZ1bGFub0BxYS5jb20iLCJwYXNzd29yZCI6InRlc3RlIiwiaWF0IjoxNzc1NzQwMjMxLCJleHAiOjE3NzU3NDA4MzF9.Zcj-TQfERGd70j4O_ciQk177LeAUzXNvnAq...</msg>
<var>&amp;{headers}</var>
<arg>Authorization=Bearer ${TOKEN}</arg>
<doc>Creates and returns a dictionary based on the given ``items``.</doc>
<status status="PASS" start="2026-04-09T10:10:13.659155" elapsed="0.000279"/>
</kw>
<kw name="DELETE" owner="RequestsLibrary">
<msg time="2026-04-09T10:10:14.065921" level="INFO">DELETE Request : url=https://compassuol.serverest.dev/produtos/gCZi3CwYoO7vDq0Q 
 path_url=/produtos/gCZi3CwYoO7vDq0Q 
 headers={'User-Agent': 'python-requests/2.32.5', 'Accept-Encoding': 'gzip, deflate, zstd', 'Accept': '*/*', 'Connection': 'keep-alive', 'Authorization': 'Bearer eyJhbGciOiJIUzI1NiIsInR5cCI6IkpXVCJ9.eyJlbWFpbCI6ImZ1bGFub0BxYS5jb20iLCJwYXNzd29yZCI6InRlc3RlIiwiaWF0IjoxNzc1NzQwMjMxLCJleHAiOjE3NzU3NDA4MzF9.Zcj-TQfERGd70j4O_ciQk177LeAUzXNvnAqbEqqFd0E', 'Content-Length': '0'} 
 body=None 
 </msg>
<msg time="2026-04-09T10:10:14.066013" level="INFO">DELETE Response : url=https://compassuol.serverest.dev/produtos/gCZi3CwYoO7vDq0Q 
 status=200, reason=OK 
 headers={'access-control-allow-origin': '*', 'x-dns-prefetch-control': 'off', 'x-frame-options': 'SAMEORIGIN', 'strict-transport-security': 'max-age=15552000; includeSubDomains', 'x-download-options': 'noopen', 'x-content-type-options': 'nosniff', 'x-xss-protection': '1; mode=block', 'content-type': 'application/json; charset=utf-8', 'x-cloud-trace-context': 'c85030ed14c41305de7caf97a4d32c0a', 'date': 'Thu, 09 Apr 2026 13:10:32 GMT', 'server': 'Google Frontend', 'Content-Length': '51'} 
 body={
    "message": "Registro excluído com sucesso"
} 
 </msg>
<arg>url=${URL}/produtos/${ID_PRODUTO}</arg>
<arg>headers=&amp;{headers}</arg>
<arg>expected_status=${status_esperado}</arg>
<doc>Sends a DELETE request.</doc>
<status status="PASS" start="2026-04-09T10:10:13.659508" elapsed="0.406572"/>
</kw>
<arg>200</arg>
<status status="PASS" start="2026-04-09T10:10:13.658892" elapsed="0.407309"/>
</kw>
<doc>Excluir um produto existente com admin autenticado e verificar status 200</doc>
<tag>genAI</tag>
<tag>products</tag>
<tag>valid</tag>
<status status="PASS" start="2026-04-09T10:10:12.780843" elapsed="1.285675"/>
</test>
<test id="s1-t5" name="TP-13 - Excluir Um Produto Vinculado A Um Carrinho" line="94">
<kw name="Fazer login com &quot;fulano@qa.com&quot; e garantir que não tenha carrinho já criado" owner="ServeRest" type="SETUP">
<kw name="Fazer login com o email &quot;${EMAIL_ADMIN}&quot; e a senha &quot;${SENHA_ADMIN}&quot;" owner="ServeRest" source_name="Fazer login com o email &quot;${EMAIL}&quot; e a senha &quot;${PASSWORD}&quot;">
<kw name="Create Dictionary" owner="BuiltIn">
<msg time="2026-04-09T10:10:14.070184" level="INFO">${body} = {'email': 'fulano@qa.com', 'password': 'teste'}</msg>
<var>${body}</var>
<arg>email=${EMAIL}</arg>
<arg>password=${PASSWORD}</arg>
<doc>Creates and returns a dictionary based on the given ``items``.</doc>
<status status="PASS" start="2026-04-09T10:10:14.069548" elapsed="0.001045"/>
</kw>
<kw name="POST" owner="RequestsLibrary">
<msg time="2026-04-09T10:10:14.487770" level="INFO">POST Request : url=https://compassuol.serverest.dev/login 
 path_url=/login 
 headers={'User-Agent': 'python-requests/2.32.5', 'Accept-Encoding': 'gzip, deflate, zstd', 'Accept': '*/*', 'Connection': 'keep-alive', 'Content-Length': '47', 'Content-Type': 'application/json'} 
 body=b'{"email": "fulano@qa.com", "password": "teste"}' 
 </msg>
<msg time="2026-04-09T10:10:14.487844" level="INFO">POST Response : url=https://compassuol.serverest.dev/login 
 status=200, reason=OK 
 headers={'access-control-allow-origin': '*', 'x-dns-prefetch-control': 'off', 'x-frame-options': 'SAMEORIGIN', 'strict-transport-security': 'max-age=15552000; includeSubDomains', 'x-download-options': 'noopen', 'x-content-type-options': 'nosniff', 'x-xss-protection': '1; mode=block', 'content-type': 'application/json; charset=utf-8', 'x-cloud-trace-context': 'eda168d79280943bde7caf97a4d32c77', 'date': 'Thu, 09 Apr 2026 13:10:32 GMT', 'server': 'Google Frontend', 'Content-Length': '265'} 
 body={
    "message": "Login realizado com sucesso",
    "authorization": "Bearer eyJhbGciOiJIUzI1NiIsInR5cCI6IkpXVCJ9.eyJlbWFpbCI6ImZ1bGFub0BxYS5jb20iLCJwYXNzd29yZCI6InRlc3RlIiwiaWF0IjoxNzc1NzQwMjMyLCJleHAiOjE3NzU3NDA4MzJ9.-PHUbKs741jbLiVqu0i29tEPFGFaOtG5VMUBn0rdH-k"
} 
 </msg>
<msg time="2026-04-09T10:10:14.488651" level="INFO">${login_response} = &lt;Response [200]&gt;</msg>
<var>${login_response}</var>
<arg>url=${URL}/login</arg>
<arg>json=${body}</arg>
<arg>expected_status=200</arg>
<doc>Sends a POST request.</doc>
<status status="PASS" start="2026-04-09T10:10:14.070805" elapsed="0.417867"/>
</kw>
<kw name="Set Variable" owner="BuiltIn">
<msg time="2026-04-09T10:10:14.489236" level="INFO">${login_response_json} = {'message': 'Login realizado com sucesso', 'authorization': 'Bearer eyJhbGciOiJIUzI1NiIsInR5cCI6IkpXVCJ9.eyJlbWFpbCI6ImZ1bGFub0BxYS5jb20iLCJwYXNzd29yZCI6InRlc3RlIiwiaWF0IjoxNzc1NzQwMjMyLCJleHAiOjE3NzU...</msg>
<var>${login_response_json}</var>
<arg>${login_response.json()}</arg>
<doc>Returns the given values which can then be assigned to a variables.</doc>
<status status="PASS" start="2026-04-09T10:10:14.488822" elapsed="0.000430"/>
</kw>
<kw name="Set Test Variable" owner="BuiltIn">
<msg time="2026-04-09T10:10:14.489858" level="INFO">${TOKEN} = Bearer eyJhbGciOiJIUzI1NiIsInR5cCI6IkpXVCJ9.eyJlbWFpbCI6ImZ1bGFub0BxYS5jb20iLCJwYXNzd29yZCI6InRlc3RlIiwiaWF0IjoxNzc1NzQwMjMyLCJleHAiOjE3NzU3NDA4MzJ9.-PHUbKs741jbLiVqu0i29tEPFGFaOtG5VMUBn0rdH-k</msg>
<arg>${TOKEN}</arg>
<arg>${login_response_json["authorization"]}</arg>
<doc>Makes a variable available everywhere within the scope of the current test.</doc>
<status status="PASS" start="2026-04-09T10:10:14.489326" elapsed="0.000560"/>
</kw>
<variable name="${TOKEN}" scope="TEST">
<msg time="2026-04-09T10:10:14.490129" level="INFO">${TOKEN} = eyJhbGciOiJIUzI1NiIsInR5cCI6IkpXVCJ9.eyJlbWFpbCI6ImZ1bGFub0BxYS5jb20iLCJwYXNzd29yZCI6InRlc3RlIiwiaWF0IjoxNzc1NzQwMjMyLCJleHAiOjE3NzU3NDA4MzJ9.-PHUbKs741jbLiVqu0i29tEPFGFaOtG5VMUBn0rdH-k</msg>
<var>${TOKEN.replace("Bearer","").replace(" ","")}</var>
<status status="PASS" start="2026-04-09T10:10:14.489925" elapsed="0.000220"/>
</variable>
<status status="PASS" start="2026-04-09T10:10:14.069120" elapsed="0.421073"/>
</kw>
<kw name="Cancelar uma compra" owner="ServeRest">
<kw name="Create Dictionary" owner="BuiltIn">
<msg time="2026-04-09T10:10:14.490606" level="INFO">&amp;{headers} = { Authorization=Bearer eyJhbGciOiJIUzI1NiIsInR5cCI6IkpXVCJ9.eyJlbWFpbCI6ImZ1bGFub0BxYS5jb20iLCJwYXNzd29yZCI6InRlc3RlIiwiaWF0IjoxNzc1NzQwMjMyLCJleHAiOjE3NzU3NDA4MzJ9.-PHUbKs741jbLiVqu0i29tEPFGFaOtG5VMU...</msg>
<var>&amp;{headers}</var>
<arg>Authorization=Bearer ${TOKEN}</arg>
<doc>Creates and returns a dictionary based on the given ``items``.</doc>
<status status="PASS" start="2026-04-09T10:10:14.490424" elapsed="0.000199"/>
</kw>
<kw name="DELETE" owner="RequestsLibrary">
<msg time="2026-04-09T10:10:14.893648" level="INFO">DELETE Request : url=https://compassuol.serverest.dev/carrinhos/cancelar-compra 
 path_url=/carrinhos/cancelar-compra 
 headers={'User-Agent': 'python-requests/2.32.5', 'Accept-Encoding': 'gzip, deflate, zstd', 'Accept': '*/*', 'Connection': 'keep-alive', 'Authorization': 'Bearer eyJhbGciOiJIUzI1NiIsInR5cCI6IkpXVCJ9.eyJlbWFpbCI6ImZ1bGFub0BxYS5jb20iLCJwYXNzd29yZCI6InRlc3RlIiwiaWF0IjoxNzc1NzQwMjMyLCJleHAiOjE3NzU3NDA4MzJ9.-PHUbKs741jbLiVqu0i29tEPFGFaOtG5VMUBn0rdH-k', 'Content-Length': '0'} 
 body=None 
 </msg>
<msg time="2026-04-09T10:10:14.893768" level="INFO">DELETE Response : url=https://compassuol.serverest.dev/carrinhos/cancelar-compra 
 status=200, reason=OK 
 headers={'access-control-allow-origin': '*', 'x-dns-prefetch-control': 'off', 'x-frame-options': 'SAMEORIGIN', 'strict-transport-security': 'max-age=15552000; includeSubDomains', 'x-download-options': 'noopen', 'x-content-type-options': 'nosniff', 'x-xss-protection': '1; mode=block', 'content-type': 'application/json; charset=utf-8', 'x-cloud-trace-context': 'd639b5878ee6d1d6de7caf97a4d32e53', 'date': 'Thu, 09 Apr 2026 13:10:33 GMT', 'server': 'Google Frontend', 'Content-Length': '68'} 
 body={
    "message": "Não foi encontrado carrinho para esse usuário"
} 
 </msg>
<arg>url=${URL}/${CANCELAR}</arg>
<arg>headers=&amp;{headers}</arg>
<doc>Sends a DELETE request.</doc>
<status status="PASS" start="2026-04-09T10:10:14.490696" elapsed="0.403165"/>
</kw>
<status status="PASS" start="2026-04-09T10:10:14.490282" elapsed="0.403693"/>
</kw>
<status status="PASS" start="2026-04-09T10:10:14.068592" elapsed="0.825436"/>
</kw>
<kw name="Cadastrar Novo Produto" owner="ServeRest">
<kw name="Create Dictionary" owner="BuiltIn">
<msg time="2026-04-09T10:10:14.896098" level="INFO">&amp;{headers} = { Authorization=Bearer eyJhbGciOiJIUzI1NiIsInR5cCI6IkpXVCJ9.eyJlbWFpbCI6ImZ1bGFub0BxYS5jb20iLCJwYXNzd29yZCI6InRlc3RlIiwiaWF0IjoxNzc1NzQwMjMyLCJleHAiOjE3NzU3NDA4MzJ9.-PHUbKs741jbLiVqu0i29tEPFGFaOtG5VMU...</msg>
<var>&amp;{headers}</var>
<arg>Authorization=Bearer ${TOKEN}</arg>
<arg>Content-Type=application/json</arg>
<doc>Creates and returns a dictionary based on the given ``items``.</doc>
<status status="PASS" start="2026-04-09T10:10:14.895622" elapsed="0.000511"/>
</kw>
<kw name="Word" owner="FakerLibrary">
<msg time="2026-04-09T10:10:14.896494" level="INFO">${nome} = break</msg>
<var>${nome}</var>
<doc>Generate a word.</doc>
<status status="PASS" start="2026-04-09T10:10:14.896281" elapsed="0.000248"/>
</kw>
<kw name="Create Dictionary" owner="BuiltIn">
<msg time="2026-04-09T10:10:14.897055" level="INFO">${body} = {'nome': 'break', 'preco': '500', 'descricao': 'eletrônicos', 'quantidade': '100'}</msg>
<var>${body}</var>
<arg>nome=${nome}</arg>
<arg>preco=${preco}</arg>
<arg>descricao=${descricao}</arg>
<arg>quantidade=${quantidade}</arg>
<doc>Creates and returns a dictionary based on the given ``items``.</doc>
<status status="PASS" start="2026-04-09T10:10:14.896676" elapsed="0.000399"/>
</kw>
<kw name="POST" owner="RequestsLibrary">
<msg time="2026-04-09T10:10:15.320981" level="INFO">POST Request : url=https://compassuol.serverest.dev/produtos 
 path_url=/produtos 
 headers={'User-Agent': 'python-requests/2.32.5', 'Accept-Encoding': 'gzip, deflate, zstd', 'Accept': '*/*', 'Connection': 'keep-alive', 'Authorization': 'Bearer eyJhbGciOiJIUzI1NiIsInR5cCI6IkpXVCJ9.eyJlbWFpbCI6ImZ1bGFub0BxYS5jb20iLCJwYXNzd29yZCI6InRlc3RlIiwiaWF0IjoxNzc1NzQwMjMyLCJleHAiOjE3NzU3NDA4MzJ9.-PHUbKs741jbLiVqu0i29tEPFGFaOtG5VMUBn0rdH-k', 'Content-Type': 'application/json', 'Content-Length': '87'} 
 body=b'{"nome": "break", "preco": "500", "descricao": "eletr\\u00f4nicos", "quantidade": "100"}' 
 </msg>
<msg time="2026-04-09T10:10:15.321052" level="INFO">POST Response : url=https://compassuol.serverest.dev/produtos 
 status=201, reason=Created 
 headers={'access-control-allow-origin': '*', 'x-dns-prefetch-control': 'off', 'x-frame-options': 'SAMEORIGIN', 'strict-transport-security': 'max-age=15552000; includeSubDomains', 'x-download-options': 'noopen', 'x-content-type-options': 'nosniff', 'x-xss-protection': '1; mode=block', 'content-type': 'application/json; charset=utf-8', 'x-cloud-trace-context': '654125e7e2650c1cde7caf97a4d32722', 'date': 'Thu, 09 Apr 2026 13:10:33 GMT', 'server': 'Google Frontend', 'Content-Length': '82'} 
 body={
    "message": "Cadastro realizado com sucesso",
    "_id": "Rgk68AOQEbBzHP1K"
} 
 </msg>
<msg time="2026-04-09T10:10:15.321879" level="INFO">${response} = &lt;Response [201]&gt;</msg>
<var>${response}</var>
<arg>url=${URL}/produtos</arg>
<arg>json=${body}</arg>
<arg>expected_status=201</arg>
<arg>headers=&amp;{headers}</arg>
<doc>Sends a POST request.</doc>
<status status="PASS" start="2026-04-09T10:10:14.897148" elapsed="0.424761"/>
</kw>
<variable name="${ID_PRODUTO}" scope="TEST">
<msg time="2026-04-09T10:10:15.322300" level="INFO">${ID_PRODUTO} = Rgk68AOQEbBzHP1K</msg>
<var>${response.json()["_id"]}</var>
<status status="PASS" start="2026-04-09T10:10:15.321985" elapsed="0.000335"/>
</variable>
<variable name="${QUANTIDADE_PRODUTO}" scope="TEST">
<msg time="2026-04-09T10:10:15.322418" level="INFO">${QUANTIDADE_PRODUTO} = 100</msg>
<var>${quantidade}</var>
<status status="PASS" start="2026-04-09T10:10:15.322358" elapsed="0.000074"/>
</variable>
<variable name="${RESPONSE_PRODUTO}" scope="TEST">
<msg time="2026-04-09T10:10:15.322513" level="INFO">${RESPONSE_PRODUTO} = &lt;Response [201]&gt;</msg>
<var>${response}</var>
<status status="PASS" start="2026-04-09T10:10:15.322458" elapsed="0.000068"/>
</variable>
<variable name="${NOME_PRODUTO}" scope="TEST">
<msg time="2026-04-09T10:10:15.322599" level="INFO">${NOME_PRODUTO} = break</msg>
<var>${nome}</var>
<status status="PASS" start="2026-04-09T10:10:15.322550" elapsed="0.000061"/>
</variable>
<variable name="${PRECO_PRODUTO}" scope="TEST">
<msg time="2026-04-09T10:10:15.322681" level="INFO">${PRECO_PRODUTO} = 500</msg>
<var>${preco}</var>
<status status="PASS" start="2026-04-09T10:10:15.322634" elapsed="0.000060"/>
</variable>
<variable name="${DESCRICAO_PRODUTO}" scope="TEST">
<msg time="2026-04-09T10:10:15.322766" level="INFO">${DESCRICAO_PRODUTO} = eletrônicos</msg>
<var>${descricao}</var>
<status status="PASS" start="2026-04-09T10:10:15.322717" elapsed="0.000063"/>
</variable>
<arg>500</arg>
<arg>eletrônicos</arg>
<arg>100</arg>
<status status="PASS" start="2026-04-09T10:10:14.894959" elapsed="0.427866"/>
</kw>
<kw name="Cadastrar Novo Carrinho" owner="ServeRest">
<kw name="Create Dictionary" owner="BuiltIn">
<msg time="2026-04-09T10:10:15.323903" level="INFO">&amp;{headers} = { Authorization=Bearer eyJhbGciOiJIUzI1NiIsInR5cCI6IkpXVCJ9.eyJlbWFpbCI6ImZ1bGFub0BxYS5jb20iLCJwYXNzd29yZCI6InRlc3RlIiwiaWF0IjoxNzc1NzQwMjMyLCJleHAiOjE3NzU3NDA4MzJ9.-PHUbKs741jbLiVqu0i29tEPFGFaOtG5VMU...</msg>
<var>&amp;{headers}</var>
<arg>Authorization=Bearer ${TOKEN}</arg>
<arg>Content-Type=application/json</arg>
<doc>Creates and returns a dictionary based on the given ``items``.</doc>
<status status="PASS" start="2026-04-09T10:10:15.323636" elapsed="0.000292"/>
</kw>
<kw name="Create Dictionary" owner="BuiltIn">
<msg time="2026-04-09T10:10:15.324266" level="INFO">&amp;{produto1} = { idProduto=BeeJh5lz3k6kSIzA | quantidade=2 }</msg>
<var>&amp;{produto1}</var>
<arg>idProduto=${idProduto1}</arg>
<arg>quantidade=${quantidade1}</arg>
<doc>Creates and returns a dictionary based on the given ``items``.</doc>
<status status="PASS" start="2026-04-09T10:10:15.324033" elapsed="0.000248"/>
</kw>
<kw name="Create Dictionary" owner="BuiltIn">
<msg time="2026-04-09T10:10:15.324517" level="INFO">&amp;{produto2} = { idProduto=Rgk68AOQEbBzHP1K | quantidade=3 }</msg>
<var>&amp;{produto2}</var>
<arg>idProduto=${idProduto2}</arg>
<arg>quantidade=${quantidade2}</arg>
<doc>Creates and returns a dictionary based on the given ``items``.</doc>
<status status="PASS" start="2026-04-09T10:10:15.324347" elapsed="0.000185"/>
</kw>
<kw name="Create List" owner="BuiltIn">
<msg time="2026-04-09T10:10:15.324748" level="INFO">@{produtos} = [ {'idProduto': 'BeeJh5lz3k6kSIzA', 'quantidade': '2'} | {'idProduto': 'Rgk68AOQEbBzHP1K', 'quantidade': '3'} ]</msg>
<var>@{produtos}</var>
<arg>${produto1}</arg>
<arg>${produto2}</arg>
<doc>Returns a list containing given items.</doc>
<status status="PASS" start="2026-04-09T10:10:15.324593" elapsed="0.000169"/>
</kw>
<kw name="Create Dictionary" owner="BuiltIn">
<msg time="2026-04-09T10:10:15.324983" level="INFO">&amp;{body} = { produtos=[{'idProduto': 'BeeJh5lz3k6kSIzA', 'quantidade': '2'}, {'idProduto': 'Rgk68AOQEbBzHP1K', 'quantidade': '3'}] }</msg>
<var>&amp;{body}</var>
<arg>produtos=${produtos}</arg>
<doc>Creates and returns a dictionary based on the given ``items``.</doc>
<status status="PASS" start="2026-04-09T10:10:15.324826" elapsed="0.000171"/>
</kw>
<kw name="POST" owner="RequestsLibrary">
<msg time="2026-04-09T10:10:15.755653" level="INFO">POST Request : url=https://compassuol.serverest.dev/carrinhos 
 path_url=/carrinhos 
 headers={'User-Agent': 'python-requests/2.32.5', 'Accept-Encoding': 'gzip, deflate, zstd', 'Accept': '*/*', 'Connection': 'keep-alive', 'Authorization': 'Bearer eyJhbGciOiJIUzI1NiIsInR5cCI6IkpXVCJ9.eyJlbWFpbCI6ImZ1bGFub0BxYS5jb20iLCJwYXNzd29yZCI6InRlc3RlIiwiaWF0IjoxNzc1NzQwMjMyLCJleHAiOjE3NzU3NDA4MzJ9.-PHUbKs741jbLiVqu0i29tEPFGFaOtG5VMUBn0rdH-k', 'Content-Type': 'application/json', 'Content-Length': '122'} 
 body=b'{"produtos": [{"idProduto": "BeeJh5lz3k6kSIzA", "quantidade": "2"}, {"idProduto": "Rgk68AOQEbBzHP1K", "quantidade": "3"}]}' 
 </msg>
<msg time="2026-04-09T10:10:15.755864" level="INFO">POST Response : url=https://compassuol.serverest.dev/carrinhos 
 status=201, reason=Created 
 headers={'access-control-allow-origin': '*', 'x-dns-prefetch-control': 'off', 'x-frame-options': 'SAMEORIGIN', 'strict-transport-security': 'max-age=15552000; includeSubDomains', 'x-download-options': 'noopen', 'x-content-type-options': 'nosniff', 'x-xss-protection': '1; mode=block', 'content-type': 'application/json; charset=utf-8', 'x-cloud-trace-context': 'cf78fbf71f8fcb34de7caf97a4d32e82', 'date': 'Thu, 09 Apr 2026 13:10:34 GMT', 'server': 'Google Frontend', 'Content-Length': '82'} 
 body={
    "message": "Cadastro realizado com sucesso",
    "_id": "fDGcBMuRrou5FmUO"
} 
 </msg>
<msg time="2026-04-09T10:10:15.756107" level="INFO">${response} = &lt;Response [201]&gt;</msg>
<var>${response}</var>
<arg>url=${URL}/carrinhos</arg>
<arg>json=&amp;{body}</arg>
<arg>expected_status=201</arg>
<arg>headers=&amp;{headers}</arg>
<doc>Sends a POST request.</doc>
<status status="PASS" start="2026-04-09T10:10:15.325056" elapsed="0.431204"/>
</kw>
<variable name="${QUANTIDADE_PRODUTO2_CARRINHO}" scope="TEST">
<msg time="2026-04-09T10:10:15.756778" level="INFO">${QUANTIDADE_PRODUTO2_CARRINHO} = 3</msg>
<var>${quantidade2}</var>
<status status="PASS" start="2026-04-09T10:10:15.756489" elapsed="0.000351"/>
</variable>
<arg>BeeJh5lz3k6kSIzA</arg>
<arg>2</arg>
<arg>${ID_PRODUTO}</arg>
<arg>3</arg>
<status status="PASS" start="2026-04-09T10:10:15.323295" elapsed="0.433699"/>
</kw>
<kw name="Excluir Produto" owner="ServeRest">
<kw name="Create Dictionary" owner="BuiltIn">
<msg time="2026-04-09T10:10:15.758530" level="INFO">&amp;{headers} = { Authorization=Bearer eyJhbGciOiJIUzI1NiIsInR5cCI6IkpXVCJ9.eyJlbWFpbCI6ImZ1bGFub0BxYS5jb20iLCJwYXNzd29yZCI6InRlc3RlIiwiaWF0IjoxNzc1NzQwMjMyLCJleHAiOjE3NzU3NDA4MzJ9.-PHUbKs741jbLiVqu0i29tEPFGFaOtG5VMU...</msg>
<var>&amp;{headers}</var>
<arg>Authorization=Bearer ${TOKEN}</arg>
<doc>Creates and returns a dictionary based on the given ``items``.</doc>
<status status="PASS" start="2026-04-09T10:10:15.758123" elapsed="0.000470"/>
</kw>
<kw name="DELETE" owner="RequestsLibrary">
<msg time="2026-04-09T10:10:16.180380" level="INFO">DELETE Request : url=https://compassuol.serverest.dev/produtos/Rgk68AOQEbBzHP1K 
 path_url=/produtos/Rgk68AOQEbBzHP1K 
 headers={'User-Agent': 'python-requests/2.32.5', 'Accept-Encoding': 'gzip, deflate, zstd', 'Accept': '*/*', 'Connection': 'keep-alive', 'Authorization': 'Bearer eyJhbGciOiJIUzI1NiIsInR5cCI6IkpXVCJ9.eyJlbWFpbCI6ImZ1bGFub0BxYS5jb20iLCJwYXNzd29yZCI6InRlc3RlIiwiaWF0IjoxNzc1NzQwMjMyLCJleHAiOjE3NzU3NDA4MzJ9.-PHUbKs741jbLiVqu0i29tEPFGFaOtG5VMUBn0rdH-k', 'Content-Length': '0'} 
 body=None 
 </msg>
<msg time="2026-04-09T10:10:16.180487" level="INFO">DELETE Response : url=https://compassuol.serverest.dev/produtos/Rgk68AOQEbBzHP1K 
 status=400, reason=Bad Request 
 headers={'access-control-allow-origin': '*', 'x-dns-prefetch-control': 'off', 'x-frame-options': 'SAMEORIGIN', 'strict-transport-security': 'max-age=15552000; includeSubDomains', 'x-download-options': 'noopen', 'x-content-type-options': 'nosniff', 'x-xss-protection': '1; mode=block', 'content-type': 'application/json; charset=utf-8', 'x-cloud-trace-context': 'd285c49ce07464b5de7caf97a4d32735', 'date': 'Thu, 09 Apr 2026 13:10:34 GMT', 'server': 'Google Frontend', 'Content-Length': '135'} 
 body={
    "message": "Não é permitido excluir produto que faz parte de carrinho",
    "idCarrinhos": [
        "fDGcBMuRrou5FmUO"
    ]
} 
 </msg>
<arg>url=${URL}/produtos/${ID_PRODUTO}</arg>
<arg>headers=&amp;{headers}</arg>
<arg>expected_status=${status_esperado}</arg>
<doc>Sends a DELETE request.</doc>
<status status="PASS" start="2026-04-09T10:10:15.758768" elapsed="0.421837"/>
</kw>
<arg>400</arg>
<status status="PASS" start="2026-04-09T10:10:15.757624" elapsed="0.423118"/>
</kw>
<doc>Excluir um produto que está vinculado a um carrinho e verificar status 400</doc>
<tag>genAI</tag>
<tag>invalid</tag>
<tag>products</tag>
<status status="PASS" start="2026-04-09T10:10:14.067088" elapsed="2.114146"/>
</test>
<doc>Essa suíte testa o endpoint /produtos da aplicação ServeRest</doc>
<status status="PASS" start="2026-04-09T10:10:08.130301" elapsed="8.052178"/>
</suite>
<statistics>
<total>
<stat pass="5" fail="0" skip="0">All Tests</stat>
</total>
<tag>
<stat pass="5" fail="0" skip="0">genAI</stat>
<stat pass="3" fail="0" skip="0">invalid</stat>
<stat pass="5" fail="0" skip="0">products</stat>
<stat pass="2" fail="0" skip="0">valid</stat>
</tag>
<suite>
<stat name="Produtos" id="s1" pass="5" fail="0" skip="0">Produtos</stat>
</suite>
</statistics>
<errors>
</errors>
</robot>
