<?xml version="1.0" encoding="UTF-8"?>
<robot generator="Robot 7.4.2 (Python 3.14.3 on win32)" generated="2026-03-19T10:33:33.102606" rpa="false" schemaversion="5">
<suite id="s1" name="Produtos" source="C:\Users\JuanCastroMendoncaDe\Documents\Fase 2\Challenge - RobotFramework\Challenge---RobotFramework\tests\produtos.robot">
<test id="s1-t1" name="TP-01 - Cadastrar um produto com dados válidos" line="7">
<kw name="Fazer login com o email &quot;fulano@qa.com&quot; e a senha &quot;teste&quot;" owner="ServeRest" source_name="Fazer login com o email &quot;${EMAIL}&quot; e a senha &quot;${PASSWORD}&quot;">
<kw name="Create Dictionary" owner="BuiltIn">
<msg time="2026-03-19T10:33:33.320106" level="INFO">${body} = {'email': 'fulano@qa.com', 'password': 'teste'}</msg>
<var>${body}</var>
<arg>email=${EMAIL}</arg>
<arg>password=${PASSWORD}</arg>
<doc>Creates and returns a dictionary based on the given ``items``.</doc>
<status status="PASS" start="2026-03-19T10:33:33.319697" elapsed="0.000439"/>
</kw>
<kw name="Log" owner="BuiltIn">
<msg time="2026-03-19T10:33:33.320422" level="INFO">{'email': 'fulano@qa.com', 'password': 'teste'}</msg>
<arg>${body}</arg>
<doc>Logs the given message with the given level.</doc>
<status status="PASS" start="2026-03-19T10:33:33.320246" elapsed="0.000217"/>
</kw>
<kw name="POST" owner="RequestsLibrary">
<msg time="2026-03-19T10:33:34.851741" level="INFO">POST Request : url=https://compassuol.serverest.dev/login 
 path_url=/login 
 headers={'User-Agent': 'python-requests/2.32.5', 'Accept-Encoding': 'gzip, deflate, zstd', 'Accept': '*/*', 'Connection': 'keep-alive', 'Content-Length': '47', 'Content-Type': 'application/json'} 
 body=b'{"email": "fulano@qa.com", "password": "teste"}' 
 </msg>
<msg time="2026-03-19T10:33:34.852056" level="INFO">POST Response : url=https://compassuol.serverest.dev/login 
 status=200, reason=OK 
 headers={'access-control-allow-origin': '*', 'x-dns-prefetch-control': 'off', 'x-frame-options': 'SAMEORIGIN', 'strict-transport-security': 'max-age=15552000; includeSubDomains', 'x-download-options': 'noopen', 'x-content-type-options': 'nosniff', 'x-xss-protection': '1; mode=block', 'content-type': 'application/json; charset=utf-8', 'x-cloud-trace-context': '130713ab280f1cbdf2d0ca577097a866;o=1', 'date': 'Thu, 19 Mar 2026 13:33:45 GMT', 'server': 'Google Frontend', 'Content-Length': '265'} 
 body={
    "message": "Login realizado com sucesso",
    "authorization": "Bearer eyJhbGciOiJIUzI1NiIsInR5cCI6IkpXVCJ9.eyJlbWFpbCI6ImZ1bGFub0BxYS5jb20iLCJwYXNzd29yZCI6InRlc3RlIiwiaWF0IjoxNzczOTI3MjI1LCJleHAiOjE3NzM5Mjc4MjV9.tXaghSj50LGwGG12sAkRrCnry0ERxKai8xMIAlqwQk4"
} 
 </msg>
<msg time="2026-03-19T10:33:34.852399" level="INFO">${login_response} = &lt;Response [200]&gt;</msg>
<var>${login_response}</var>
<arg>url=${URL}/login</arg>
<arg>json=${body}</arg>
<arg>expected_status=200</arg>
<doc>Sends a POST request.</doc>
<status status="PASS" start="2026-03-19T10:33:33.320545" elapsed="1.531928"/>
</kw>
<kw name="Set Variable" owner="BuiltIn">
<msg time="2026-03-19T10:33:34.854359" level="INFO">${login_response_json} = {'message': 'Login realizado com sucesso', 'authorization': 'Bearer eyJhbGciOiJIUzI1NiIsInR5cCI6IkpXVCJ9.eyJlbWFpbCI6ImZ1bGFub0BxYS5jb20iLCJwYXNzd29yZCI6InRlc3RlIiwiaWF0IjoxNzczOTI3MjI1LCJleHAiOjE3NzM...</msg>
<var>${login_response_json}</var>
<arg>${login_response.json()}</arg>
<doc>Returns the given values which can then be assigned to a variables.</doc>
<status status="PASS" start="2026-03-19T10:33:34.852858" elapsed="0.001577"/>
</kw>
<kw name="Log To Console" owner="BuiltIn">
<arg>${login_response_json}</arg>
<doc>Logs the given message to the console.</doc>
<status status="PASS" start="2026-03-19T10:33:34.854721" elapsed="0.001061"/>
</kw>
<kw name="Set Test Variable" owner="BuiltIn">
<msg time="2026-03-19T10:33:34.858465" level="INFO">${TOKEN} = Bearer eyJhbGciOiJIUzI1NiIsInR5cCI6IkpXVCJ9.eyJlbWFpbCI6ImZ1bGFub0BxYS5jb20iLCJwYXNzd29yZCI6InRlc3RlIiwiaWF0IjoxNzczOTI3MjI1LCJleHAiOjE3NzM5Mjc4MjV9.tXaghSj50LGwGG12sAkRrCnry0ERxKai8xMIAlqwQk4</msg>
<arg>${TOKEN}</arg>
<arg>${login_response_json["authorization"]}</arg>
<doc>Makes a variable available everywhere within the scope of the current test.</doc>
<status status="PASS" start="2026-03-19T10:33:34.856361" elapsed="0.002206"/>
</kw>
<variable name="${TOKEN}" scope="TEST">
<msg time="2026-03-19T10:33:34.859386" level="INFO">${TOKEN} = eyJhbGciOiJIUzI1NiIsInR5cCI6IkpXVCJ9.eyJlbWFpbCI6ImZ1bGFub0BxYS5jb20iLCJwYXNzd29yZCI6InRlc3RlIiwiaWF0IjoxNzczOTI3MjI1LCJleHAiOjE3NzM5Mjc4MjV9.tXaghSj50LGwGG12sAkRrCnry0ERxKai8xMIAlqwQk4</msg>
<var>${TOKEN.replace("Bearer","").replace(" ","")}</var>
<status status="PASS" start="2026-03-19T10:33:34.858700" elapsed="0.000744"/>
</variable>
<kw name="Log" owner="BuiltIn">
<msg time="2026-03-19T10:33:34.860146" level="INFO">eyJhbGciOiJIUzI1NiIsInR5cCI6IkpXVCJ9.eyJlbWFpbCI6ImZ1bGFub0BxYS5jb20iLCJwYXNzd29yZCI6InRlc3RlIiwiaWF0IjoxNzczOTI3MjI1LCJleHAiOjE3NzM5Mjc4MjV9.tXaghSj50LGwGG12sAkRrCnry0ERxKai8xMIAlqwQk4</msg>
<arg>${TOKEN}</arg>
<doc>Logs the given message with the given level.</doc>
<status status="PASS" start="2026-03-19T10:33:34.859718" elapsed="0.000513"/>
</kw>
<status status="PASS" start="2026-03-19T10:33:33.319030" elapsed="1.541344"/>
</kw>
<kw name="Cadastrar Novo Produto" owner="ServeRest">
<kw name="Create Dictionary" owner="BuiltIn">
<msg time="2026-03-19T10:33:34.862736" level="INFO">&amp;{headers} = { Authorization=Bearer eyJhbGciOiJIUzI1NiIsInR5cCI6IkpXVCJ9.eyJlbWFpbCI6ImZ1bGFub0BxYS5jb20iLCJwYXNzd29yZCI6InRlc3RlIiwiaWF0IjoxNzczOTI3MjI1LCJleHAiOjE3NzM5Mjc4MjV9.tXaghSj50LGwGG12sAkRrCnry0ERxKai8xM...</msg>
<var>&amp;{headers}</var>
<arg>Authorization=Bearer ${TOKEN}</arg>
<arg>Content-Type=application/json</arg>
<doc>Creates and returns a dictionary based on the given ``items``.</doc>
<status status="PASS" start="2026-03-19T10:33:34.861987" elapsed="0.000813"/>
</kw>
<kw name="Generate Random String" owner="String">
<msg time="2026-03-19T10:33:34.863559" level="INFO">${palavra_aleatoria} = LalhWwhWpE</msg>
<var>${palavra_aleatoria}</var>
<arg>length=10</arg>
<arg>chars=[LETTERS]</arg>
<doc>Generates a string with a desired ``length`` from the given ``chars``.</doc>
<status status="PASS" start="2026-03-19T10:33:34.863033" elapsed="0.000580"/>
</kw>
<kw name="Create Dictionary" owner="BuiltIn">
<msg time="2026-03-19T10:33:34.864553" level="INFO">${body} = {'nome': 'LalhWwhWpE', 'preco': '2500', 'descricao': 'eletrônicos', 'quantidade': '201'}</msg>
<var>${body}</var>
<arg>nome=${palavra_aleatoria}</arg>
<arg>preco=${preco}</arg>
<arg>descricao=${descricao}</arg>
<arg>quantidade=${quantidade}</arg>
<doc>Creates and returns a dictionary based on the given ``items``.</doc>
<status status="PASS" start="2026-03-19T10:33:34.863837" elapsed="0.000775"/>
</kw>
<kw name="Log" owner="BuiltIn">
<msg time="2026-03-19T10:33:34.865248" level="INFO">{'nome': 'LalhWwhWpE', 'preco': '2500', 'descricao': 'eletrônicos', 'quantidade': '201'}</msg>
<arg>${body}</arg>
<doc>Logs the given message with the given level.</doc>
<status status="PASS" start="2026-03-19T10:33:34.864854" elapsed="0.000474"/>
</kw>
<kw name="POST" owner="RequestsLibrary">
<msg time="2026-03-19T10:33:35.392449" level="INFO">POST Request : url=https://compassuol.serverest.dev/produtos 
 path_url=/produtos 
 headers={'User-Agent': 'python-requests/2.32.5', 'Accept-Encoding': 'gzip, deflate, zstd', 'Accept': '*/*', 'Connection': 'keep-alive', 'Authorization': 'Bearer eyJhbGciOiJIUzI1NiIsInR5cCI6IkpXVCJ9.eyJlbWFpbCI6ImZ1bGFub0BxYS5jb20iLCJwYXNzd29yZCI6InRlc3RlIiwiaWF0IjoxNzczOTI3MjI1LCJleHAiOjE3NzM5Mjc4MjV9.tXaghSj50LGwGG12sAkRrCnry0ERxKai8xMIAlqwQk4', 'Content-Type': 'application/json', 'Content-Length': '93'} 
 body=b'{"nome": "LalhWwhWpE", "preco": "2500", "descricao": "eletr\\u00f4nicos", "quantidade": "201"}' 
 </msg>
<msg time="2026-03-19T10:33:35.392832" level="INFO">POST Response : url=https://compassuol.serverest.dev/produtos 
 status=201, reason=Created 
 headers={'access-control-allow-origin': '*', 'x-dns-prefetch-control': 'off', 'x-frame-options': 'SAMEORIGIN', 'strict-transport-security': 'max-age=15552000; includeSubDomains', 'x-download-options': 'noopen', 'x-content-type-options': 'nosniff', 'x-xss-protection': '1; mode=block', 'content-type': 'application/json; charset=utf-8', 'x-cloud-trace-context': '6cba2123b2dea44ef2d0ca577097a494', 'date': 'Thu, 19 Mar 2026 13:33:46 GMT', 'server': 'Google Frontend', 'Content-Length': '82'} 
 body={
    "message": "Cadastro realizado com sucesso",
    "_id": "fRdQ13gKl81oAoD0"
} 
 </msg>
<msg time="2026-03-19T10:33:35.393248" level="INFO">${response} = &lt;Response [201]&gt;</msg>
<var>${response}</var>
<arg>url=${URL}/produtos</arg>
<arg>json=${body}</arg>
<arg>expected_status=201</arg>
<arg>headers=&amp;{headers}</arg>
<doc>Sends a POST request.</doc>
<status status="PASS" start="2026-03-19T10:33:34.865522" elapsed="0.527797"/>
</kw>
<kw name="Set Variable" owner="BuiltIn">
<msg time="2026-03-19T10:33:35.395067" level="INFO">${response_json} = {'message': 'Cadastro realizado com sucesso', '_id': 'fRdQ13gKl81oAoD0'}</msg>
<var>${response_json}</var>
<arg>${response.json()}</arg>
<doc>Returns the given values which can then be assigned to a variables.</doc>
<status status="PASS" start="2026-03-19T10:33:35.393705" elapsed="0.001422"/>
</kw>
<variable name="${ID_PRODUTO}" scope="TEST">
<msg time="2026-03-19T10:33:35.396072" level="INFO">${ID_PRODUTO} = fRdQ13gKl81oAoD0</msg>
<var>${response_json["_id"]}</var>
<status status="PASS" start="2026-03-19T10:33:35.395268" elapsed="0.000868"/>
</variable>
<variable name="${QUANTIDADE_PRODUTO}" scope="TEST">
<msg time="2026-03-19T10:33:35.396485" level="INFO">${QUANTIDADE_PRODUTO} = 201</msg>
<var>${quantidade}</var>
<status status="PASS" start="2026-03-19T10:33:35.396279" elapsed="0.000254"/>
</variable>
<arg>2500</arg>
<arg>eletrônicos</arg>
<arg>201</arg>
<status status="PASS" start="2026-03-19T10:33:34.861377" elapsed="0.535295"/>
</kw>
<doc>Cadastrar um produto com dados válidos e com admin autenticado</doc>
<tag>products</tag>
<tag>valid</tag>
<status status="PASS" start="2026-03-19T10:33:33.318172" elapsed="2.079419"/>
</test>
<test id="s1-t2" name="TP-02 - Cadastrar um produto com dados inválidos" line="14">
<kw name="Fazer login com o email &quot;fulano@qa.com&quot; e a senha &quot;teste&quot;" owner="ServeRest" source_name="Fazer login com o email &quot;${EMAIL}&quot; e a senha &quot;${PASSWORD}&quot;">
<kw name="Create Dictionary" owner="BuiltIn">
<msg time="2026-03-19T10:33:35.402771" level="INFO">${body} = {'email': 'fulano@qa.com', 'password': 'teste'}</msg>
<var>${body}</var>
<arg>email=${EMAIL}</arg>
<arg>password=${PASSWORD}</arg>
<doc>Creates and returns a dictionary based on the given ``items``.</doc>
<status status="PASS" start="2026-03-19T10:33:35.402027" elapsed="0.000804"/>
</kw>
<kw name="Log" owner="BuiltIn">
<msg time="2026-03-19T10:33:35.403494" level="INFO">{'email': 'fulano@qa.com', 'password': 'teste'}</msg>
<arg>${body}</arg>
<doc>Logs the given message with the given level.</doc>
<status status="PASS" start="2026-03-19T10:33:35.403072" elapsed="0.000504"/>
</kw>
<kw name="POST" owner="RequestsLibrary">
<msg time="2026-03-19T10:33:35.938883" level="INFO">POST Request : url=https://compassuol.serverest.dev/login 
 path_url=/login 
 headers={'User-Agent': 'python-requests/2.32.5', 'Accept-Encoding': 'gzip, deflate, zstd', 'Accept': '*/*', 'Connection': 'keep-alive', 'Content-Length': '47', 'Content-Type': 'application/json'} 
 body=b'{"email": "fulano@qa.com", "password": "teste"}' 
 </msg>
<msg time="2026-03-19T10:33:35.939096" level="INFO">POST Response : url=https://compassuol.serverest.dev/login 
 status=200, reason=OK 
 headers={'access-control-allow-origin': '*', 'x-dns-prefetch-control': 'off', 'x-frame-options': 'SAMEORIGIN', 'strict-transport-security': 'max-age=15552000; includeSubDomains', 'x-download-options': 'noopen', 'x-content-type-options': 'nosniff', 'x-xss-protection': '1; mode=block', 'content-type': 'application/json; charset=utf-8', 'x-cloud-trace-context': 'e9bdab6661e61202f2d0ca577097a2f0', 'date': 'Thu, 19 Mar 2026 13:33:46 GMT', 'server': 'Google Frontend', 'Content-Length': '265'} 
 body={
    "message": "Login realizado com sucesso",
    "authorization": "Bearer eyJhbGciOiJIUzI1NiIsInR5cCI6IkpXVCJ9.eyJlbWFpbCI6ImZ1bGFub0BxYS5jb20iLCJwYXNzd29yZCI6InRlc3RlIiwiaWF0IjoxNzczOTI3MjI2LCJleHAiOjE3NzM5Mjc4MjZ9.JNJciZIaMewQli7mljjq50C1XYzCTXgJXtUZ2pYh-KA"
} 
 </msg>
<msg time="2026-03-19T10:33:35.939373" level="INFO">${login_response} = &lt;Response [200]&gt;</msg>
<var>${login_response}</var>
<arg>url=${URL}/login</arg>
<arg>json=${body}</arg>
<arg>expected_status=200</arg>
<doc>Sends a POST request.</doc>
<status status="PASS" start="2026-03-19T10:33:35.403766" elapsed="0.535671"/>
</kw>
<kw name="Set Variable" owner="BuiltIn">
<msg time="2026-03-19T10:33:35.941124" level="INFO">${login_response_json} = {'message': 'Login realizado com sucesso', 'authorization': 'Bearer eyJhbGciOiJIUzI1NiIsInR5cCI6IkpXVCJ9.eyJlbWFpbCI6ImZ1bGFub0BxYS5jb20iLCJwYXNzd29yZCI6InRlc3RlIiwiaWF0IjoxNzczOTI3MjI2LCJleHAiOjE3NzM...</msg>
<var>${login_response_json}</var>
<arg>${login_response.json()}</arg>
<doc>Returns the given values which can then be assigned to a variables.</doc>
<status status="PASS" start="2026-03-19T10:33:35.939845" elapsed="0.001338"/>
</kw>
<kw name="Log To Console" owner="BuiltIn">
<arg>${login_response_json}</arg>
<doc>Logs the given message to the console.</doc>
<status status="PASS" start="2026-03-19T10:33:35.941417" elapsed="0.001031"/>
</kw>
<kw name="Set Test Variable" owner="BuiltIn">
<msg time="2026-03-19T10:33:35.944793" level="INFO">${TOKEN} = Bearer eyJhbGciOiJIUzI1NiIsInR5cCI6IkpXVCJ9.eyJlbWFpbCI6ImZ1bGFub0BxYS5jb20iLCJwYXNzd29yZCI6InRlc3RlIiwiaWF0IjoxNzczOTI3MjI2LCJleHAiOjE3NzM5Mjc4MjZ9.JNJciZIaMewQli7mljjq50C1XYzCTXgJXtUZ2pYh-KA</msg>
<arg>${TOKEN}</arg>
<arg>${login_response_json["authorization"]}</arg>
<doc>Makes a variable available everywhere within the scope of the current test.</doc>
<status status="PASS" start="2026-03-19T10:33:35.942841" elapsed="0.002052"/>
</kw>
<variable name="${TOKEN}" scope="TEST">
<msg time="2026-03-19T10:33:35.945635" level="INFO">${TOKEN} = eyJhbGciOiJIUzI1NiIsInR5cCI6IkpXVCJ9.eyJlbWFpbCI6ImZ1bGFub0BxYS5jb20iLCJwYXNzd29yZCI6InRlc3RlIiwiaWF0IjoxNzczOTI3MjI2LCJleHAiOjE3NzM5Mjc4MjZ9.JNJciZIaMewQli7mljjq50C1XYzCTXgJXtUZ2pYh-KA</msg>
<var>${TOKEN.replace("Bearer","").replace(" ","")}</var>
<status status="PASS" start="2026-03-19T10:33:35.945011" elapsed="0.000682"/>
</variable>
<kw name="Log" owner="BuiltIn">
<msg time="2026-03-19T10:33:35.946340" level="INFO">eyJhbGciOiJIUzI1NiIsInR5cCI6IkpXVCJ9.eyJlbWFpbCI6ImZ1bGFub0BxYS5jb20iLCJwYXNzd29yZCI6InRlc3RlIiwiaWF0IjoxNzczOTI3MjI2LCJleHAiOjE3NzM5Mjc4MjZ9.JNJciZIaMewQli7mljjq50C1XYzCTXgJXtUZ2pYh-KA</msg>
<arg>${TOKEN}</arg>
<doc>Logs the given message with the given level.</doc>
<status status="PASS" start="2026-03-19T10:33:35.945924" elapsed="0.000501"/>
</kw>
<status status="PASS" start="2026-03-19T10:33:35.401488" elapsed="0.545060"/>
</kw>
<kw name="Cadastrar Novo Produto Inválido" owner="ServeRest">
<kw name="Create Dictionary" owner="BuiltIn">
<msg time="2026-03-19T10:33:35.949471" level="INFO">&amp;{headers} = { Authorization=Bearer eyJhbGciOiJIUzI1NiIsInR5cCI6IkpXVCJ9.eyJlbWFpbCI6ImZ1bGFub0BxYS5jb20iLCJwYXNzd29yZCI6InRlc3RlIiwiaWF0IjoxNzczOTI3MjI2LCJleHAiOjE3NzM5Mjc4MjZ9.JNJciZIaMewQli7mljjq50C1XYzCTXgJXtU...</msg>
<var>&amp;{headers}</var>
<arg>Authorization=Bearer ${TOKEN}</arg>
<arg>Content-Type=application/json</arg>
<doc>Creates and returns a dictionary based on the given ``items``.</doc>
<status status="PASS" start="2026-03-19T10:33:35.948506" elapsed="0.001038"/>
</kw>
<kw name="Generate Random String" owner="String">
<msg time="2026-03-19T10:33:35.952769" level="INFO">${palavra_aleatoria} = VAYUGrdERJ</msg>
<var>${palavra_aleatoria}</var>
<arg>length=10</arg>
<arg>chars=[LETTERS]</arg>
<doc>Generates a string with a desired ``length`` from the given ``chars``.</doc>
<status status="PASS" start="2026-03-19T10:33:35.949827" elapsed="0.003031"/>
</kw>
<kw name="Create Dictionary" owner="BuiltIn">
<msg time="2026-03-19T10:33:35.954793" level="INFO">${body} = {'nome': 'VAYUGrdERJ', 'preco': 'doismil', 'descricao': 'eletrônicos', 'quantidade': 'trezentos'}</msg>
<var>${body}</var>
<arg>nome=${palavra_aleatoria}</arg>
<arg>preco=${preco}</arg>
<arg>descricao=${descricao}</arg>
<arg>quantidade=${quantidade}</arg>
<doc>Creates and returns a dictionary based on the given ``items``.</doc>
<status status="PASS" start="2026-03-19T10:33:35.953631" elapsed="0.001238"/>
</kw>
<kw name="Log" owner="BuiltIn">
<msg time="2026-03-19T10:33:35.955667" level="INFO">{'nome': 'VAYUGrdERJ', 'preco': 'doismil', 'descricao': 'eletrônicos', 'quantidade': 'trezentos'}</msg>
<arg>${body}</arg>
<doc>Logs the given message with the given level.</doc>
<status status="PASS" start="2026-03-19T10:33:35.955212" elapsed="0.000545"/>
</kw>
<kw name="POST" owner="RequestsLibrary">
<msg time="2026-03-19T10:33:36.491984" level="INFO">POST Request : url=https://compassuol.serverest.dev/produtos 
 path_url=/produtos 
 headers={'User-Agent': 'python-requests/2.32.5', 'Accept-Encoding': 'gzip, deflate, zstd', 'Accept': '*/*', 'Connection': 'keep-alive', 'Authorization': 'Bearer eyJhbGciOiJIUzI1NiIsInR5cCI6IkpXVCJ9.eyJlbWFpbCI6ImZ1bGFub0BxYS5jb20iLCJwYXNzd29yZCI6InRlc3RlIiwiaWF0IjoxNzczOTI3MjI2LCJleHAiOjE3NzM5Mjc4MjZ9.JNJciZIaMewQli7mljjq50C1XYzCTXgJXtUZ2pYh-KA', 'Content-Type': 'application/json', 'Content-Length': '102'} 
 body=b'{"nome": "VAYUGrdERJ", "preco": "doismil", "descricao": "eletr\\u00f4nicos", "quantidade": "trezentos"}' 
 </msg>
<msg time="2026-03-19T10:33:36.492217" level="INFO">POST Response : url=https://compassuol.serverest.dev/produtos 
 status=400, reason=Bad Request 
 headers={'access-control-allow-origin': '*', 'x-dns-prefetch-control': 'off', 'x-frame-options': 'SAMEORIGIN', 'strict-transport-security': 'max-age=15552000; includeSubDomains', 'x-download-options': 'noopen', 'x-content-type-options': 'nosniff', 'x-xss-protection': '1; mode=block', 'content-type': 'application/json; charset=utf-8', 'x-cloud-trace-context': 'b9f2927959debe19f2d0ca577097aba1', 'date': 'Thu, 19 Mar 2026 13:33:47 GMT', 'server': 'Google Frontend', 'Content-Length': '96'} 
 body={
    "preco": "preco deve ser um número",
    "quantidade": "quantidade deve ser um número"
} 
 </msg>
<msg time="2026-03-19T10:33:36.492526" level="INFO">${response} = &lt;Response [400]&gt;</msg>
<var>${response}</var>
<arg>url=${URL}/produtos</arg>
<arg>json=${body}</arg>
<arg>expected_status=${status_esperado}</arg>
<arg>headers=&amp;{headers}</arg>
<doc>Sends a POST request.</doc>
<status status="PASS" start="2026-03-19T10:33:35.955964" elapsed="0.536627"/>
</kw>
<arg>doismil</arg>
<arg>eletrônicos</arg>
<arg>trezentos</arg>
<arg>400</arg>
<status status="PASS" start="2026-03-19T10:33:35.947397" elapsed="0.545417"/>
</kw>
<doc>Cadastrar um produto com dados inválidos e com admin autenticado</doc>
<tag>invalid</tag>
<tag>products</tag>
<status status="PASS" start="2026-03-19T10:33:35.399957" elapsed="1.093599"/>
</test>
<test id="s1-t3" name="TP-03 - Cadastrar um produto com nome já utilizado" line="21">
<kw name="Fazer login com o email &quot;fulano@qa.com&quot; e a senha &quot;teste&quot;" owner="ServeRest" source_name="Fazer login com o email &quot;${EMAIL}&quot; e a senha &quot;${PASSWORD}&quot;">
<kw name="Create Dictionary" owner="BuiltIn">
<msg time="2026-03-19T10:33:36.497597" level="INFO">${body} = {'email': 'fulano@qa.com', 'password': 'teste'}</msg>
<var>${body}</var>
<arg>email=${EMAIL}</arg>
<arg>password=${PASSWORD}</arg>
<doc>Creates and returns a dictionary based on the given ``items``.</doc>
<status status="PASS" start="2026-03-19T10:33:36.496810" elapsed="0.000895"/>
</kw>
<kw name="Log" owner="BuiltIn">
<msg time="2026-03-19T10:33:36.498703" level="INFO">{'email': 'fulano@qa.com', 'password': 'teste'}</msg>
<arg>${body}</arg>
<doc>Logs the given message with the given level.</doc>
<status status="PASS" start="2026-03-19T10:33:36.498225" elapsed="0.000576"/>
</kw>
<kw name="POST" owner="RequestsLibrary">
<msg time="2026-03-19T10:33:37.013655" level="INFO">POST Request : url=https://compassuol.serverest.dev/login 
 path_url=/login 
 headers={'User-Agent': 'python-requests/2.32.5', 'Accept-Encoding': 'gzip, deflate, zstd', 'Accept': '*/*', 'Connection': 'keep-alive', 'Content-Length': '47', 'Content-Type': 'application/json'} 
 body=b'{"email": "fulano@qa.com", "password": "teste"}' 
 </msg>
<msg time="2026-03-19T10:33:37.013865" level="INFO">POST Response : url=https://compassuol.serverest.dev/login 
 status=200, reason=OK 
 headers={'access-control-allow-origin': '*', 'x-dns-prefetch-control': 'off', 'x-frame-options': 'SAMEORIGIN', 'strict-transport-security': 'max-age=15552000; includeSubDomains', 'x-download-options': 'noopen', 'x-content-type-options': 'nosniff', 'x-xss-protection': '1; mode=block', 'content-type': 'application/json; charset=utf-8', 'x-cloud-trace-context': '69f0879203aef1ace224c800eb2bb803', 'date': 'Thu, 19 Mar 2026 13:33:47 GMT', 'server': 'Google Frontend', 'Content-Length': '265'} 
 body={
    "message": "Login realizado com sucesso",
    "authorization": "Bearer eyJhbGciOiJIUzI1NiIsInR5cCI6IkpXVCJ9.eyJlbWFpbCI6ImZ1bGFub0BxYS5jb20iLCJwYXNzd29yZCI6InRlc3RlIiwiaWF0IjoxNzczOTI3MjI3LCJleHAiOjE3NzM5Mjc4Mjd9.4A13BNLvzqUoRQvmzQIa66BERZDdePFY7ZHex7mDVlQ"
} 
 </msg>
<msg time="2026-03-19T10:33:37.014181" level="INFO">${login_response} = &lt;Response [200]&gt;</msg>
<var>${login_response}</var>
<arg>url=${URL}/login</arg>
<arg>json=${body}</arg>
<arg>expected_status=200</arg>
<doc>Sends a POST request.</doc>
<status status="PASS" start="2026-03-19T10:33:36.499021" elapsed="0.515228"/>
</kw>
<kw name="Set Variable" owner="BuiltIn">
<msg time="2026-03-19T10:33:37.016334" level="INFO">${login_response_json} = {'message': 'Login realizado com sucesso', 'authorization': 'Bearer eyJhbGciOiJIUzI1NiIsInR5cCI6IkpXVCJ9.eyJlbWFpbCI6ImZ1bGFub0BxYS5jb20iLCJwYXNzd29yZCI6InRlc3RlIiwiaWF0IjoxNzczOTI3MjI3LCJleHAiOjE3NzM...</msg>
<var>${login_response_json}</var>
<arg>${login_response.json()}</arg>
<doc>Returns the given values which can then be assigned to a variables.</doc>
<status status="PASS" start="2026-03-19T10:33:37.014627" elapsed="0.001780"/>
</kw>
<kw name="Log To Console" owner="BuiltIn">
<arg>${login_response_json}</arg>
<doc>Logs the given message to the console.</doc>
<status status="PASS" start="2026-03-19T10:33:37.016693" elapsed="0.000959"/>
</kw>
<kw name="Set Test Variable" owner="BuiltIn">
<msg time="2026-03-19T10:33:37.020211" level="INFO">${TOKEN} = Bearer eyJhbGciOiJIUzI1NiIsInR5cCI6IkpXVCJ9.eyJlbWFpbCI6ImZ1bGFub0BxYS5jb20iLCJwYXNzd29yZCI6InRlc3RlIiwiaWF0IjoxNzczOTI3MjI3LCJleHAiOjE3NzM5Mjc4Mjd9.4A13BNLvzqUoRQvmzQIa66BERZDdePFY7ZHex7mDVlQ</msg>
<arg>${TOKEN}</arg>
<arg>${login_response_json["authorization"]}</arg>
<doc>Makes a variable available everywhere within the scope of the current test.</doc>
<status status="PASS" start="2026-03-19T10:33:37.018118" elapsed="0.002207"/>
</kw>
<variable name="${TOKEN}" scope="TEST">
<msg time="2026-03-19T10:33:37.021096" level="INFO">${TOKEN} = eyJhbGciOiJIUzI1NiIsInR5cCI6IkpXVCJ9.eyJlbWFpbCI6ImZ1bGFub0BxYS5jb20iLCJwYXNzd29yZCI6InRlc3RlIiwiaWF0IjoxNzczOTI3MjI3LCJleHAiOjE3NzM5Mjc4Mjd9.4A13BNLvzqUoRQvmzQIa66BERZDdePFY7ZHex7mDVlQ</msg>
<var>${TOKEN.replace("Bearer","").replace(" ","")}</var>
<status status="PASS" start="2026-03-19T10:33:37.020465" elapsed="0.000688"/>
</variable>
<kw name="Log" owner="BuiltIn">
<msg time="2026-03-19T10:33:37.021874" level="INFO">eyJhbGciOiJIUzI1NiIsInR5cCI6IkpXVCJ9.eyJlbWFpbCI6ImZ1bGFub0BxYS5jb20iLCJwYXNzd29yZCI6InRlc3RlIiwiaWF0IjoxNzczOTI3MjI3LCJleHAiOjE3NzM5Mjc4Mjd9.4A13BNLvzqUoRQvmzQIa66BERZDdePFY7ZHex7mDVlQ</msg>
<arg>${TOKEN}</arg>
<doc>Logs the given message with the given level.</doc>
<status status="PASS" start="2026-03-19T10:33:37.021403" elapsed="0.000562"/>
</kw>
<status status="PASS" start="2026-03-19T10:33:36.496206" elapsed="0.525890"/>
</kw>
<kw name="Cadastrar Novo Produto Com Nome Já Utilizado" owner="ServeRest">
<kw name="Create Dictionary" owner="BuiltIn">
<msg time="2026-03-19T10:33:37.024675" level="INFO">&amp;{headers} = { Authorization=Bearer eyJhbGciOiJIUzI1NiIsInR5cCI6IkpXVCJ9.eyJlbWFpbCI6ImZ1bGFub0BxYS5jb20iLCJwYXNzd29yZCI6InRlc3RlIiwiaWF0IjoxNzczOTI3MjI3LCJleHAiOjE3NzM5Mjc4Mjd9.4A13BNLvzqUoRQvmzQIa66BERZDdePFY7ZH...</msg>
<var>&amp;{headers}</var>
<arg>Authorization=Bearer ${TOKEN}</arg>
<arg>Content-Type=application/json</arg>
<doc>Creates and returns a dictionary based on the given ``items``.</doc>
<status status="PASS" start="2026-03-19T10:33:37.023854" elapsed="0.000892"/>
</kw>
<kw name="Create Dictionary" owner="BuiltIn">
<msg time="2026-03-19T10:33:37.025759" level="INFO">${body} = {'nome': 'Logitech MX Vertical', 'preco': '2500', 'descricao': 'eletrônicos', 'quantidade': '201'}</msg>
<var>${body}</var>
<arg>nome=${nome}</arg>
<arg>preco=${preco}</arg>
<arg>descricao=${descricao}</arg>
<arg>quantidade=${quantidade}</arg>
<doc>Creates and returns a dictionary based on the given ``items``.</doc>
<status status="PASS" start="2026-03-19T10:33:37.025048" elapsed="0.000765"/>
</kw>
<kw name="Log" owner="BuiltIn">
<msg time="2026-03-19T10:33:37.026419" level="INFO">{'nome': 'Logitech MX Vertical', 'preco': '2500', 'descricao': 'eletrônicos', 'quantidade': '201'}</msg>
<arg>${body}</arg>
<doc>Logs the given message with the given level.</doc>
<status status="PASS" start="2026-03-19T10:33:37.026030" elapsed="0.000477"/>
</kw>
<kw name="POST" owner="RequestsLibrary">
<msg time="2026-03-19T10:33:37.565234" level="INFO">POST Request : url=https://compassuol.serverest.dev/produtos 
 path_url=/produtos 
 headers={'User-Agent': 'python-requests/2.32.5', 'Accept-Encoding': 'gzip, deflate, zstd', 'Accept': '*/*', 'Connection': 'keep-alive', 'Authorization': 'Bearer eyJhbGciOiJIUzI1NiIsInR5cCI6IkpXVCJ9.eyJlbWFpbCI6ImZ1bGFub0BxYS5jb20iLCJwYXNzd29yZCI6InRlc3RlIiwiaWF0IjoxNzczOTI3MjI3LCJleHAiOjE3NzM5Mjc4Mjd9.4A13BNLvzqUoRQvmzQIa66BERZDdePFY7ZHex7mDVlQ', 'Content-Type': 'application/json', 'Content-Length': '103'} 
 body=b'{"nome": "Logitech MX Vertical", "preco": "2500", "descricao": "eletr\\u00f4nicos", "quantidade": "201"}' 
 </msg>
<msg time="2026-03-19T10:33:37.565453" level="INFO">POST Response : url=https://compassuol.serverest.dev/produtos 
 status=400, reason=Bad Request 
 headers={'access-control-allow-origin': '*', 'x-dns-prefetch-control': 'off', 'x-frame-options': 'SAMEORIGIN', 'strict-transport-security': 'max-age=15552000; includeSubDomains', 'x-download-options': 'noopen', 'x-content-type-options': 'nosniff', 'x-xss-protection': '1; mode=block', 'content-type': 'application/json; charset=utf-8', 'x-cloud-trace-context': '5dac69f92b09ff5ee224c800eb2bb92c', 'date': 'Thu, 19 Mar 2026 13:33:48 GMT', 'server': 'Google Frontend', 'Content-Length': '53'} 
 body={
    "message": "Já existe produto com esse nome"
} 
 </msg>
<msg time="2026-03-19T10:33:37.565732" level="INFO">${response} = &lt;Response [400]&gt;</msg>
<var>${response}</var>
<arg>url=${URL}/produtos</arg>
<arg>json=${body}</arg>
<arg>expected_status=400</arg>
<arg>headers=&amp;{headers}</arg>
<doc>Sends a POST request.</doc>
<status status="PASS" start="2026-03-19T10:33:37.026696" elapsed="0.539142"/>
</kw>
<arg>Logitech MX Vertical</arg>
<arg>2500</arg>
<arg>eletrônicos</arg>
<arg>201</arg>
<status status="PASS" start="2026-03-19T10:33:37.023104" elapsed="0.542950"/>
</kw>
<doc>Cadastrar um produto com nome já utilizado e com admin autenticado</doc>
<tag>invalid</tag>
<tag>products</tag>
<status status="PASS" start="2026-03-19T10:33:36.494803" elapsed="1.072150"/>
</test>
<test id="s1-t4" name="TP-04 - Cadastrar um produto sem permissão" line="28">
<kw name="Cadastrar Novo Produto Sem Permissão" owner="ServeRest">
<kw name="Create Dictionary" owner="BuiltIn">
<msg time="2026-03-19T10:33:37.571153" level="INFO">&amp;{headers} = { Authorization=Bearer 5235325436436 | Content-Type=application/json }</msg>
<var>&amp;{headers}</var>
<arg>Authorization=Bearer ${5235325436436}</arg>
<arg>Content-Type=application/json</arg>
<doc>Creates and returns a dictionary based on the given ``items``.</doc>
<status status="PASS" start="2026-03-19T10:33:37.569911" elapsed="0.001310"/>
</kw>
<kw name="Generate Random String" owner="String">
<msg time="2026-03-19T10:33:37.571852" level="INFO">${palavra_aleatoria} = fARatlVwWd</msg>
<var>${palavra_aleatoria}</var>
<arg>length=10</arg>
<arg>chars=[LETTERS]</arg>
<doc>Generates a string with a desired ``length`` from the given ``chars``.</doc>
<status status="PASS" start="2026-03-19T10:33:37.571474" elapsed="0.000430"/>
</kw>
<kw name="Create Dictionary" owner="BuiltIn">
<msg time="2026-03-19T10:33:37.574152" level="INFO">${body} = {'nome': 'fARatlVwWd', 'preco': '2500', 'descricao': 'eletrônicos', 'quantidade': '300'}</msg>
<var>${body}</var>
<arg>nome=${palavra_aleatoria}</arg>
<arg>preco=${preco}</arg>
<arg>descricao=${descricao}</arg>
<arg>quantidade=${quantidade}</arg>
<doc>Creates and returns a dictionary based on the given ``items``.</doc>
<status status="PASS" start="2026-03-19T10:33:37.572134" elapsed="0.002116"/>
</kw>
<kw name="Log" owner="BuiltIn">
<msg time="2026-03-19T10:33:37.575224" level="INFO">{'nome': 'fARatlVwWd', 'preco': '2500', 'descricao': 'eletrônicos', 'quantidade': '300'}</msg>
<arg>${body}</arg>
<doc>Logs the given message with the given level.</doc>
<status status="PASS" start="2026-03-19T10:33:37.574601" elapsed="0.000740"/>
</kw>
<kw name="POST" owner="RequestsLibrary">
<msg time="2026-03-19T10:33:38.116036" level="INFO">POST Request : url=https://compassuol.serverest.dev/produtos 
 path_url=/produtos 
 headers={'User-Agent': 'python-requests/2.32.5', 'Accept-Encoding': 'gzip, deflate, zstd', 'Accept': '*/*', 'Connection': 'keep-alive', 'Authorization': 'Bearer 5235325436436', 'Content-Type': 'application/json', 'Content-Length': '93'} 
 body=b'{"nome": "fARatlVwWd", "preco": "2500", "descricao": "eletr\\u00f4nicos", "quantidade": "300"}' 
 </msg>
<msg time="2026-03-19T10:33:38.116250" level="INFO">POST Response : url=https://compassuol.serverest.dev/produtos 
 status=401, reason=Unauthorized 
 headers={'access-control-allow-origin': '*', 'x-dns-prefetch-control': 'off', 'x-frame-options': 'SAMEORIGIN', 'strict-transport-security': 'max-age=15552000; includeSubDomains', 'x-download-options': 'noopen', 'x-content-type-options': 'nosniff', 'x-xss-protection': '1; mode=block', 'content-type': 'application/json; charset=utf-8', 'x-cloud-trace-context': 'cff4414241d8b0b3e224c800eb2bbcbe', 'date': 'Thu, 19 Mar 2026 13:33:49 GMT', 'server': 'Google Frontend', 'Content-Length': '103'} 
 body={
    "message": "Token de acesso ausente, inválido, expirado ou usuário do token não existe mais"
} 
 </msg>
<msg time="2026-03-19T10:33:38.116534" level="INFO">${response} = &lt;Response [401]&gt;</msg>
<var>${response}</var>
<arg>url=${URL}/produtos</arg>
<arg>json=${body}</arg>
<arg>expected_status=401</arg>
<arg>headers=&amp;{headers}</arg>
<doc>Sends a POST request.</doc>
<status status="PASS" start="2026-03-19T10:33:37.575837" elapsed="0.540761"/>
</kw>
<arg>2500</arg>
<arg>eletrônicos</arg>
<arg>300</arg>
<status status="PASS" start="2026-03-19T10:33:37.569296" elapsed="0.547549"/>
</kw>
<doc>Cadastrar um produto com dados válidos e sem admin autenticado</doc>
<tag>invalid</tag>
<tag>products</tag>
<status status="PASS" start="2026-03-19T10:33:37.568180" elapsed="0.549516"/>
</test>
<doc>Essa suíte testa o endpoint /produtos da aplicação ServeRest</doc>
<status status="PASS" start="2026-03-19T10:33:33.105363" elapsed="5.013699"/>
</suite>
<statistics>
<total>
<stat pass="4" fail="0" skip="0">All Tests</stat>
</total>
<tag>
<stat pass="3" fail="0" skip="0">invalid</stat>
<stat pass="4" fail="0" skip="0">products</stat>
<stat pass="1" fail="0" skip="0">valid</stat>
</tag>
<suite>
<stat name="Produtos" id="s1" pass="4" fail="0" skip="0">Produtos</stat>
</suite>
</statistics>
<errors>
</errors>
</robot>
