<?xml version="1.0" encoding="UTF-8"?>
<robot generator="Robot 7.4.2 (Python 3.14.3 on win32)" generated="2026-03-18T11:58:08.113479" rpa="false" schemaversion="5">
<suite id="s1" name="Challenge---RobotFramework" source="C:\Users\JuanCastroMendoncaDe\Documents\Fase 2\Challenge - RobotFramework\Challenge---RobotFramework">
<suite id="s1-s1" name="Tests" source="C:\Users\JuanCastroMendoncaDe\Documents\Fase 2\Challenge - RobotFramework\Challenge---RobotFramework\tests">
<suite id="s1-s1-s1" name="Produtos" source="C:\Users\JuanCastroMendoncaDe\Documents\Fase 2\Challenge - RobotFramework\Challenge---RobotFramework\tests\produtos.robot">
<test id="s1-s1-s1-t1" name="TP-04 - Cadastrar um produto sem admin autenticado" line="28">
<kw name="Cadastrar Novo Produto Sem Permissão" owner="ServeRest">
<kw name="Create Dictionary" owner="BuiltIn">
<msg time="2026-03-18T11:58:08.299555" level="INFO">&amp;{headers} = { Authorization=Bearer 5235325436436 | Content-Type=application/json }</msg>
<var>&amp;{headers}</var>
<arg>Authorization=Bearer ${5235325436436}</arg>
<arg>Content-Type=application/json</arg>
<doc>Creates and returns a dictionary based on the given ``items``.</doc>
<status status="PASS" start="2026-03-18T11:58:08.299010" elapsed="0.000575"/>
</kw>
<kw name="Generate Random String" owner="String">
<msg time="2026-03-18T11:58:08.299900" level="INFO">${palavra_aleatoria} = PZxqJowcxf</msg>
<var>${palavra_aleatoria}</var>
<arg>length=10</arg>
<arg>chars=[LETTERS]</arg>
<doc>Generates a string with a desired ``length`` from the given ``chars``.</doc>
<status status="PASS" start="2026-03-18T11:58:08.299691" elapsed="0.000231"/>
</kw>
<kw name="Create Dictionary" owner="BuiltIn">
<msg time="2026-03-18T11:58:08.300272" level="INFO">${body} = {'nome': 'PZxqJowcxf', 'preco': '2500', 'descricao': 'eletrônicos', 'quantidade': '300'}</msg>
<var>${body}</var>
<arg>nome=${palavra_aleatoria}</arg>
<arg>preco=${preco}</arg>
<arg>descricao=${descricao}</arg>
<arg>quantidade=${quantidade}</arg>
<doc>Creates and returns a dictionary based on the given ``items``.</doc>
<status status="PASS" start="2026-03-18T11:58:08.300011" elapsed="0.000280"/>
</kw>
<kw name="Log" owner="BuiltIn">
<msg time="2026-03-18T11:58:08.300505" level="INFO">{'nome': 'PZxqJowcxf', 'preco': '2500', 'descricao': 'eletrônicos', 'quantidade': '300'}</msg>
<arg>${body}</arg>
<doc>Logs the given message with the given level.</doc>
<status status="PASS" start="2026-03-18T11:58:08.300376" elapsed="0.000156"/>
</kw>
<kw name="POST" owner="RequestsLibrary">
<msg time="2026-03-18T11:58:08.973665" level="INFO">POST Request : url=https://compassuol.serverest.dev/produtos 
 path_url=/produtos 
 headers={'User-Agent': 'python-requests/2.32.5', 'Accept-Encoding': 'gzip, deflate, zstd', 'Accept': '*/*', 'Connection': 'keep-alive', 'Authorization': 'Bearer 5235325436436', 'Content-Type': 'application/json', 'Content-Length': '93'} 
 body=b'{"nome": "PZxqJowcxf", "preco": "2500", "descricao": "eletr\\u00f4nicos", "quantidade": "300"}' 
 </msg>
<msg time="2026-03-18T11:58:08.973920" level="INFO">POST Response : url=https://compassuol.serverest.dev/produtos 
 status=401, reason=Unauthorized 
 headers={'access-control-allow-origin': '*', 'x-dns-prefetch-control': 'off', 'x-frame-options': 'SAMEORIGIN', 'strict-transport-security': 'max-age=15552000; includeSubDomains', 'x-download-options': 'noopen', 'x-content-type-options': 'nosniff', 'x-xss-protection': '1; mode=block', 'content-type': 'application/json; charset=utf-8', 'x-cloud-trace-context': '92059b497641d6f3181c868542cf8289;o=1', 'date': 'Wed, 18 Mar 2026 14:58:19 GMT', 'server': 'Google Frontend', 'Content-Length': '103'} 
 body={
    "message": "Token de acesso ausente, inválido, expirado ou usuário do token não existe mais"
} 
 </msg>
<msg time="2026-03-18T11:58:08.974219" level="INFO">${response} = &lt;Response [401]&gt;</msg>
<var>${response}</var>
<arg>url=${URL}/produtos</arg>
<arg>json=${body}</arg>
<arg>expected_status=401</arg>
<arg>headers=&amp;{headers}</arg>
<doc>Sends a POST request.</doc>
<status status="PASS" start="2026-03-18T11:58:08.300594" elapsed="0.673689"/>
</kw>
<arg>2500</arg>
<arg>eletrônicos</arg>
<arg>300</arg>
<status status="PASS" start="2026-03-18T11:58:08.298135" elapsed="0.676370"/>
</kw>
<doc>Cadastrar um produto com dados válidos e sem admin autenticado</doc>
<tag>invalid</tag>
<tag>products</tag>
<status status="PASS" start="2026-03-18T11:58:08.297279" elapsed="0.678393"/>
</test>
<doc>Essa suíte testa o endpoint /produtos da aplicação ServeRest</doc>
<status status="PASS" start="2026-03-18T11:58:08.135656" elapsed="0.842203"/>
</suite>
<status status="PASS" start="2026-03-18T11:58:08.134604" elapsed="0.845114"/>
</suite>
<status status="PASS" start="2026-03-18T11:58:08.116595" elapsed="0.865954"/>
</suite>
<statistics>
<total>
<stat pass="1" fail="0" skip="0">All Tests</stat>
</total>
<tag>
<stat pass="1" fail="0" skip="0">invalid</stat>
<stat pass="1" fail="0" skip="0">products</stat>
</tag>
<suite>
<stat name="Challenge---RobotFramework" id="s1" pass="1" fail="0" skip="0">Challenge---RobotFramework</stat>
<stat name="Tests" id="s1-s1" pass="1" fail="0" skip="0">Challenge---RobotFramework.Tests</stat>
<stat name="Produtos" id="s1-s1-s1" pass="1" fail="0" skip="0">Challenge---RobotFramework.Tests.Produtos</stat>
</suite>
</statistics>
<errors>
</errors>
</robot>
