<?xml version="1.0" encoding="UTF-8"?>
<robot generator="Robot 7.4.2 (Python 3.14.3 on win32)" generated="2026-04-09T10:32:59.380665" rpa="false" schemaversion="5">
<suite id="s1" name="Carrinho" source="C:\Users\JuanCastroMendoncaDe\Documents\Fase 2\Challenge - RobotFramework\Challenge---RobotFramework\tests\carrinho.robot">
<test id="s1-t1" name="TC-05 - Cadastrar Carrinho Com O Mesmo Produto Duplicado No Array De Itens" line="42">
<kw name="Fazer login com &quot;fulano@qa.com&quot; e garantir que não tenha carrinho já criado" owner="ServeRest" type="SETUP">
<kw name="Fazer login com o email &quot;${EMAIL_ADMIN}&quot; e a senha &quot;${SENHA_ADMIN}&quot;" owner="ServeRest" source_name="Fazer login com o email &quot;${EMAIL}&quot; e a senha &quot;${PASSWORD}&quot;">
<kw name="Create Dictionary" owner="BuiltIn">
<msg time="2026-04-09T10:32:59.721332" level="INFO">${body} = {'email': 'fulano@qa.com', 'password': 'teste'}</msg>
<var>${body}</var>
<arg>email=${EMAIL}</arg>
<arg>password=${PASSWORD}</arg>
<doc>Creates and returns a dictionary based on the given ``items``.</doc>
<status status="PASS" start="2026-04-09T10:32:59.720948" elapsed="0.000412"/>
</kw>
<kw name="POST" owner="RequestsLibrary">
<msg time="2026-04-09T10:33:00.186844" level="INFO">POST Request : url=https://compassuol.serverest.dev/login 
 path_url=/login 
 headers={'User-Agent': 'python-requests/2.32.5', 'Accept-Encoding': 'gzip, deflate, zstd', 'Accept': '*/*', 'Connection': 'keep-alive', 'Content-Length': '47', 'Content-Type': 'application/json'} 
 body=b'{"email": "fulano@qa.com", "password": "teste"}' 
 </msg>
<msg time="2026-04-09T10:33:00.187017" level="INFO">POST Response : url=https://compassuol.serverest.dev/login 
 status=200, reason=OK 
 headers={'access-control-allow-origin': '*', 'x-dns-prefetch-control': 'off', 'x-frame-options': 'SAMEORIGIN', 'strict-transport-security': 'max-age=15552000; includeSubDomains', 'x-download-options': 'noopen', 'x-content-type-options': 'nosniff', 'x-xss-protection': '1; mode=block', 'content-type': 'application/json; charset=utf-8', 'x-cloud-trace-context': '1e2620d04ef0c5c02a3e8ecbe482a474;o=1', 'date': 'Thu, 09 Apr 2026 13:33:18 GMT', 'server': 'Google Frontend', 'Content-Length': '265'} 
 body={
    "message": "Login realizado com sucesso",
    "authorization": "Bearer eyJhbGciOiJIUzI1NiIsInR5cCI6IkpXVCJ9.eyJlbWFpbCI6ImZ1bGFub0BxYS5jb20iLCJwYXNzd29yZCI6InRlc3RlIiwiaWF0IjoxNzc1NzQxNTk4LCJleHAiOjE3NzU3NDIxOTh9.SgrZKXiZ2qk35ehAbEQINzCIoh9Bzf_0AESPUOTXiEA"
} 
 </msg>
<msg time="2026-04-09T10:33:00.187200" level="INFO">${login_response} = &lt;Response [200]&gt;</msg>
<var>${login_response}</var>
<arg>url=${URL}/login</arg>
<arg>json=${body}</arg>
<arg>expected_status=200</arg>
<doc>Sends a POST request.</doc>
<status status="PASS" start="2026-04-09T10:32:59.721467" elapsed="0.465761"/>
</kw>
<kw name="Set Variable" owner="BuiltIn">
<msg time="2026-04-09T10:33:00.188045" level="INFO">${login_response_json} = {'message': 'Login realizado com sucesso', 'authorization': 'Bearer eyJhbGciOiJIUzI1NiIsInR5cCI6IkpXVCJ9.eyJlbWFpbCI6ImZ1bGFub0BxYS5jb20iLCJwYXNzd29yZCI6InRlc3RlIiwiaWF0IjoxNzc1NzQxNTk4LCJleHAiOjE3NzU...</msg>
<var>${login_response_json}</var>
<arg>${login_response.json()}</arg>
<doc>Returns the given values which can then be assigned to a variables.</doc>
<status status="PASS" start="2026-04-09T10:33:00.187460" elapsed="0.000609"/>
</kw>
<kw name="Set Test Variable" owner="BuiltIn">
<msg time="2026-04-09T10:33:00.188766" level="INFO">${TOKEN} = Bearer eyJhbGciOiJIUzI1NiIsInR5cCI6IkpXVCJ9.eyJlbWFpbCI6ImZ1bGFub0BxYS5jb20iLCJwYXNzd29yZCI6InRlc3RlIiwiaWF0IjoxNzc1NzQxNTk4LCJleHAiOjE3NzU3NDIxOTh9.SgrZKXiZ2qk35ehAbEQINzCIoh9Bzf_0AESPUOTXiEA</msg>
<arg>${TOKEN}</arg>
<arg>${login_response_json["authorization"]}</arg>
<doc>Makes a variable available everywhere within the scope of the current test.</doc>
<status status="PASS" start="2026-04-09T10:33:00.188180" elapsed="0.000614"/>
</kw>
<variable name="${TOKEN}" scope="TEST">
<msg time="2026-04-09T10:33:00.189055" level="INFO">${TOKEN} = eyJhbGciOiJIUzI1NiIsInR5cCI6IkpXVCJ9.eyJlbWFpbCI6ImZ1bGFub0BxYS5jb20iLCJwYXNzd29yZCI6InRlc3RlIiwiaWF0IjoxNzc1NzQxNTk4LCJleHAiOjE3NzU3NDIxOTh9.SgrZKXiZ2qk35ehAbEQINzCIoh9Bzf_0AESPUOTXiEA</msg>
<var>${TOKEN.replace("Bearer","").replace(" ","")}</var>
<status status="PASS" start="2026-04-09T10:33:00.188834" elapsed="0.000238"/>
</variable>
<status status="PASS" start="2026-04-09T10:32:59.720246" elapsed="0.468889"/>
</kw>
<kw name="Cancelar uma compra" owner="ServeRest">
<kw name="Create Dictionary" owner="BuiltIn">
<msg time="2026-04-09T10:33:00.189612" level="INFO">&amp;{headers} = { Authorization=Bearer eyJhbGciOiJIUzI1NiIsInR5cCI6IkpXVCJ9.eyJlbWFpbCI6ImZ1bGFub0BxYS5jb20iLCJwYXNzd29yZCI6InRlc3RlIiwiaWF0IjoxNzc1NzQxNTk4LCJleHAiOjE3NzU3NDIxOTh9.SgrZKXiZ2qk35ehAbEQINzCIoh9Bzf_0AES...</msg>
<var>&amp;{headers}</var>
<arg>Authorization=Bearer ${TOKEN}</arg>
<doc>Creates and returns a dictionary based on the given ``items``.</doc>
<status status="PASS" start="2026-04-09T10:33:00.189406" elapsed="0.000223"/>
</kw>
<kw name="DELETE" owner="RequestsLibrary">
<msg time="2026-04-09T10:33:00.603303" level="INFO">DELETE Request : url=https://compassuol.serverest.dev/carrinhos/cancelar-compra 
 path_url=/carrinhos/cancelar-compra 
 headers={'User-Agent': 'python-requests/2.32.5', 'Accept-Encoding': 'gzip, deflate, zstd', 'Accept': '*/*', 'Connection': 'keep-alive', 'Authorization': 'Bearer eyJhbGciOiJIUzI1NiIsInR5cCI6IkpXVCJ9.eyJlbWFpbCI6ImZ1bGFub0BxYS5jb20iLCJwYXNzd29yZCI6InRlc3RlIiwiaWF0IjoxNzc1NzQxNTk4LCJleHAiOjE3NzU3NDIxOTh9.SgrZKXiZ2qk35ehAbEQINzCIoh9Bzf_0AESPUOTXiEA', 'Content-Length': '0'} 
 body=None 
 </msg>
<msg time="2026-04-09T10:33:00.603386" level="INFO">DELETE Response : url=https://compassuol.serverest.dev/carrinhos/cancelar-compra 
 status=200, reason=OK 
 headers={'access-control-allow-origin': '*', 'x-dns-prefetch-control': 'off', 'x-frame-options': 'SAMEORIGIN', 'strict-transport-security': 'max-age=15552000; includeSubDomains', 'x-download-options': 'noopen', 'x-content-type-options': 'nosniff', 'x-xss-protection': '1; mode=block', 'content-type': 'application/json; charset=utf-8', 'x-cloud-trace-context': '878a3144f974e971af3bbf0453132d6c', 'date': 'Thu, 09 Apr 2026 13:33:19 GMT', 'server': 'Google Frontend', 'Content-Length': '68'} 
 body={
    "message": "Não foi encontrado carrinho para esse usuário"
} 
 </msg>
<arg>url=${URL}/${CANCELAR}</arg>
<arg>headers=&amp;{headers}</arg>
<doc>Sends a DELETE request.</doc>
<status status="PASS" start="2026-04-09T10:33:00.189693" elapsed="0.413753"/>
</kw>
<status status="PASS" start="2026-04-09T10:33:00.189244" elapsed="0.414289"/>
</kw>
<status status="PASS" start="2026-04-09T10:32:59.719834" elapsed="0.883738"/>
</kw>
<kw name="Cadastrar Novo Produto" owner="ServeRest">
<kw name="Create Dictionary" owner="BuiltIn">
<msg time="2026-04-09T10:33:00.605126" level="INFO">&amp;{headers} = { Authorization=Bearer eyJhbGciOiJIUzI1NiIsInR5cCI6IkpXVCJ9.eyJlbWFpbCI6ImZ1bGFub0BxYS5jb20iLCJwYXNzd29yZCI6InRlc3RlIiwiaWF0IjoxNzc1NzQxNTk4LCJleHAiOjE3NzU3NDIxOTh9.SgrZKXiZ2qk35ehAbEQINzCIoh9Bzf_0AES...</msg>
<var>&amp;{headers}</var>
<arg>Authorization=Bearer ${TOKEN}</arg>
<arg>Content-Type=application/json</arg>
<doc>Creates and returns a dictionary based on the given ``items``.</doc>
<status status="PASS" start="2026-04-09T10:33:00.604690" elapsed="0.000472"/>
</kw>
<kw name="Word" owner="FakerLibrary">
<msg time="2026-04-09T10:33:00.605471" level="INFO">${nome} = likely</msg>
<var>${nome}</var>
<doc>Generate a word.</doc>
<status status="PASS" start="2026-04-09T10:33:00.605292" elapsed="0.000199"/>
</kw>
<kw name="Create Dictionary" owner="BuiltIn">
<msg time="2026-04-09T10:33:00.605892" level="INFO">${body} = {'nome': 'likely', 'preco': '500', 'descricao': 'eletrônicos', 'quantidade': '100'}</msg>
<var>${body}</var>
<arg>nome=${nome}</arg>
<arg>preco=${preco}</arg>
<arg>descricao=${descricao}</arg>
<arg>quantidade=${quantidade}</arg>
<doc>Creates and returns a dictionary based on the given ``items``.</doc>
<status status="PASS" start="2026-04-09T10:33:00.605596" elapsed="0.000313"/>
</kw>
<kw name="POST" owner="RequestsLibrary">
<msg time="2026-04-09T10:33:01.015254" level="INFO">POST Request : url=https://compassuol.serverest.dev/produtos 
 path_url=/produtos 
 headers={'User-Agent': 'python-requests/2.32.5', 'Accept-Encoding': 'gzip, deflate, zstd', 'Accept': '*/*', 'Connection': 'keep-alive', 'Authorization': 'Bearer eyJhbGciOiJIUzI1NiIsInR5cCI6IkpXVCJ9.eyJlbWFpbCI6ImZ1bGFub0BxYS5jb20iLCJwYXNzd29yZCI6InRlc3RlIiwiaWF0IjoxNzc1NzQxNTk4LCJleHAiOjE3NzU3NDIxOTh9.SgrZKXiZ2qk35ehAbEQINzCIoh9Bzf_0AESPUOTXiEA', 'Content-Type': 'application/json', 'Content-Length': '88'} 
 body=b'{"nome": "likely", "preco": "500", "descricao": "eletr\\u00f4nicos", "quantidade": "100"}' 
 </msg>
<msg time="2026-04-09T10:33:01.015412" level="INFO">POST Response : url=https://compassuol.serverest.dev/produtos 
 status=201, reason=Created 
 headers={'access-control-allow-origin': '*', 'x-dns-prefetch-control': 'off', 'x-frame-options': 'SAMEORIGIN', 'strict-transport-security': 'max-age=15552000; includeSubDomains', 'x-download-options': 'noopen', 'x-content-type-options': 'nosniff', 'x-xss-protection': '1; mode=block', 'content-type': 'application/json; charset=utf-8', 'x-cloud-trace-context': 'f2685d056e8a9e6faf3bbf0453132a01', 'date': 'Thu, 09 Apr 2026 13:33:19 GMT', 'server': 'Google Frontend', 'Content-Length': '82'} 
 body={
    "message": "Cadastro realizado com sucesso",
    "_id": "FVADmfpOmkMsfbWd"
} 
 </msg>
<msg time="2026-04-09T10:33:01.016817" level="INFO">${response} = &lt;Response [201]&gt;</msg>
<var>${response}</var>
<arg>url=${URL}/produtos</arg>
<arg>json=${body}</arg>
<arg>expected_status=201</arg>
<arg>headers=&amp;{headers}</arg>
<doc>Sends a POST request.</doc>
<status status="PASS" start="2026-04-09T10:33:00.606009" elapsed="0.410856"/>
</kw>
<variable name="${ID_PRODUTO}" scope="TEST">
<msg time="2026-04-09T10:33:01.017402" level="INFO">${ID_PRODUTO} = FVADmfpOmkMsfbWd</msg>
<var>${response.json()["_id"]}</var>
<status status="PASS" start="2026-04-09T10:33:01.016963" elapsed="0.000467"/>
</variable>
<variable name="${QUANTIDADE_PRODUTO}" scope="TEST">
<msg time="2026-04-09T10:33:01.017645" level="INFO">${QUANTIDADE_PRODUTO} = 100</msg>
<var>${quantidade}</var>
<status status="PASS" start="2026-04-09T10:33:01.017511" elapsed="0.000167"/>
</variable>
<variable name="${RESPONSE_PRODUTO}" scope="TEST">
<msg time="2026-04-09T10:33:01.017878" level="INFO">${RESPONSE_PRODUTO} = &lt;Response [201]&gt;</msg>
<var>${response}</var>
<status status="PASS" start="2026-04-09T10:33:01.017740" elapsed="0.000165"/>
</variable>
<variable name="${NOME_PRODUTO}" scope="TEST">
<msg time="2026-04-09T10:33:01.018035" level="INFO">${NOME_PRODUTO} = likely</msg>
<var>${nome}</var>
<status status="PASS" start="2026-04-09T10:33:01.017942" elapsed="0.000117"/>
</variable>
<variable name="${PRECO_PRODUTO}" scope="TEST">
<msg time="2026-04-09T10:33:01.018206" level="INFO">${PRECO_PRODUTO} = 500</msg>
<var>${preco}</var>
<status status="PASS" start="2026-04-09T10:33:01.018106" elapsed="0.000124"/>
</variable>
<variable name="${DESCRICAO_PRODUTO}" scope="TEST">
<msg time="2026-04-09T10:33:01.018387" level="INFO">${DESCRICAO_PRODUTO} = eletrônicos</msg>
<var>${descricao}</var>
<status status="PASS" start="2026-04-09T10:33:01.018274" elapsed="0.000130"/>
</variable>
<arg>500</arg>
<arg>eletrônicos</arg>
<arg>100</arg>
<status status="PASS" start="2026-04-09T10:33:00.604181" elapsed="0.414273"/>
</kw>
<kw name="Cadastrar Novo Carrinho Inválido" owner="ServeRest">
<kw name="Create Dictionary" owner="BuiltIn">
<msg time="2026-04-09T10:33:01.019913" level="INFO">&amp;{headers} = { Authorization=Bearer eyJhbGciOiJIUzI1NiIsInR5cCI6IkpXVCJ9.eyJlbWFpbCI6ImZ1bGFub0BxYS5jb20iLCJwYXNzd29yZCI6InRlc3RlIiwiaWF0IjoxNzc1NzQxNTk4LCJleHAiOjE3NzU3NDIxOTh9.SgrZKXiZ2qk35ehAbEQINzCIoh9Bzf_0AES...</msg>
<var>&amp;{headers}</var>
<arg>Authorization=Bearer ${TOKEN}</arg>
<arg>Content-Type=application/json</arg>
<doc>Creates and returns a dictionary based on the given ``items``.</doc>
<status status="PASS" start="2026-04-09T10:33:01.019657" elapsed="0.000275"/>
</kw>
<kw name="Create Dictionary" owner="BuiltIn">
<msg time="2026-04-09T10:33:01.020200" level="INFO">&amp;{produto1} = { idProduto=FVADmfpOmkMsfbWd | quantidade=2 }</msg>
<var>&amp;{produto1}</var>
<arg>idProduto=${idProduto1}</arg>
<arg>quantidade=${quantidade1}</arg>
<doc>Creates and returns a dictionary based on the given ``items``.</doc>
<status status="PASS" start="2026-04-09T10:33:01.020011" elapsed="0.000204"/>
</kw>
<kw name="Create Dictionary" owner="BuiltIn">
<msg time="2026-04-09T10:33:01.020471" level="INFO">&amp;{produto2} = { idProduto=FVADmfpOmkMsfbWd | quantidade=6 }</msg>
<var>&amp;{produto2}</var>
<arg>idProduto=${idProduto2}</arg>
<arg>quantidade=${quantidade2}</arg>
<doc>Creates and returns a dictionary based on the given ``items``.</doc>
<status status="PASS" start="2026-04-09T10:33:01.020284" elapsed="0.000205"/>
</kw>
<kw name="Create List" owner="BuiltIn">
<msg time="2026-04-09T10:33:01.020711" level="INFO">@{produtos} = [ {'idProduto': 'FVADmfpOmkMsfbWd', 'quantidade': '2'} | {'idProduto': 'FVADmfpOmkMsfbWd', 'quantidade': '6'} ]</msg>
<var>@{produtos}</var>
<arg>${produto1}</arg>
<arg>${produto2}</arg>
<doc>Returns a list containing given items.</doc>
<status status="PASS" start="2026-04-09T10:33:01.020555" elapsed="0.000171"/>
</kw>
<kw name="Create Dictionary" owner="BuiltIn">
<msg time="2026-04-09T10:33:01.020953" level="INFO">&amp;{body} = { produtos=[{'idProduto': 'FVADmfpOmkMsfbWd', 'quantidade': '2'}, {'idProduto': 'FVADmfpOmkMsfbWd', 'quantidade': '6'}] }</msg>
<var>&amp;{body}</var>
<arg>produtos=${produtos}</arg>
<doc>Creates and returns a dictionary based on the given ``items``.</doc>
<status status="PASS" start="2026-04-09T10:33:01.020790" elapsed="0.000179"/>
</kw>
<kw name="POST" owner="RequestsLibrary">
<msg time="2026-04-09T10:33:01.430227" level="INFO">POST Request : url=https://compassuol.serverest.dev/carrinhos 
 path_url=/carrinhos 
 headers={'User-Agent': 'python-requests/2.32.5', 'Accept-Encoding': 'gzip, deflate, zstd', 'Accept': '*/*', 'Connection': 'keep-alive', 'Authorization': 'Bearer eyJhbGciOiJIUzI1NiIsInR5cCI6IkpXVCJ9.eyJlbWFpbCI6ImZ1bGFub0BxYS5jb20iLCJwYXNzd29yZCI6InRlc3RlIiwiaWF0IjoxNzc1NzQxNTk4LCJleHAiOjE3NzU3NDIxOTh9.SgrZKXiZ2qk35ehAbEQINzCIoh9Bzf_0AESPUOTXiEA', 'Content-Type': 'application/json', 'Content-Length': '122'} 
 body=b'{"produtos": [{"idProduto": "FVADmfpOmkMsfbWd", "quantidade": "2"}, {"idProduto": "FVADmfpOmkMsfbWd", "quantidade": "6"}]}' 
 </msg>
<msg time="2026-04-09T10:33:01.430349" level="INFO">POST Response : url=https://compassuol.serverest.dev/carrinhos 
 status=400, reason=Bad Request 
 headers={'access-control-allow-origin': '*', 'x-dns-prefetch-control': 'off', 'x-frame-options': 'SAMEORIGIN', 'strict-transport-security': 'max-age=15552000; includeSubDomains', 'x-download-options': 'noopen', 'x-content-type-options': 'nosniff', 'x-xss-protection': '1; mode=block', 'content-type': 'application/json; charset=utf-8', 'x-cloud-trace-context': 'dc5905de3268427aaf3bbf0453132158', 'date': 'Thu, 09 Apr 2026 13:33:19 GMT', 'server': 'Google Frontend', 'Content-Length': '128'} 
 body={
    "message": "Não é permitido possuir produto duplicado",
    "idProdutosDuplicados": [
        "FVADmfpOmkMsfbWd"
    ]
} 
 </msg>
<msg time="2026-04-09T10:33:01.430510" level="INFO">${response} = &lt;Response [400]&gt;</msg>
<var>${response}</var>
<arg>url=${URL}/carrinhos</arg>
<arg>json=&amp;{body}</arg>
<arg>expected_status=400</arg>
<arg>headers=&amp;{headers}</arg>
<doc>Sends a POST request.</doc>
<status status="PASS" start="2026-04-09T10:33:01.021036" elapsed="0.409504"/>
</kw>
<arg>${ID_PRODUTO}</arg>
<arg>2</arg>
<arg>${ID_PRODUTO}</arg>
<arg>6</arg>
<status status="PASS" start="2026-04-09T10:33:01.019299" elapsed="0.411373"/>
</kw>
<doc>Cadastrar um carrinho com o mesmo produto duplicado no array de itens e verificar status 400</doc>
<tag>cart</tag>
<tag>genAI</tag>
<tag>invalid</tag>
<tag>post</tag>
<status status="PASS" start="2026-04-09T10:32:59.719092" elapsed="1.712019"/>
</test>
<test id="s1-t2" name="TC-06 - Cadastrar Carrinho Com Produto De Quantidade Negativa" line="49">
<kw name="Fazer login com &quot;fulano@qa.com&quot; e garantir que não tenha carrinho já criado" owner="ServeRest" type="SETUP">
<kw name="Fazer login com o email &quot;${EMAIL_ADMIN}&quot; e a senha &quot;${SENHA_ADMIN}&quot;" owner="ServeRest" source_name="Fazer login com o email &quot;${EMAIL}&quot; e a senha &quot;${PASSWORD}&quot;">
<kw name="Create Dictionary" owner="BuiltIn">
<msg time="2026-04-09T10:33:01.433506" level="INFO">${body} = {'email': 'fulano@qa.com', 'password': 'teste'}</msg>
<var>${body}</var>
<arg>email=${EMAIL}</arg>
<arg>password=${PASSWORD}</arg>
<doc>Creates and returns a dictionary based on the given ``items``.</doc>
<status status="PASS" start="2026-04-09T10:33:01.433230" elapsed="0.000296"/>
</kw>
<kw name="POST" owner="RequestsLibrary">
<msg time="2026-04-09T10:33:01.857371" level="INFO">POST Request : url=https://compassuol.serverest.dev/login 
 path_url=/login 
 headers={'User-Agent': 'python-requests/2.32.5', 'Accept-Encoding': 'gzip, deflate, zstd', 'Accept': '*/*', 'Connection': 'keep-alive', 'Content-Length': '47', 'Content-Type': 'application/json'} 
 body=b'{"email": "fulano@qa.com", "password": "teste"}' 
 </msg>
<msg time="2026-04-09T10:33:01.857578" level="INFO">POST Response : url=https://compassuol.serverest.dev/login 
 status=200, reason=OK 
 headers={'access-control-allow-origin': '*', 'x-dns-prefetch-control': 'off', 'x-frame-options': 'SAMEORIGIN', 'strict-transport-security': 'max-age=15552000; includeSubDomains', 'x-download-options': 'noopen', 'x-content-type-options': 'nosniff', 'x-xss-protection': '1; mode=block', 'content-type': 'application/json; charset=utf-8', 'x-cloud-trace-context': '7764f097ad1dbed2af3bbf04531323ec', 'date': 'Thu, 09 Apr 2026 13:33:20 GMT', 'server': 'Google Frontend', 'Content-Length': '265'} 
 body={
    "message": "Login realizado com sucesso",
    "authorization": "Bearer eyJhbGciOiJIUzI1NiIsInR5cCI6IkpXVCJ9.eyJlbWFpbCI6ImZ1bGFub0BxYS5jb20iLCJwYXNzd29yZCI6InRlc3RlIiwiaWF0IjoxNzc1NzQxNjAwLCJleHAiOjE3NzU3NDIyMDB9.Vd4K95IE3aNN07fmcXH5tNdKn_8lrawGHvQLxBdwC6Y"
} 
 </msg>
<msg time="2026-04-09T10:33:01.857880" level="INFO">${login_response} = &lt;Response [200]&gt;</msg>
<var>${login_response}</var>
<arg>url=${URL}/login</arg>
<arg>json=${body}</arg>
<arg>expected_status=200</arg>
<doc>Sends a POST request.</doc>
<status status="PASS" start="2026-04-09T10:33:01.433680" elapsed="0.424455"/>
</kw>
<kw name="Set Variable" owner="BuiltIn">
<msg time="2026-04-09T10:33:01.859419" level="INFO">${login_response_json} = {'message': 'Login realizado com sucesso', 'authorization': 'Bearer eyJhbGciOiJIUzI1NiIsInR5cCI6IkpXVCJ9.eyJlbWFpbCI6ImZ1bGFub0BxYS5jb20iLCJwYXNzd29yZCI6InRlc3RlIiwiaWF0IjoxNzc1NzQxNjAwLCJleHAiOjE3NzU...</msg>
<var>${login_response_json}</var>
<arg>${login_response.json()}</arg>
<doc>Returns the given values which can then be assigned to a variables.</doc>
<status status="PASS" start="2026-04-09T10:33:01.858588" elapsed="0.000870"/>
</kw>
<kw name="Set Test Variable" owner="BuiltIn">
<msg time="2026-04-09T10:33:01.860500" level="INFO">${TOKEN} = Bearer eyJhbGciOiJIUzI1NiIsInR5cCI6IkpXVCJ9.eyJlbWFpbCI6ImZ1bGFub0BxYS5jb20iLCJwYXNzd29yZCI6InRlc3RlIiwiaWF0IjoxNzc1NzQxNjAwLCJleHAiOjE3NzU3NDIyMDB9.Vd4K95IE3aNN07fmcXH5tNdKn_8lrawGHvQLxBdwC6Y</msg>
<arg>${TOKEN}</arg>
<arg>${login_response_json["authorization"]}</arg>
<doc>Makes a variable available everywhere within the scope of the current test.</doc>
<status status="PASS" start="2026-04-09T10:33:01.859615" elapsed="0.000935"/>
</kw>
<variable name="${TOKEN}" scope="TEST">
<msg time="2026-04-09T10:33:01.861022" level="INFO">${TOKEN} = eyJhbGciOiJIUzI1NiIsInR5cCI6IkpXVCJ9.eyJlbWFpbCI6ImZ1bGFub0BxYS5jb20iLCJwYXNzd29yZCI6InRlc3RlIiwiaWF0IjoxNzc1NzQxNjAwLCJleHAiOjE3NzU3NDIyMDB9.Vd4K95IE3aNN07fmcXH5tNdKn_8lrawGHvQLxBdwC6Y</msg>
<var>${TOKEN.replace("Bearer","").replace(" ","")}</var>
<status status="PASS" start="2026-04-09T10:33:01.860618" elapsed="0.000431"/>
</variable>
<status status="PASS" start="2026-04-09T10:33:01.432992" elapsed="0.428128"/>
</kw>
<kw name="Cancelar uma compra" owner="ServeRest">
<kw name="Create Dictionary" owner="BuiltIn">
<msg time="2026-04-09T10:33:01.861634" level="INFO">&amp;{headers} = { Authorization=Bearer eyJhbGciOiJIUzI1NiIsInR5cCI6IkpXVCJ9.eyJlbWFpbCI6ImZ1bGFub0BxYS5jb20iLCJwYXNzd29yZCI6InRlc3RlIiwiaWF0IjoxNzc1NzQxNjAwLCJleHAiOjE3NzU3NDIyMDB9.Vd4K95IE3aNN07fmcXH5tNdKn_8lrawGHvQ...</msg>
<var>&amp;{headers}</var>
<arg>Authorization=Bearer ${TOKEN}</arg>
<doc>Creates and returns a dictionary based on the given ``items``.</doc>
<status status="PASS" start="2026-04-09T10:33:01.861438" elapsed="0.000213"/>
</kw>
<kw name="DELETE" owner="RequestsLibrary">
<msg time="2026-04-09T10:33:02.286051" level="INFO">DELETE Request : url=https://compassuol.serverest.dev/carrinhos/cancelar-compra 
 path_url=/carrinhos/cancelar-compra 
 headers={'User-Agent': 'python-requests/2.32.5', 'Accept-Encoding': 'gzip, deflate, zstd', 'Accept': '*/*', 'Connection': 'keep-alive', 'Authorization': 'Bearer eyJhbGciOiJIUzI1NiIsInR5cCI6IkpXVCJ9.eyJlbWFpbCI6ImZ1bGFub0BxYS5jb20iLCJwYXNzd29yZCI6InRlc3RlIiwiaWF0IjoxNzc1NzQxNjAwLCJleHAiOjE3NzU3NDIyMDB9.Vd4K95IE3aNN07fmcXH5tNdKn_8lrawGHvQLxBdwC6Y', 'Content-Length': '0'} 
 body=None 
 </msg>
<msg time="2026-04-09T10:33:02.286217" level="INFO">DELETE Response : url=https://compassuol.serverest.dev/carrinhos/cancelar-compra 
 status=200, reason=OK 
 headers={'access-control-allow-origin': '*', 'x-dns-prefetch-control': 'off', 'x-frame-options': 'SAMEORIGIN', 'strict-transport-security': 'max-age=15552000; includeSubDomains', 'x-download-options': 'noopen', 'x-content-type-options': 'nosniff', 'x-xss-protection': '1; mode=block', 'content-type': 'application/json; charset=utf-8', 'x-cloud-trace-context': '3e35af50c771450eaf3bbf0453132df0', 'date': 'Thu, 09 Apr 2026 13:33:20 GMT', 'server': 'Google Frontend', 'Content-Length': '68'} 
 body={
    "message": "Não foi encontrado carrinho para esse usuário"
} 
 </msg>
<arg>url=${URL}/${CANCELAR}</arg>
<arg>headers=&amp;{headers}</arg>
<doc>Sends a DELETE request.</doc>
<status status="PASS" start="2026-04-09T10:33:01.861717" elapsed="0.424591"/>
</kw>
<status status="PASS" start="2026-04-09T10:33:01.861252" elapsed="0.425133"/>
</kw>
<status status="PASS" start="2026-04-09T10:33:01.432504" elapsed="0.853915"/>
</kw>
<kw name="Cadastrar Novo Produto" owner="ServeRest">
<kw name="Create Dictionary" owner="BuiltIn">
<msg time="2026-04-09T10:33:02.287391" level="INFO">&amp;{headers} = { Authorization=Bearer eyJhbGciOiJIUzI1NiIsInR5cCI6IkpXVCJ9.eyJlbWFpbCI6ImZ1bGFub0BxYS5jb20iLCJwYXNzd29yZCI6InRlc3RlIiwiaWF0IjoxNzc1NzQxNjAwLCJleHAiOjE3NzU3NDIyMDB9.Vd4K95IE3aNN07fmcXH5tNdKn_8lrawGHvQ...</msg>
<var>&amp;{headers}</var>
<arg>Authorization=Bearer ${TOKEN}</arg>
<arg>Content-Type=application/json</arg>
<doc>Creates and returns a dictionary based on the given ``items``.</doc>
<status status="PASS" start="2026-04-09T10:33:02.287123" elapsed="0.000287"/>
</kw>
<kw name="Word" owner="FakerLibrary">
<msg time="2026-04-09T10:33:02.287651" level="INFO">${nome} = expect</msg>
<var>${nome}</var>
<doc>Generate a word.</doc>
<status status="PASS" start="2026-04-09T10:33:02.287516" elapsed="0.000152"/>
</kw>
<kw name="Create Dictionary" owner="BuiltIn">
<msg time="2026-04-09T10:33:02.287980" level="INFO">${body} = {'nome': 'expect', 'preco': '500', 'descricao': 'eletrônicos', 'quantidade': '100'}</msg>
<var>${body}</var>
<arg>nome=${nome}</arg>
<arg>preco=${preco}</arg>
<arg>descricao=${descricao}</arg>
<arg>quantidade=${quantidade}</arg>
<doc>Creates and returns a dictionary based on the given ``items``.</doc>
<status status="PASS" start="2026-04-09T10:33:02.287742" elapsed="0.000254"/>
</kw>
<kw name="POST" owner="RequestsLibrary">
<msg time="2026-04-09T10:33:02.708607" level="INFO">POST Request : url=https://compassuol.serverest.dev/produtos 
 path_url=/produtos 
 headers={'User-Agent': 'python-requests/2.32.5', 'Accept-Encoding': 'gzip, deflate, zstd', 'Accept': '*/*', 'Connection': 'keep-alive', 'Authorization': 'Bearer eyJhbGciOiJIUzI1NiIsInR5cCI6IkpXVCJ9.eyJlbWFpbCI6ImZ1bGFub0BxYS5jb20iLCJwYXNzd29yZCI6InRlc3RlIiwiaWF0IjoxNzc1NzQxNjAwLCJleHAiOjE3NzU3NDIyMDB9.Vd4K95IE3aNN07fmcXH5tNdKn_8lrawGHvQLxBdwC6Y', 'Content-Type': 'application/json', 'Content-Length': '88'} 
 body=b'{"nome": "expect", "preco": "500", "descricao": "eletr\\u00f4nicos", "quantidade": "100"}' 
 </msg>
<msg time="2026-04-09T10:33:02.708768" level="INFO">POST Response : url=https://compassuol.serverest.dev/produtos 
 status=201, reason=Created 
 headers={'access-control-allow-origin': '*', 'x-dns-prefetch-control': 'off', 'x-frame-options': 'SAMEORIGIN', 'strict-transport-security': 'max-age=15552000; includeSubDomains', 'x-download-options': 'noopen', 'x-content-type-options': 'nosniff', 'x-xss-protection': '1; mode=block', 'content-type': 'application/json; charset=utf-8', 'x-cloud-trace-context': 'ba7f736a1fe16cadaf3bbf0453132659', 'date': 'Thu, 09 Apr 2026 13:33:21 GMT', 'server': 'Google Frontend', 'Content-Length': '82'} 
 body={
    "message": "Cadastro realizado com sucesso",
    "_id": "q5Tp1TRFDzd0lr09"
} 
 </msg>
<msg time="2026-04-09T10:33:02.709871" level="INFO">${response} = &lt;Response [201]&gt;</msg>
<var>${response}</var>
<arg>url=${URL}/produtos</arg>
<arg>json=${body}</arg>
<arg>expected_status=201</arg>
<arg>headers=&amp;{headers}</arg>
<doc>Sends a POST request.</doc>
<status status="PASS" start="2026-04-09T10:33:02.288071" elapsed="0.421830"/>
</kw>
<variable name="${ID_PRODUTO}" scope="TEST">
<msg time="2026-04-09T10:33:02.710381" level="INFO">${ID_PRODUTO} = q5Tp1TRFDzd0lr09</msg>
<var>${response.json()["_id"]}</var>
<status status="PASS" start="2026-04-09T10:33:02.709988" elapsed="0.000422"/>
</variable>
<variable name="${QUANTIDADE_PRODUTO}" scope="TEST">
<msg time="2026-04-09T10:33:02.710585" level="INFO">${QUANTIDADE_PRODUTO} = 100</msg>
<var>${quantidade}</var>
<status status="PASS" start="2026-04-09T10:33:02.710475" elapsed="0.000136"/>
</variable>
<variable name="${RESPONSE_PRODUTO}" scope="TEST">
<msg time="2026-04-09T10:33:02.710757" level="INFO">${RESPONSE_PRODUTO} = &lt;Response [201]&gt;</msg>
<var>${response}</var>
<status status="PASS" start="2026-04-09T10:33:02.710664" elapsed="0.000116"/>
</variable>
<variable name="${NOME_PRODUTO}" scope="TEST">
<msg time="2026-04-09T10:33:02.710908" level="INFO">${NOME_PRODUTO} = expect</msg>
<var>${nome}</var>
<status status="PASS" start="2026-04-09T10:33:02.710823" elapsed="0.000104"/>
</variable>
<variable name="${PRECO_PRODUTO}" scope="TEST">
<msg time="2026-04-09T10:33:02.711050" level="INFO">${PRECO_PRODUTO} = 500</msg>
<var>${preco}</var>
<status status="PASS" start="2026-04-09T10:33:02.710968" elapsed="0.000103"/>
</variable>
<variable name="${DESCRICAO_PRODUTO}" scope="TEST">
<msg time="2026-04-09T10:33:02.711159" level="INFO">${DESCRICAO_PRODUTO} = eletrônicos</msg>
<var>${descricao}</var>
<status status="PASS" start="2026-04-09T10:33:02.711106" elapsed="0.000067"/>
</variable>
<arg>500</arg>
<arg>eletrônicos</arg>
<arg>100</arg>
<status status="PASS" start="2026-04-09T10:33:02.286867" elapsed="0.424349"/>
</kw>
<kw name="Cadastrar Novo Carrinho Inválido" owner="ServeRest">
<kw name="Create Dictionary" owner="BuiltIn">
<msg time="2026-04-09T10:33:02.712382" level="INFO">&amp;{headers} = { Authorization=Bearer eyJhbGciOiJIUzI1NiIsInR5cCI6IkpXVCJ9.eyJlbWFpbCI6ImZ1bGFub0BxYS5jb20iLCJwYXNzd29yZCI6InRlc3RlIiwiaWF0IjoxNzc1NzQxNjAwLCJleHAiOjE3NzU3NDIyMDB9.Vd4K95IE3aNN07fmcXH5tNdKn_8lrawGHvQ...</msg>
<var>&amp;{headers}</var>
<arg>Authorization=Bearer ${TOKEN}</arg>
<arg>Content-Type=application/json</arg>
<doc>Creates and returns a dictionary based on the given ``items``.</doc>
<status status="PASS" start="2026-04-09T10:33:02.712089" elapsed="0.000316"/>
</kw>
<kw name="Create Dictionary" owner="BuiltIn">
<msg time="2026-04-09T10:33:02.712719" level="INFO">&amp;{produto1} = { idProduto=BeeJh5lz3k6kSIzA | quantidade=-2 }</msg>
<var>&amp;{produto1}</var>
<arg>idProduto=${idProduto1}</arg>
<arg>quantidade=${quantidade1}</arg>
<doc>Creates and returns a dictionary based on the given ``items``.</doc>
<status status="PASS" start="2026-04-09T10:33:02.712511" elapsed="0.000224"/>
</kw>
<kw name="Create Dictionary" owner="BuiltIn">
<msg time="2026-04-09T10:33:02.713009" level="INFO">&amp;{produto2} = { idProduto=q5Tp1TRFDzd0lr09 | quantidade=6 }</msg>
<var>&amp;{produto2}</var>
<arg>idProduto=${idProduto2}</arg>
<arg>quantidade=${quantidade2}</arg>
<doc>Creates and returns a dictionary based on the given ``items``.</doc>
<status status="PASS" start="2026-04-09T10:33:02.712808" elapsed="0.000217"/>
</kw>
<kw name="Create List" owner="BuiltIn">
<msg time="2026-04-09T10:33:02.713270" level="INFO">@{produtos} = [ {'idProduto': 'BeeJh5lz3k6kSIzA', 'quantidade': '-2'} | {'idProduto': 'q5Tp1TRFDzd0lr09', 'quantidade': '6'} ]</msg>
<var>@{produtos}</var>
<arg>${produto1}</arg>
<arg>${produto2}</arg>
<doc>Returns a list containing given items.</doc>
<status status="PASS" start="2026-04-09T10:33:02.713098" elapsed="0.000187"/>
</kw>
<kw name="Create Dictionary" owner="BuiltIn">
<msg time="2026-04-09T10:33:02.713540" level="INFO">&amp;{body} = { produtos=[{'idProduto': 'BeeJh5lz3k6kSIzA', 'quantidade': '-2'}, {'idProduto': 'q5Tp1TRFDzd0lr09', 'quantidade': '6'}] }</msg>
<var>&amp;{body}</var>
<arg>produtos=${produtos}</arg>
<doc>Creates and returns a dictionary based on the given ``items``.</doc>
<status status="PASS" start="2026-04-09T10:33:02.713355" elapsed="0.000202"/>
</kw>
<kw name="POST" owner="RequestsLibrary">
<msg time="2026-04-09T10:33:03.129890" level="INFO">POST Request : url=https://compassuol.serverest.dev/carrinhos 
 path_url=/carrinhos 
 headers={'User-Agent': 'python-requests/2.32.5', 'Accept-Encoding': 'gzip, deflate, zstd', 'Accept': '*/*', 'Connection': 'keep-alive', 'Authorization': 'Bearer eyJhbGciOiJIUzI1NiIsInR5cCI6IkpXVCJ9.eyJlbWFpbCI6ImZ1bGFub0BxYS5jb20iLCJwYXNzd29yZCI6InRlc3RlIiwiaWF0IjoxNzc1NzQxNjAwLCJleHAiOjE3NzU3NDIyMDB9.Vd4K95IE3aNN07fmcXH5tNdKn_8lrawGHvQLxBdwC6Y', 'Content-Type': 'application/json', 'Content-Length': '123'} 
 body=b'{"produtos": [{"idProduto": "BeeJh5lz3k6kSIzA", "quantidade": "-2"}, {"idProduto": "q5Tp1TRFDzd0lr09", "quantidade": "6"}]}' 
 </msg>
<msg time="2026-04-09T10:33:03.129971" level="INFO">POST Response : url=https://compassuol.serverest.dev/carrinhos 
 status=400, reason=Bad Request 
 headers={'access-control-allow-origin': '*', 'x-dns-prefetch-control': 'off', 'x-frame-options': 'SAMEORIGIN', 'strict-transport-security': 'max-age=15552000; includeSubDomains', 'x-download-options': 'noopen', 'x-content-type-options': 'nosniff', 'x-xss-protection': '1; mode=block', 'content-type': 'application/json; charset=utf-8', 'x-cloud-trace-context': '1089aa6ad7d767bfaf3bbf045313230a', 'date': 'Thu, 09 Apr 2026 13:33:21 GMT', 'server': 'Google Frontend', 'Content-Length': '87'} 
 body={
    "produtos[0].quantidade": "produtos[0].quantidade deve ser um número positivo"
} 
 </msg>
<msg time="2026-04-09T10:33:03.130074" level="INFO">${response} = &lt;Response [400]&gt;</msg>
<var>${response}</var>
<arg>url=${URL}/carrinhos</arg>
<arg>json=&amp;{body}</arg>
<arg>expected_status=400</arg>
<arg>headers=&amp;{headers}</arg>
<doc>Sends a POST request.</doc>
<status status="PASS" start="2026-04-09T10:33:02.713621" elapsed="0.416470"/>
</kw>
<arg>BeeJh5lz3k6kSIzA</arg>
<arg>-2</arg>
<arg>${ID_PRODUTO}</arg>
<arg>6</arg>
<status status="PASS" start="2026-04-09T10:33:02.711666" elapsed="0.418504"/>
</kw>
<doc>Cadastrar um carrinho com um produto de quantidade negativa e verificar status 400</doc>
<tag>cart</tag>
<tag>genAI</tag>
<tag>invalid</tag>
<tag>post</tag>
<status status="PASS" start="2026-04-09T10:33:01.431753" elapsed="1.698657"/>
</test>
<doc>Essa suíte testa o endpoint /carrinhos da aplicação ServeRest</doc>
<status status="PASS" start="2026-04-09T10:32:59.382575" elapsed="3.748285"/>
</suite>
<statistics>
<total>
<stat pass="2" fail="0" skip="0">All Tests</stat>
</total>
<tag>
<stat pass="2" fail="0" skip="0">cart</stat>
<stat pass="2" fail="0" skip="0">genAI</stat>
<stat pass="2" fail="0" skip="0">invalid</stat>
<stat pass="2" fail="0" skip="0">post</stat>
</tag>
<suite>
<stat name="Carrinho" id="s1" pass="2" fail="0" skip="0">Carrinho</stat>
</suite>
</statistics>
<errors>
</errors>
</robot>
