<?xml version="1.0" encoding="UTF-8"?>
<robot generator="Robot 7.4.2 (Python 3.14.3 on win32)" generated="2026-03-19T10:31:12.753628" rpa="false" schemaversion="5">
<suite id="s1" name="Login" source="C:\Users\JuanCastroMendoncaDe\Documents\Fase 2\Challenge - RobotFramework\Challenge---RobotFramework\tests\login.robot">
<test id="s1-t1" name="Tl-01 - Login válido" line="6">
<kw name="Fazer login com o email &quot;fulano@qa.com&quot; e a senha &quot;teste&quot;" owner="ServeRest" source_name="Fazer login com o email &quot;${EMAIL}&quot; e a senha &quot;${PASSWORD}&quot;">
<kw name="Create Dictionary" owner="BuiltIn">
<msg time="2026-03-19T10:31:12.936854" level="INFO">${body} = {'email': 'fulano@qa.com', 'password': 'teste'}</msg>
<var>${body}</var>
<arg>email=${EMAIL}</arg>
<arg>password=${PASSWORD}</arg>
<doc>Creates and returns a dictionary based on the given ``items``.</doc>
<status status="PASS" start="2026-03-19T10:31:12.936442" elapsed="0.000440"/>
</kw>
<kw name="Log" owner="BuiltIn">
<msg time="2026-03-19T10:31:12.937135" level="INFO">{'email': 'fulano@qa.com', 'password': 'teste'}</msg>
<arg>${body}</arg>
<doc>Logs the given message with the given level.</doc>
<status status="PASS" start="2026-03-19T10:31:12.936987" elapsed="0.000180"/>
</kw>
<kw name="POST" owner="RequestsLibrary">
<msg time="2026-03-19T10:31:14.626931" level="INFO">POST Request : url=https://compassuol.serverest.dev/login 
 path_url=/login 
 headers={'User-Agent': 'python-requests/2.32.5', 'Accept-Encoding': 'gzip, deflate, zstd', 'Accept': '*/*', 'Connection': 'keep-alive', 'Content-Length': '47', 'Content-Type': 'application/json'} 
 body=b'{"email": "fulano@qa.com", "password": "teste"}' 
 </msg>
<msg time="2026-03-19T10:31:14.627196" level="INFO">POST Response : url=https://compassuol.serverest.dev/login 
 status=200, reason=OK 
 headers={'access-control-allow-origin': '*', 'x-dns-prefetch-control': 'off', 'x-frame-options': 'SAMEORIGIN', 'strict-transport-security': 'max-age=15552000; includeSubDomains', 'x-download-options': 'noopen', 'x-content-type-options': 'nosniff', 'x-xss-protection': '1; mode=block', 'content-type': 'application/json; charset=utf-8', 'x-cloud-trace-context': 'd52e1c0bed5b8f07be938bb7ea7dfb07;o=1', 'date': 'Thu, 19 Mar 2026 13:31:25 GMT', 'server': 'Google Frontend', 'Content-Length': '265'} 
 body={
    "message": "Login realizado com sucesso",
    "authorization": "Bearer eyJhbGciOiJIUzI1NiIsInR5cCI6IkpXVCJ9.eyJlbWFpbCI6ImZ1bGFub0BxYS5jb20iLCJwYXNzd29yZCI6InRlc3RlIiwiaWF0IjoxNzczOTI3MDg1LCJleHAiOjE3NzM5Mjc2ODV9.Vy7Vh9FUBM1dcGDDwVSjdIWC1IYQeTK_3QhqCBDzQzU"
} 
 </msg>
<msg time="2026-03-19T10:31:14.627489" level="INFO">${login_response} = &lt;Response [200]&gt;</msg>
<var>${login_response}</var>
<arg>url=${URL}/login</arg>
<arg>json=${body}</arg>
<arg>expected_status=200</arg>
<doc>Sends a POST request.</doc>
<status status="PASS" start="2026-03-19T10:31:12.937237" elapsed="1.690316"/>
</kw>
<kw name="Set Variable" owner="BuiltIn">
<msg time="2026-03-19T10:31:14.629378" level="INFO">${login_response_json} = {'message': 'Login realizado com sucesso', 'authorization': 'Bearer eyJhbGciOiJIUzI1NiIsInR5cCI6IkpXVCJ9.eyJlbWFpbCI6ImZ1bGFub0BxYS5jb20iLCJwYXNzd29yZCI6InRlc3RlIiwiaWF0IjoxNzczOTI3MDg1LCJleHAiOjE3NzM...</msg>
<var>${login_response_json}</var>
<arg>${login_response.json()}</arg>
<doc>Returns the given values which can then be assigned to a variables.</doc>
<status status="PASS" start="2026-03-19T10:31:14.627919" elapsed="0.001525"/>
</kw>
<kw name="Log To Console" owner="BuiltIn">
<arg>${login_response_json}</arg>
<doc>Logs the given message to the console.</doc>
<status status="PASS" start="2026-03-19T10:31:14.629695" elapsed="0.000931"/>
</kw>
<kw name="Set Test Variable" owner="BuiltIn">
<msg time="2026-03-19T10:31:14.633228" level="INFO">${TOKEN} = Bearer eyJhbGciOiJIUzI1NiIsInR5cCI6IkpXVCJ9.eyJlbWFpbCI6ImZ1bGFub0BxYS5jb20iLCJwYXNzd29yZCI6InRlc3RlIiwiaWF0IjoxNzczOTI3MDg1LCJleHAiOjE3NzM5Mjc2ODV9.Vy7Vh9FUBM1dcGDDwVSjdIWC1IYQeTK_3QhqCBDzQzU</msg>
<arg>${TOKEN}</arg>
<arg>${login_response_json["authorization"]}</arg>
<doc>Makes a variable available everywhere within the scope of the current test.</doc>
<status status="PASS" start="2026-03-19T10:31:14.630969" elapsed="0.002365"/>
</kw>
<variable name="${TOKEN}" scope="TEST">
<msg time="2026-03-19T10:31:14.634202" level="INFO">${TOKEN} = eyJhbGciOiJIUzI1NiIsInR5cCI6IkpXVCJ9.eyJlbWFpbCI6ImZ1bGFub0BxYS5jb20iLCJwYXNzd29yZCI6InRlc3RlIiwiaWF0IjoxNzczOTI3MDg1LCJleHAiOjE3NzM5Mjc2ODV9.Vy7Vh9FUBM1dcGDDwVSjdIWC1IYQeTK_3QhqCBDzQzU</msg>
<var>${TOKEN.replace("Bearer","").replace(" ","")}</var>
<status status="PASS" start="2026-03-19T10:31:14.633484" elapsed="0.000776"/>
</variable>
<kw name="Log" owner="BuiltIn">
<msg time="2026-03-19T10:31:14.634962" level="INFO">eyJhbGciOiJIUzI1NiIsInR5cCI6IkpXVCJ9.eyJlbWFpbCI6ImZ1bGFub0BxYS5jb20iLCJwYXNzd29yZCI6InRlc3RlIiwiaWF0IjoxNzczOTI3MDg1LCJleHAiOjE3NzM5Mjc2ODV9.Vy7Vh9FUBM1dcGDDwVSjdIWC1IYQeTK_3QhqCBDzQzU</msg>
<arg>${TOKEN}</arg>
<doc>Logs the given message with the given level.</doc>
<status status="PASS" start="2026-03-19T10:31:14.634522" elapsed="0.000532"/>
</kw>
<status status="PASS" start="2026-03-19T10:31:12.935475" elapsed="1.699722"/>
</kw>
<doc>Realizar login com dados válidos e usuário cadastrado</doc>
<tag>login</tag>
<tag>valid</tag>
<status status="PASS" start="2026-03-19T10:31:12.933379" elapsed="1.702892"/>
</test>
<test id="s1-t2" name="Tl-02 - Login com dados inválidos" line="11">
<kw name="Fazer login inválido com o email &quot;teste.&quot; e a senha &quot;&quot;" owner="ServeRest" source_name="Fazer login inválido com o email &quot;${EMAIL}&quot; e a senha &quot;${PASSWORD}&quot;">
<kw name="Create Dictionary" owner="BuiltIn">
<msg time="2026-03-19T10:31:14.641032" level="INFO">${body} = {'email': 'teste.', 'password': ''}</msg>
<var>${body}</var>
<arg>email=${EMAIL}</arg>
<arg>password=${PASSWORD}</arg>
<doc>Creates and returns a dictionary based on the given ``items``.</doc>
<status status="PASS" start="2026-03-19T10:31:14.640254" elapsed="0.000842"/>
</kw>
<kw name="Log" owner="BuiltIn">
<msg time="2026-03-19T10:31:14.641838" level="INFO">{'email': 'teste.', 'password': ''}</msg>
<arg>${body}</arg>
<doc>Logs the given message with the given level.</doc>
<status status="PASS" start="2026-03-19T10:31:14.641355" elapsed="0.000575"/>
</kw>
<kw name="POST" owner="RequestsLibrary">
<msg time="2026-03-19T10:31:15.155011" level="INFO">POST Request : url=https://compassuol.serverest.dev/login 
 path_url=/login 
 headers={'User-Agent': 'python-requests/2.32.5', 'Accept-Encoding': 'gzip, deflate, zstd', 'Accept': '*/*', 'Connection': 'keep-alive', 'Content-Length': '35', 'Content-Type': 'application/json'} 
 body=b'{"email": "teste.", "password": ""}' 
 </msg>
<msg time="2026-03-19T10:31:15.155230" level="INFO">POST Response : url=https://compassuol.serverest.dev/login 
 status=400, reason=Bad Request 
 headers={'access-control-allow-origin': '*', 'x-dns-prefetch-control': 'off', 'x-frame-options': 'SAMEORIGIN', 'strict-transport-security': 'max-age=15552000; includeSubDomains', 'x-download-options': 'noopen', 'x-content-type-options': 'nosniff', 'x-xss-protection': '1; mode=block', 'content-type': 'application/json; charset=utf-8', 'x-cloud-trace-context': '99afc6bd263826fabe938bb7ea7dfc5f', 'date': 'Thu, 19 Mar 2026 13:31:26 GMT', 'server': 'Google Frontend', 'Content-Length': '104'} 
 body={
    "email": "email deve ser um email válido",
    "password": "password não pode ficar em branco"
} 
 </msg>
<msg time="2026-03-19T10:31:15.155558" level="INFO">${login_response} = &lt;Response [400]&gt;</msg>
<var>${login_response}</var>
<arg>url=${URL}/login</arg>
<arg>json=${body}</arg>
<arg>expected_status=${status_esperado}</arg>
<doc>Sends a POST request.</doc>
<status status="PASS" start="2026-03-19T10:31:14.642148" elapsed="0.513470"/>
</kw>
<arg>400</arg>
<status status="PASS" start="2026-03-19T10:31:14.639463" elapsed="0.516372"/>
</kw>
<doc>Realizar login com dados inválidos</doc>
<tag>invalid</tag>
<tag>login</tag>
<status status="PASS" start="2026-03-19T10:31:14.637919" elapsed="0.519035"/>
</test>
<test id="s1-t3" name="Tl-03 - Login com usuário não cadastrado" line="16">
<kw name="Fazer login inválido com o email &quot;testesemuser@email.com&quot; e a senha &quot;123456&quot;" owner="ServeRest" source_name="Fazer login inválido com o email &quot;${EMAIL}&quot; e a senha &quot;${PASSWORD}&quot;">
<kw name="Create Dictionary" owner="BuiltIn">
<msg time="2026-03-19T10:31:15.163086" level="INFO">${body} = {'email': 'testesemuser@email.com', 'password': '123456'}</msg>
<var>${body}</var>
<arg>email=${EMAIL}</arg>
<arg>password=${PASSWORD}</arg>
<doc>Creates and returns a dictionary based on the given ``items``.</doc>
<status status="PASS" start="2026-03-19T10:31:15.161976" elapsed="0.001184"/>
</kw>
<kw name="Log" owner="BuiltIn">
<msg time="2026-03-19T10:31:15.163976" level="INFO">{'email': 'testesemuser@email.com', 'password': '123456'}</msg>
<arg>${body}</arg>
<doc>Logs the given message with the given level.</doc>
<status status="PASS" start="2026-03-19T10:31:15.163441" elapsed="0.000679"/>
</kw>
<kw name="POST" owner="RequestsLibrary">
<msg time="2026-03-19T10:31:15.656922" level="INFO">POST Request : url=https://compassuol.serverest.dev/login 
 path_url=/login 
 headers={'User-Agent': 'python-requests/2.32.5', 'Accept-Encoding': 'gzip, deflate, zstd', 'Accept': '*/*', 'Connection': 'keep-alive', 'Content-Length': '57', 'Content-Type': 'application/json'} 
 body=b'{"email": "testesemuser@email.com", "password": "123456"}' 
 </msg>
<msg time="2026-03-19T10:31:15.657159" level="INFO">POST Response : url=https://compassuol.serverest.dev/login 
 status=401, reason=Unauthorized 
 headers={'access-control-allow-origin': '*', 'x-dns-prefetch-control': 'off', 'x-frame-options': 'SAMEORIGIN', 'strict-transport-security': 'max-age=15552000; includeSubDomains', 'x-download-options': 'noopen', 'x-content-type-options': 'nosniff', 'x-xss-protection': '1; mode=block', 'content-type': 'application/json; charset=utf-8', 'x-cloud-trace-context': '1c9cdf2b822c8779be938bb7ea7dfb4b', 'date': 'Thu, 19 Mar 2026 13:31:26 GMT', 'server': 'Google Frontend', 'Content-Length': '48'} 
 body={
    "message": "Email e/ou senha inválidos"
} 
 </msg>
<msg time="2026-03-19T10:31:15.657466" level="INFO">${login_response} = &lt;Response [401]&gt;</msg>
<var>${login_response}</var>
<arg>url=${URL}/login</arg>
<arg>json=${body}</arg>
<arg>expected_status=${status_esperado}</arg>
<doc>Sends a POST request.</doc>
<status status="PASS" start="2026-03-19T10:31:15.164393" elapsed="0.493172"/>
</kw>
<arg>401</arg>
<status status="PASS" start="2026-03-19T10:31:15.160689" elapsed="0.497113"/>
</kw>
<doc>Realizar login com dados inválidos</doc>
<tag>invalid</tag>
<tag>login</tag>
<status status="PASS" start="2026-03-19T10:31:15.159336" elapsed="0.499023"/>
</test>
<test id="s1-t4" name="Tl-04 - Login com senha incorreta" line="21">
<kw name="Fazer login inválido com o email &quot;fulano@qa.com&quot; e a senha &quot;123456&quot;" owner="ServeRest" source_name="Fazer login inválido com o email &quot;${EMAIL}&quot; e a senha &quot;${PASSWORD}&quot;">
<kw name="Create Dictionary" owner="BuiltIn">
<msg time="2026-03-19T10:31:15.663603" level="INFO">${body} = {'email': 'fulano@qa.com', 'password': '123456'}</msg>
<var>${body}</var>
<arg>email=${EMAIL}</arg>
<arg>password=${PASSWORD}</arg>
<doc>Creates and returns a dictionary based on the given ``items``.</doc>
<status status="PASS" start="2026-03-19T10:31:15.662775" elapsed="0.000896"/>
</kw>
<kw name="Log" owner="BuiltIn">
<msg time="2026-03-19T10:31:15.664333" level="INFO">{'email': 'fulano@qa.com', 'password': '123456'}</msg>
<arg>${body}</arg>
<doc>Logs the given message with the given level.</doc>
<status status="PASS" start="2026-03-19T10:31:15.663925" elapsed="0.000561"/>
</kw>
<kw name="POST" owner="RequestsLibrary">
<msg time="2026-03-19T10:31:16.154001" level="INFO">POST Request : url=https://compassuol.serverest.dev/login 
 path_url=/login 
 headers={'User-Agent': 'python-requests/2.32.5', 'Accept-Encoding': 'gzip, deflate, zstd', 'Accept': '*/*', 'Connection': 'keep-alive', 'Content-Length': '48', 'Content-Type': 'application/json'} 
 body=b'{"email": "fulano@qa.com", "password": "123456"}' 
 </msg>
<msg time="2026-03-19T10:31:16.154208" level="INFO">POST Response : url=https://compassuol.serverest.dev/login 
 status=401, reason=Unauthorized 
 headers={'access-control-allow-origin': '*', 'x-dns-prefetch-control': 'off', 'x-frame-options': 'SAMEORIGIN', 'strict-transport-security': 'max-age=15552000; includeSubDomains', 'x-download-options': 'noopen', 'x-content-type-options': 'nosniff', 'x-xss-protection': '1; mode=block', 'content-type': 'application/json; charset=utf-8', 'x-cloud-trace-context': 'ab04b51475fd8ca1be938bb7ea7df699', 'date': 'Thu, 19 Mar 2026 13:31:27 GMT', 'server': 'Google Frontend', 'Content-Length': '48'} 
 body={
    "message": "Email e/ou senha inválidos"
} 
 </msg>
<msg time="2026-03-19T10:31:16.154535" level="INFO">${login_response} = &lt;Response [401]&gt;</msg>
<var>${login_response}</var>
<arg>url=${URL}/login</arg>
<arg>json=${body}</arg>
<arg>expected_status=${status_esperado}</arg>
<doc>Sends a POST request.</doc>
<status status="PASS" start="2026-03-19T10:31:15.664692" elapsed="0.489905"/>
</kw>
<arg>401</arg>
<status status="PASS" start="2026-03-19T10:31:15.662026" elapsed="0.492771"/>
</kw>
<doc>Realizar login com dados inválidos</doc>
<tag>invalid</tag>
<tag>login</tag>
<status status="PASS" start="2026-03-19T10:31:15.660520" elapsed="0.495032"/>
</test>
<doc>Essa suíte testa o endpoint /login da aplicação ServeRest</doc>
<status status="PASS" start="2026-03-19T10:31:12.755455" elapsed="3.401552"/>
</suite>
<statistics>
<total>
<stat pass="4" fail="0" skip="0">All Tests</stat>
</total>
<tag>
<stat pass="3" fail="0" skip="0">invalid</stat>
<stat pass="4" fail="0" skip="0">login</stat>
<stat pass="1" fail="0" skip="0">valid</stat>
</tag>
<suite>
<stat name="Login" id="s1" pass="4" fail="0" skip="0">Login</stat>
</suite>
</statistics>
<errors>
</errors>
</robot>
